ケース番号=No.010;実施開始時間=2021-10-20 22:37:16.138;実施終了時間=2021-10-20 22:37:17.008;実施結果=OK.
======以下はアクション毎の確認ログ。======
【実行結果=OK】【操作(DB準備)】【テーブル：idempotent_requests,DB状態：1】:開始時間=2021-10-20 22:37:16.139;終了時間=2021-10-20 22:37:16.167
【実行結果=OK】【操作(DB準備)】【テーブル：c_process_parameter,DB状態：1】:開始時間=2021-10-20 22:37:16.167;終了時間=2021-10-20 22:37:16.268
【実行結果=OK】【操作(DB準備)】【テーブル：c_email_function,DB状態：1】:開始時間=2021-10-20 22:37:16.268;終了時間=2021-10-20 22:37:16.341
【実行結果=OK】【操作(DB準備)】【テーブル：c_email_send_group,DB状態：1】:開始時間=2021-10-20 22:37:16.341;終了時間=2021-10-20 22:37:16.391
【実行結果=OK】【操作(DB準備)】【テーブル：c_email_to,DB状態：1】:開始時間=2021-10-20 22:37:16.391;終了時間=2021-10-20 22:37:16.499
【実行結果=OK】【操作(DB準備)】【テーブル：c_email_template,DB状態：1】:開始時間=2021-10-20 22:37:16.499;終了時間=2021-10-20 22:37:16.610
【実行結果=OK】【操作(api)】【/v1/gw-stop-shipment/reference】:開始時間=2021-10-20 22:37:16.610;終了時間=2021-10-20 22:37:16.611
【実行結果=OK】【操作(api)】【/internal/v1/product-classification/get-list】:開始時間=2021-10-20 22:37:16.611;終了時間=2021-10-20 22:37:16.611
【実行結果=OK】【操作(api)】【/internal/v1/reason-type/get-list】:開始時間=2021-10-20 22:37:16.611;終了時間=2021-10-20 22:37:16.612
【実行結果=OK】【操作(api)】【/internal/v1/customer/get-list】:開始時間=2021-10-20 22:37:16.612;終了時間=2021-10-20 22:37:16.612
【実行結果=OK】【操作(api)】【/internal/v1/supplier/get-list】:開始時間=2021-10-20 22:37:16.612;終了時間=2021-10-20 22:37:16.612
【実行結果=OK】【操作(api)】【/internal/v1/plant/get-list】:開始時間=2021-10-20 22:37:16.612;終了時間=2021-10-20 22:37:16.613
【実行結果=OK】【操作(api)】【/v1/mail-template/preview】:開始時間=2021-10-20 22:37:16.613;終了時間=2021-10-20 22:37:16.613
【実行結果=OK】【操作(api)】【/internal/v1/report/find】:開始時間=2021-10-20 22:37:16.613;終了時間=2021-10-20 22:37:16.614
【実行結果=OK】【操作(api)】【/internal/v1/report/print】:開始時間=2021-10-20 22:37:16.614;終了時間=2021-10-20 22:37:16.614
【実行結果=OK】【操作(api)】【/internal/v1/report/download】:開始時間=2021-10-20 22:37:16.614;終了時間=2021-10-20 22:37:16.614
【実行結果=OK】【操作(api)】【/v1/mail/send】:開始時間=2021-10-20 22:37:16.614;終了時間=2021-10-20 22:37:16.615
【実行結果=OK】【操作(api)】【/v1/gw-stop-shipment/save】:開始時間=2021-10-20 22:37:16.615;終了時間=2021-10-20 22:37:16.615
【実行結果=OK】【操作(api)】【印刷】:開始時間=2021-10-20 22:37:16.615;終了時間=2021-10-20 22:37:17.003
