ケース番号=No.013;実施開始時間=2021-10-20 22:37:19.699;実施終了時間=2021-10-20 22:37:20.316;実施結果=OK.
======以下はアクション毎の確認ログ。======
【実行結果=OK】【操作(DB準備)】【テーブル：idempotent_requests,DB状態：1】:開始時間=2021-10-20 22:37:19.700;終了時間=2021-10-20 22:37:19.726
【実行結果=OK】【操作(DB準備)】【テーブル：c_process_parameter,DB状態：1】:開始時間=2021-10-20 22:37:19.726;終了時間=2021-10-20 22:37:19.785
【実行結果=OK】【操作(DB準備)】【テーブル：c_email_function,DB状態：5】:開始時間=2021-10-20 22:37:19.785;終了時間=2021-10-20 22:37:19.850
【実行結果=OK】【操作(DB準備)】【テーブル：c_email_send_group,DB状態：5】:開始時間=2021-10-20 22:37:19.850;終了時間=2021-10-20 22:37:19.900
【実行結果=OK】【操作(DB準備)】【テーブル：c_email_to,DB状態：5】:開始時間=2021-10-20 22:37:19.900;終了時間=2021-10-20 22:37:19.952
【実行結果=OK】【操作(DB準備)】【テーブル：c_email_template,DB状態：5】:開始時間=2021-10-20 22:37:19.953;終了時間=2021-10-20 22:37:20.017
【実行結果=OK】【操作(api)】【/v1/gw-stop-shipment/reference】:開始時間=2021-10-20 22:37:20.017;終了時間=2021-10-20 22:37:20.018
【実行結果=OK】【操作(api)】【/internal/v1/product-classification/get-list】:開始時間=2021-10-20 22:37:20.018;終了時間=2021-10-20 22:37:20.019
【実行結果=OK】【操作(api)】【/internal/v1/reason-type/get-list】:開始時間=2021-10-20 22:37:20.019;終了時間=2021-10-20 22:37:20.019
【実行結果=OK】【操作(api)】【/internal/v1/customer/get-list】:開始時間=2021-10-20 22:37:20.019;終了時間=2021-10-20 22:37:20.019
【実行結果=OK】【操作(api)】【/internal/v1/supplier/get-list】:開始時間=2021-10-20 22:37:20.020;終了時間=2021-10-20 22:37:20.020
【実行結果=OK】【操作(api)】【/internal/v1/plant/get-list】:開始時間=2021-10-20 22:37:20.020;終了時間=2021-10-20 22:37:20.020
【実行結果=OK】【操作(api)】【/v1/mail-template/preview】:開始時間=2021-10-20 22:37:20.020;終了時間=2021-10-20 22:37:20.021
【実行結果=OK】【操作(api)】【/internal/v1/report/find】:開始時間=2021-10-20 22:37:20.021;終了時間=2021-10-20 22:37:20.021
【実行結果=OK】【操作(api)】【/internal/v1/report/print】:開始時間=2021-10-20 22:37:20.021;終了時間=2021-10-20 22:37:20.022
【実行結果=OK】【操作(api)】【/internal/v1/report/download】:開始時間=2021-10-20 22:37:20.022;終了時間=2021-10-20 22:37:20.022
【実行結果=OK】【操作(api)】【/v1/mail/send】:開始時間=2021-10-20 22:37:20.022;終了時間=2021-10-20 22:37:20.023
【実行結果=OK】【操作(api)】【/v1/gw-stop-shipment/save】:開始時間=2021-10-20 22:37:20.023;終了時間=2021-10-20 22:37:20.023
【実行結果=OK】【操作(api)】【印刷】:開始時間=2021-10-20 22:37:20.023;終了時間=2021-10-20 22:37:20.312
