ケース番号=No.043;実施開始時間=2021-10-20 22:37:49.965;実施終了時間=2021-10-20 22:37:50.345;実施結果=OK.
======以下はアクション毎の確認ログ。======
【実行結果=OK】【操作(DB準備)】【テーブル：idempotent_requests,DB状態：1】:開始時間=2021-10-20 22:37:49.966;終了時間=2021-10-20 22:37:49.975
【実行結果=OK】【操作(DB準備)】【テーブル：c_process_parameter,DB状態：1】:開始時間=2021-10-20 22:37:49.975;終了時間=2021-10-20 22:37:50.106
【実行結果=OK】【操作(DB準備)】【テーブル：c_email_function,DB状態：1】:開始時間=2021-10-20 22:37:50.106;終了時間=2021-10-20 22:37:50.173
【実行結果=OK】【操作(DB準備)】【テーブル：c_email_send_group,DB状態：1】:開始時間=2021-10-20 22:37:50.173;終了時間=2021-10-20 22:37:50.223
【実行結果=OK】【操作(DB準備)】【テーブル：c_email_to,DB状態：1】:開始時間=2021-10-20 22:37:50.223;終了時間=2021-10-20 22:37:50.273
【実行結果=OK】【操作(DB準備)】【テーブル：c_email_template,DB状態：1】:開始時間=2021-10-20 22:37:50.273;終了時間=2021-10-20 22:37:50.323
【実行結果=OK】【操作(api)】【/v1/gw-stop-shipment/reference】:開始時間=2021-10-20 22:37:50.323;終了時間=2021-10-20 22:37:50.324
【実行結果=OK】【操作(api)】【/internal/v1/product-classification/get-list】:開始時間=2021-10-20 22:37:50.324;終了時間=2021-10-20 22:37:50.324
【実行結果=OK】【操作(api)】【/internal/v1/reason-type/get-list】:開始時間=2021-10-20 22:37:50.324;終了時間=2021-10-20 22:37:50.325
【実行結果=OK】【操作(api)】【/internal/v1/customer/get-list】:開始時間=2021-10-20 22:37:50.325;終了時間=2021-10-20 22:37:50.325
【実行結果=OK】【操作(api)】【/internal/v1/supplier/get-list】:開始時間=2021-10-20 22:37:50.325;終了時間=2021-10-20 22:37:50.325
【実行結果=OK】【操作(api)】【/internal/v1/plant/get-list】:開始時間=2021-10-20 22:37:50.325;終了時間=2021-10-20 22:37:50.326
【実行結果=OK】【操作(api)】【/v1/mail-template/preview】:開始時間=2021-10-20 22:37:50.326;終了時間=2021-10-20 22:37:50.326
【実行結果=OK】【操作(api)】【/internal/v1/report/find】:開始時間=2021-10-20 22:37:50.326;終了時間=2021-10-20 22:37:50.326
【実行結果=OK】【操作(api)】【/internal/v1/report/print】:開始時間=2021-10-20 22:37:50.326;終了時間=2021-10-20 22:37:50.327
【実行結果=OK】【操作(api)】【/internal/v1/report/download】:開始時間=2021-10-20 22:37:50.327;終了時間=2021-10-20 22:37:50.327
【実行結果=OK】【操作(api)】【/v1/mail/send】:開始時間=2021-10-20 22:37:50.327;終了時間=2021-10-20 22:37:50.327
【実行結果=OK】【操作(api)】【/v1/gw-stop-shipment/save】:開始時間=2021-10-20 22:37:50.327;終了時間=2021-10-20 22:37:50.328
【実行結果=OK】【操作(api)】【印刷】:開始時間=2021-10-20 22:37:50.328;終了時間=2021-10-20 22:37:50.344
