ケース番号=No.004;実施開始時間=2021-10-11 13:37:18.183;実施終了時間=2021-10-11 13:37:18.585;実施結果=OK.
======以下はアクション毎の確認ログ。======
【実行結果=OK】【操作(DB準備)】【テーブル：c_process_parameter,DB状態：1】:開始時間=2021-10-11 13:37:18.190;終了時間=2021-10-11 13:37:18.258
【実行結果=OK】【操作(DB準備)】【テーブル：c_email_function,DB状態：1】:開始時間=2021-10-11 13:37:18.258;終了時間=2021-10-11 13:37:18.300
【実行結果=OK】【操作(DB準備)】【テーブル：c_email_send_group,DB状態：1】:開始時間=2021-10-11 13:37:18.300;終了時間=2021-10-11 13:37:18.384
【実行結果=OK】【操作(DB準備)】【テーブル：c_email_to,DB状態：1】:開始時間=2021-10-11 13:37:18.384;終了時間=2021-10-11 13:37:18.434
【実行結果=OK】【操作(DB準備)】【テーブル：c_email_template,DB状態：1】:開始時間=2021-10-11 13:37:18.434;終了時間=2021-10-11 13:37:18.484
【実行結果=OK】【操作(DB準備)】【テーブル：idempotent_requests,DB状態：1】:開始時間=2021-10-11 13:37:18.484;終了時間=2021-10-11 13:37:18.497
【実行結果=OK】【操作(api)】【/v1/gw-stop-shipment/reference】:開始時間=2021-10-11 13:37:18.497;終了時間=2021-10-11 13:37:18.498
【実行結果=OK】【操作(api)】【/internal/v1/product-classification/get-list】:開始時間=2021-10-11 13:37:18.499;終了時間=2021-10-11 13:37:18.499
【実行結果=OK】【操作(api)】【/internal/v1/reason-type/get-list】:開始時間=2021-10-11 13:37:18.499;終了時間=2021-10-11 13:37:18.499
【実行結果=OK】【操作(api)】【/internal/v1/supplier/get-list】:開始時間=2021-10-11 13:37:18.499;終了時間=2021-10-11 13:37:18.500
【実行結果=OK】【操作(api)】【/internal/v1/plant/get-list】:開始時間=2021-10-11 13:37:18.500;終了時間=2021-10-11 13:37:18.500
【実行結果=OK】【操作(api)】【/v1/mail-template/preview】:開始時間=2021-10-11 13:37:18.500;終了時間=2021-10-11 13:37:18.501
【実行結果=OK】【操作(api)】【/v1/report/find】:開始時間=2021-10-11 13:37:18.501;終了時間=2021-10-11 13:37:18.501
【実行結果=OK】【操作(api)】【/v1/report/print】:開始時間=2021-10-11 13:37:18.501;終了時間=2021-10-11 13:37:18.502
【実行結果=OK】【操作(api)】【/v1/report/download】:開始時間=2021-10-11 13:37:18.502;終了時間=2021-10-11 13:37:18.502
【実行結果=OK】【操作(api)】【/v1/mail/send】:開始時間=2021-10-11 13:37:18.502;終了時間=2021-10-11 13:37:18.502
【実行結果=OK】【操作(api)】【/v1/gw-stop-shipment/save】:開始時間=2021-10-11 13:37:18.502;終了時間=2021-10-11 13:37:18.503
【実行結果=OK】【操作(api)】【入力更新】:開始時間=2021-10-11 13:37:18.503;終了時間=2021-10-11 13:37:18.580
