ケース番号=No.030;実施開始時間=2021-10-20 22:37:39.355;実施終了時間=2021-10-20 22:37:39.844;実施結果=OK.
======以下はアクション毎の確認ログ。======
【実行結果=OK】【操作(DB準備)】【テーブル：idempotent_requests,DB状態：1】:開始時間=2021-10-20 22:37:39.357;終了時間=2021-10-20 22:37:39.408
【実行結果=OK】【操作(DB準備)】【テーブル：c_process_parameter,DB状態：1】:開始時間=2021-10-20 22:37:39.408;終了時間=2021-10-20 22:37:39.467
【実行結果=OK】【操作(DB準備)】【テーブル：c_email_function,DB状態：1】:開始時間=2021-10-20 22:37:39.467;終了時間=2021-10-20 22:37:39.526
【実行結果=OK】【操作(DB準備)】【テーブル：c_email_send_group,DB状態：1】:開始時間=2021-10-20 22:37:39.526;終了時間=2021-10-20 22:37:39.584
【実行結果=OK】【操作(DB準備)】【テーブル：c_email_to,DB状態：1】:開始時間=2021-10-20 22:37:39.584;終了時間=2021-10-20 22:37:39.701
【実行結果=OK】【操作(DB準備)】【テーブル：c_email_template,DB状態：1】:開始時間=2021-10-20 22:37:39.701;終了時間=2021-10-20 22:37:39.765
【実行結果=OK】【操作(api)】【/v1/gw-stop-shipment/reference】:開始時間=2021-10-20 22:37:39.765;終了時間=2021-10-20 22:37:39.766
【実行結果=OK】【操作(api)】【/internal/v1/product-classification/get-list】:開始時間=2021-10-20 22:37:39.766;終了時間=2021-10-20 22:37:39.766
【実行結果=OK】【操作(api)】【/internal/v1/reason-type/get-list】:開始時間=2021-10-20 22:37:39.766;終了時間=2021-10-20 22:37:39.767
【実行結果=OK】【操作(api)】【/internal/v1/customer/get-list】:開始時間=2021-10-20 22:37:39.767;終了時間=2021-10-20 22:37:39.767
【実行結果=OK】【操作(api)】【/internal/v1/supplier/get-list】:開始時間=2021-10-20 22:37:39.767;終了時間=2021-10-20 22:37:39.767
【実行結果=OK】【操作(api)】【/internal/v1/plant/get-list】:開始時間=2021-10-20 22:37:39.767;終了時間=2021-10-20 22:37:39.768
【実行結果=OK】【操作(api)】【/v1/mail-template/preview】:開始時間=2021-10-20 22:37:39.768;終了時間=2021-10-20 22:37:39.768
【実行結果=OK】【操作(api)】【/internal/v1/report/find】:開始時間=2021-10-20 22:37:39.768;終了時間=2021-10-20 22:37:39.768
【実行結果=OK】【操作(api)】【/internal/v1/report/print】:開始時間=2021-10-20 22:37:39.768;終了時間=2021-10-20 22:37:39.769
【実行結果=OK】【操作(api)】【/internal/v1/report/download】:開始時間=2021-10-20 22:37:39.769;終了時間=2021-10-20 22:37:39.769
【実行結果=OK】【操作(api)】【/v1/mail/send】:開始時間=2021-10-20 22:37:39.769;終了時間=2021-10-20 22:37:39.769
【実行結果=OK】【操作(api)】【/v1/gw-stop-shipment/save】:開始時間=2021-10-20 22:37:39.769;終了時間=2021-10-20 22:37:39.770
【実行結果=OK】【操作(api)】【印刷】:開始時間=2021-10-20 22:37:39.770;終了時間=2021-10-20 22:37:39.843
