ケース番号=No.005;実施開始時間=2021-10-20 22:37:10.208;実施終了時間=2021-10-20 22:37:11.027;実施結果=OK.
======以下はアクション毎の確認ログ。======
【実行結果=OK】【操作(DB準備)】【テーブル：idempotent_requests,DB状態：1】:開始時間=2021-10-20 22:37:10.210;終了時間=2021-10-20 22:37:10.234
【実行結果=OK】【操作(DB準備)】【テーブル：c_process_parameter,DB状態：2】:開始時間=2021-10-20 22:37:10.234;終了時間=2021-10-20 22:37:10.335
【実行結果=OK】【操作(DB準備)】【テーブル：c_email_function,DB状態：1】:開始時間=2021-10-20 22:37:10.335;終了時間=2021-10-20 22:37:10.416
【実行結果=OK】【操作(DB準備)】【テーブル：c_email_send_group,DB状態：1】:開始時間=2021-10-20 22:37:10.417;終了時間=2021-10-20 22:37:10.475
【実行結果=OK】【操作(DB準備)】【テーブル：c_email_to,DB状態：1】:開始時間=2021-10-20 22:37:10.475;終了時間=2021-10-20 22:37:10.550
【実行結果=OK】【操作(DB準備)】【テーブル：c_email_template,DB状態：1】:開始時間=2021-10-20 22:37:10.550;終了時間=2021-10-20 22:37:10.608
【実行結果=OK】【操作(api)】【/v1/gw-stop-shipment/reference】:開始時間=2021-10-20 22:37:10.608;終了時間=2021-10-20 22:37:10.609
【実行結果=OK】【操作(api)】【/internal/v1/product-classification/get-list】:開始時間=2021-10-20 22:37:10.609;終了時間=2021-10-20 22:37:10.609
【実行結果=OK】【操作(api)】【/internal/v1/reason-type/get-list】:開始時間=2021-10-20 22:37:10.610;終了時間=2021-10-20 22:37:10.610
【実行結果=OK】【操作(api)】【/internal/v1/customer/get-list】:開始時間=2021-10-20 22:37:10.610;終了時間=2021-10-20 22:37:10.611
【実行結果=OK】【操作(api)】【/internal/v1/supplier/get-list】:開始時間=2021-10-20 22:37:10.611;終了時間=2021-10-20 22:37:10.611
【実行結果=OK】【操作(api)】【/internal/v1/plant/get-list】:開始時間=2021-10-20 22:37:10.611;終了時間=2021-10-20 22:37:10.611
【実行結果=OK】【操作(api)】【/v1/mail-template/preview】:開始時間=2021-10-20 22:37:10.611;終了時間=2021-10-20 22:37:10.612
【実行結果=OK】【操作(api)】【/internal/v1/report/find】:開始時間=2021-10-20 22:37:10.612;終了時間=2021-10-20 22:37:10.612
【実行結果=OK】【操作(api)】【/internal/v1/report/print】:開始時間=2021-10-20 22:37:10.612;終了時間=2021-10-20 22:37:10.612
【実行結果=OK】【操作(api)】【/internal/v1/report/download】:開始時間=2021-10-20 22:37:10.613;終了時間=2021-10-20 22:37:10.613
【実行結果=OK】【操作(api)】【/v1/mail/send】:開始時間=2021-10-20 22:37:10.613;終了時間=2021-10-20 22:37:10.613
【実行結果=OK】【操作(api)】【/v1/gw-stop-shipment/save】:開始時間=2021-10-20 22:37:10.613;終了時間=2021-10-20 22:37:10.614
【実行結果=OK】【操作(api)】【印刷】:開始時間=2021-10-20 22:37:10.614;終了時間=2021-10-20 22:37:11.022
