■api名称：　检索
■api Request：　/supplier/v1/lead-time-product-inquiry-history/search?leadTimeProductInquiryId=101&updateCount=0
■api方法：　GET
■api Headers：　Content-Type=application/json&&User-Agent=PostmanRuntime/7.28.4&&Accept=*/*&&Accept-Encoding=gzip, deflate, br&&Connection=keep-alive&&X-Application-Id=string&&X-Client-Program=offset&&Idempotency-Key=string&&X-User-Type=Supplier&&Prefer=/supplier/v1/supplier-user/search->1&/internal/v1/supplier/get->1&/internal/v1/customer/get->1&/internal/v1/ship-to/get->1&/internal/v1/brand/get->1&/internal/v1/plant/get->1
■api Body：　-
■loginUser：　UserLoginInfo
■api Response：{
  "leadTimeProductInquiryDetailsList": [
    {
      "soType": "1",
      "leadTimeProductInquiryReceiveNumber": "huhgiu69000",
      "leadTimeProductInquiryId": 101,
      "ioErrorFlag": "0",
      "leadTimeProductInquiryStatus": "1",
      "leadTimeProductInquiryStatusName": "納期型番確認ステータス名",
      "leadTimeProductInquiryStage": "03",
      "leadTimeProductInquiryStageName": "納期型番確認ステージ名",
      "leadTimeProductInquiryGroupType": "1",
      "leadTimeProductInquiryType": "2",
      "leadTimeProductInquiryName": "納期型番確認区分名",
      "attachmentFileId": "1234567892",
      "originalLeadTimeProductInquiryReceiveNumber": "745515",
      "originalRecvDateTime": "2021-08-21T15:11:11+09:00",
      "originalGlobalNumber": "1234567891234 ",
      "originalLeadTimeProductInquiryId": 7457,
      "pocBusinessUnitReplyFlag": "0",
      "updateDateTime": "2021-10-22T14:11:12+09:00",
      "updateCount": 0,
      "soSlipNumber": "adfv6526",
      "soLineKey": 6527,
      "soLineNumber": 6528,
      "qtSlipNumber": "acdf03256",
      "qtLineKey": 3256,
      "qtLineNumber": 6526,
      "completeDateTime": "2021-08-21T15:11:11+09:00",
      "completePicId": "123459",
      "errorMessageList": [
        {
          "code": "e0213135",
          "message": "メッセージ"
        }
      ],
      "warningMessageList": [
        {
          "code": "e0213135",
          "message": "メッセージ"
        }
      ],
      "infoMessageList": [
        {
          "code": "e0213135",
          "message": "メッセージ"
        }
      ],
      "specificationCheckMessageList": [
        {
          "code": "e0213135",
          "message": "メッセージ"
        }
      ],
      "receive": {
        "customerItemReference": "ghgj3215",
        "customerItemSubReference": "rtestasfd989",
        "specialOrderType": "1",
        "slipType": "132",
        "slipTypeName": "伝票区分名",
        "mediaType": "A1",
        "mediaTypeName": "媒体区分名",
        "qtExpirationDateTime": "2021-08-21T15:11:11+09:00",
        "requestReplyExpirationDate": "2021-10-20T09:30:00+09:00",
        "stockType": "0",
        "stockTypeName": "在庫区分名",
        "componentType": "0",
        "componentTypeName": "部材品区分名",
        "customer": {
          "customerSubsidiaryCode": "jhkj14",
          "customerCode": "awer57",
          "customerName": "NTV_CUST_NAME1",
          "customerTel": "null",
          "customerAddress": "〒446-901 成田市東和泉字境前４４３－５０日通成田空港物流センター一般棟２Ｆ",
          "shipTo": {
            "shipToSubsidiaryCode": "ghjgk8",
            "shipToCode": "tyrt68",
            "shipToName": "MISUMI NARITA CENTER",
            "shipToTel": "string",
            "shipToAddress": "〒286-0826 成田市東和泉字境前４４３－５０日通成田空港物流センター一般棟２Ｆ",
            "deliveryDepartmentCode": "納入担当者部課2",
            "deliveryPicName": "納入担当者氏名2"
          }
        },
        "product": {
          "productCode": "ijioohj56468",
          "qty": 25,
          "brandCode": "2214",
          "brandName": "伊藤鋳工",
          "marketCode": "01",
          "marketName": "市場名",
          "weight": 32.03,
          "ginnerCode": "6555"
        },
        "stork": {
          "stork": "B0",
          "storkName": "受注伝票ストーク名",
          "shipmentMethodCode": "01",
          "shipmentMethodName": "出荷方法名"
        },
        "trade": {
          "plantCode": "1005",
          "plantName": "QCT"
        },
        "leadTime": {
          "requestVsd": "2021-10-14",
          "sslt": 558,
          "ssd": "2021-10-13",
          "vrd": "2021-10-14",
          "actualShippingDays": 35,
          "vsd": "2021-10-15",
          "crd": "2021-10-16"
        },
        "supplier": {
          "supplierCode": "A005",
          "supplierName": "上海全精密量莉有限公司"
        },
        "discount": {
          "campaignBaseDate": "2021-10-14",
          "discountType": "0",
          "discountRate": 22,
          "couponDiscountAmount": "32000.003",
          "couponDiscountTotalAmount": "22.63",
          "couponDiscountBeforeSalesUnitPrice": "25000.003",
          "specialDiscount": "22.40"
        }
      },
      "inquiryReply": {
        "reasonCodeCause": "MJP",
        "reasonCodeReason": "MJP",
        "originalLeadTimeProductInquiryReceiveNumber": "745515",
        "soDate": "2021-08-21",
        "mcComment": "顧客担当コメント3",
        "availableSlideList": [],
        "availableStorkList": [],
        "supplier": {
          "supplierRequestDateTime": "2021-08-21T15:11:11+09:00",
          "supplierRequestPicId": "supp67",
          "supplierQtExpirationDateTime": "2021-08-21T15:11:11+09:00",
          "supplierReplyDateTime": "2021-10-19T19:20:00+09:00",
          "supplierReplyPicId": "suid47",
          "supplierComment1": "commen13",
          "supplierComment2": "commen23",
          "supplierComment3": "commen33",
          "supplierCommentFree": "commen43",
          "businessComment": "事業部コメント3"
        },
        "product": {
          "productCode": "ijioohj56468",
          "brandCode": "2214",
          "brandName": "伊藤鋳工"
        },
        "bulkPartialDeliveryList": [
          {
            "bulkPartialDeliveryType": "1",
            "partialDeliverySeq": 3,
            "allocationType": "1",
            "qty": 23,
            "stork": {
              "stork": "B0",
              "storkName": "受注伝票ストーク名",
              "shipmentMethodCode": "11",
              "shipmentMethodName": "受注伝票出荷方法名"
            },
            "leadTime": {
              "vsd": "2021-10-11",
              "actualShippingDays": 24,
              "ssd": "2021-12-03",
              "sslt": 221
            },
            "salesPrice": {
              "salesUnitPrice": 25000
            },
            "purchasePrice": {
              "purchaseUnitPrice": "23000.002",
              "purchaseUnitPriceCcyCode": "MJP",
              "supplierSalesUnitPrice": "23000.002",
              "extraPurchaseUnitCharge": 15000.003,
              "supplierSalesUnitPriceCcyCode": "MJP"
            },
            "supplier": {
              "supplierCode": "a003",
              "supplierName": "上海全精密量莉有限公司"
            },
            "supplierReplyType": "0",
            "plantCode": "b004"
          }
        ]
      },
      "complete": {
        "quoteSlip": [
          {
            "shipToCode": "B00001",
            "deliveryDepartmentCode": "納入担当者部課",
            "deliveryPicName": "納入担当者氏名12",
            "detailList": [
              {
                "customerItemReference": "CASD65432",
                "customerItemSubReference": "CUST65434",
                "stockType": "0",
                "stockTypeName": "在庫区分名",
                "componentType": "0",
                "componentTypeName": "部材品区分名",
                "partialDeliverySeq": 3,
                "allocationType": "1",
                "supplierReplyType": "0",
                "plantCode": "asd3",
                "specialOrderType": "0",
                "globalNumber": "glob1234567892",
                "product": {
                  "brandCode": "1236",
                  "weight": 65.02,
                  "ginnerCode": "8889754"
                },
                "leadTime": {
                  "vrd": "2021-10-19",
                  "crd": "2021-10-12",
                  "vsd": "2021-11-03",
                  "actualDaysToShip": 37,
                  "ssd": "2021-10-09",
                  "sslt": 322
                },
                "salesPrice": {
                  "salesUnitPrice": 26000,
                  "salesUnitPriceCcyCode": "MJP"
                },
                "purchasePrice": {
                  "purchaseUnitPrice": "300.000",
                  "purchaseUnitPriceCcyCode": "125",
                  "purchaseExtraPrice": "27000.002",
                  "supplierSalesUnitPrice": "11000.002",
                  "supplierSalesUnitPriceCcyCode": "cc3"
                },
                "supplier": {
                  "supplierCode": "a003",
                  "supplierName": "上海全精密量莉有限公司"
                },
                "stork": {
                  "storkcode": "B0",
                  "shipmentMethodCode": "11"
                }
              }
            ]
          }
        ],
        "soSlip": [
          {
            "shipToCode": "456da2",
            "deliveryDepartmentCode": "納入担当者部課2",
            "deliveryPicName": "納入担当者氏名2",
            "detailList": [
              {
                "customerItemReference": "asdasd654655",
                "customerItemSubReference": "gfgdfg8978",
                "stockType": "0",
                "stockTypeName": "在庫区分名",
                "componentType": "0",
                "componentTypeName": "部材品区分名",
                "partialDeliverySeq": 2,
                "allocationType": "1",
                "supplierReplyType": "0",
                "plantCode": "b124",
                "specialOrderType": "0",
                "globalNumber": "glob1234567892",
                "product": {
                  "brandCode": "asd2",
                  "weight": 32.02,
                  "ginnerCode": "564565"
                },
                "leadTime": {
                  "vrd": "2021-12-17",
                  "crd": "2021-10-17",
                  "vsd": "2021-10-14",
                  "actualDaysToShip": 54,
                  "ssd": "2021-11-14",
                  "sslt": 542
                },
                "salesPrice": {
                  "salesUnitPrice": 18000,
                  "salesUnitPriceCcyCode": "MJP"
                },
                "purchasePrice": {
                  "purchaseUnitPrice": "19000.000",
                  "purchaseUnitPriceCcyCode": "MJP",
                  "purchaseExtraPrice": "20000.002",
                  "supplierSalesUnitPrice": "21000.002",
                  "supplierSalesUnitPriceCcyCode": "MJP"
                },
                "supplier": {
                  "supplierCode": "asd2",
                  "supplierName": "上海全精密量莉有限公司"
                },
                "stork": {
                  "storkcode": "B0",
                  "storkName": "受注伝票ストーク名",
                  "shipmentMethodCode": "01",
                  "shipmentMethodName": "出荷方法名"
                }
              }
            ]
          }
        ]
      }
    }
  ]
}