ケース番号=No.028;実施開始時間=2021-10-20 22:37:37.006;実施終了時間=2021-10-20 22:37:37.715;実施結果=OK.
======以下はアクション毎の確認ログ。======
【実行結果=OK】【操作(DB準備)】【テーブル：idempotent_requests,DB状態：1】:開始時間=2021-10-20 22:37:37.007;終了時間=2021-10-20 22:37:37.041
【実行結果=OK】【操作(DB準備)】【テーブル：c_process_parameter,DB状態：1】:開始時間=2021-10-20 22:37:37.041;終了時間=2021-10-20 22:37:37.118
【実行結果=OK】【操作(DB準備)】【テーブル：c_email_function,DB状態：1】:開始時間=2021-10-20 22:37:37.118;終了時間=2021-10-20 22:37:37.175
【実行結果=OK】【操作(DB準備)】【テーブル：c_email_send_group,DB状態：1】:開始時間=2021-10-20 22:37:37.175;終了時間=2021-10-20 22:37:37.234
【実行結果=OK】【操作(DB準備)】【テーブル：c_email_to,DB状態：1】:開始時間=2021-10-20 22:37:37.234;終了時間=2021-10-20 22:37:37.284
【実行結果=OK】【操作(DB準備)】【テーブル：c_email_template,DB状態：1】:開始時間=2021-10-20 22:37:37.284;終了時間=2021-10-20 22:37:37.334
【実行結果=OK】【操作(api)】【/v1/gw-stop-shipment/reference】:開始時間=2021-10-20 22:37:37.334;終了時間=2021-10-20 22:37:37.335
【実行結果=OK】【操作(api)】【/internal/v1/product-classification/get-list】:開始時間=2021-10-20 22:37:37.335;終了時間=2021-10-20 22:37:37.335
【実行結果=OK】【操作(api)】【/internal/v1/reason-type/get-list】:開始時間=2021-10-20 22:37:37.335;終了時間=2021-10-20 22:37:37.335
【実行結果=OK】【操作(api)】【/internal/v1/customer/get-list】:開始時間=2021-10-20 22:37:37.335;終了時間=2021-10-20 22:37:37.336
【実行結果=OK】【操作(api)】【/internal/v1/supplier/get-list】:開始時間=2021-10-20 22:37:37.336;終了時間=2021-10-20 22:37:37.336
【実行結果=OK】【操作(api)】【/internal/v1/plant/get-list】:開始時間=2021-10-20 22:37:37.336;終了時間=2021-10-20 22:37:37.336
【実行結果=OK】【操作(api)】【/v1/mail-template/preview】:開始時間=2021-10-20 22:37:37.336;終了時間=2021-10-20 22:37:37.337
【実行結果=OK】【操作(api)】【/internal/v1/report/find】:開始時間=2021-10-20 22:37:37.337;終了時間=2021-10-20 22:37:37.337
【実行結果=OK】【操作(api)】【/internal/v1/report/print】:開始時間=2021-10-20 22:37:37.337;終了時間=2021-10-20 22:37:37.338
【実行結果=OK】【操作(api)】【/internal/v1/report/download】:開始時間=2021-10-20 22:37:37.338;終了時間=2021-10-20 22:37:37.338
【実行結果=OK】【操作(api)】【/v1/mail/send】:開始時間=2021-10-20 22:37:37.338;終了時間=2021-10-20 22:37:37.338
【実行結果=OK】【操作(api)】【/v1/gw-stop-shipment/save】:開始時間=2021-10-20 22:37:37.338;終了時間=2021-10-20 22:37:37.338
【実行結果=OK】【操作(api)】【印刷】:開始時間=2021-10-20 22:37:37.338;終了時間=2021-10-20 22:37:37.711
