ケース番号=No.037;実施開始時間=2021-10-20 22:37:45.760;実施終了時間=2021-10-20 22:37:46.068;実施結果=OK.
======以下はアクション毎の確認ログ。======
【実行結果=OK】【操作(DB準備)】【テーブル：idempotent_requests,DB状態：1】:開始時間=2021-10-20 22:37:45.762;終了時間=2021-10-20 22:37:45.770
【実行結果=OK】【操作(DB準備)】【テーブル：c_process_parameter,DB状態：1】:開始時間=2021-10-20 22:37:45.770;終了時間=2021-10-20 22:37:45.835
【実行結果=OK】【操作(DB準備)】【テーブル：c_email_function,DB状態：1】:開始時間=2021-10-20 22:37:45.835;終了時間=2021-10-20 22:37:45.901
【実行結果=OK】【操作(DB準備)】【テーブル：c_email_send_group,DB状態：1】:開始時間=2021-10-20 22:37:45.901;終了時間=2021-10-20 22:37:45.950
【実行結果=OK】【操作(DB準備)】【テーブル：c_email_to,DB状態：1】:開始時間=2021-10-20 22:37:45.950;終了時間=2021-10-20 22:37:46.001
【実行結果=OK】【操作(DB準備)】【テーブル：c_email_template,DB状態：1】:開始時間=2021-10-20 22:37:46.001;終了時間=2021-10-20 22:37:46.051
【実行結果=OK】【操作(api)】【/v1/gw-stop-shipment/reference】:開始時間=2021-10-20 22:37:46.051;終了時間=2021-10-20 22:37:46.052
【実行結果=OK】【操作(api)】【/internal/v1/product-classification/get-list】:開始時間=2021-10-20 22:37:46.052;終了時間=2021-10-20 22:37:46.052
【実行結果=OK】【操作(api)】【/internal/v1/reason-type/get-list】:開始時間=2021-10-20 22:37:46.052;終了時間=2021-10-20 22:37:46.052
【実行結果=OK】【操作(api)】【/internal/v1/customer/get-list】:開始時間=2021-10-20 22:37:46.052;終了時間=2021-10-20 22:37:46.053
【実行結果=OK】【操作(api)】【/internal/v1/supplier/get-list】:開始時間=2021-10-20 22:37:46.053;終了時間=2021-10-20 22:37:46.053
【実行結果=OK】【操作(api)】【/internal/v1/plant/get-list】:開始時間=2021-10-20 22:37:46.053;終了時間=2021-10-20 22:37:46.053
【実行結果=OK】【操作(api)】【/v1/mail-template/preview】:開始時間=2021-10-20 22:37:46.053;終了時間=2021-10-20 22:37:46.054
【実行結果=OK】【操作(api)】【/internal/v1/report/find】:開始時間=2021-10-20 22:37:46.054;終了時間=2021-10-20 22:37:46.054
【実行結果=OK】【操作(api)】【/internal/v1/report/print】:開始時間=2021-10-20 22:37:46.054;終了時間=2021-10-20 22:37:46.054
【実行結果=OK】【操作(api)】【/internal/v1/report/download】:開始時間=2021-10-20 22:37:46.054;終了時間=2021-10-20 22:37:46.055
【実行結果=OK】【操作(api)】【/v1/mail/send】:開始時間=2021-10-20 22:37:46.055;終了時間=2021-10-20 22:37:46.055
【実行結果=OK】【操作(api)】【/v1/gw-stop-shipment/save】:開始時間=2021-10-20 22:37:46.055;終了時間=2021-10-20 22:37:46.055
【実行結果=OK】【操作(api)】【印刷】:開始時間=2021-10-20 22:37:46.055;終了時間=2021-10-20 22:37:46.067
