■api名称：　登录
■api Request：　/internal/v1/carrier-invoice/register
■api方法：　POST
■api Headers：　Content-Type=application/json&&User-Agent=PostmanRuntime/7.28.4&&Accept=*/*&&Accept-Encoding=gzip, deflate, br&&Connection=keep-alive&&Idempotency-Key=1&&X-Client-Program=1&&Prefer=/internal/v1/sales-order/search->1&/internal/v1/closing-time/get-list->1&/internal/v1/next-business-day/search->1
■api Body：　{}
■loginUser：　UserLoginInfo
■Response：：
{
  "code": "N0000000003E",
  "message": "Constraint violation",
  "detailList": [
    {
      "target": "accessIpAddress",
      "detailList": [
        {
          "code": "N0000003100E",
          "argumentList": [],
          "message": "accessIpAddress must not be null, blank, or empty"
        }
      ]
    },
    {
      "target": "localCorporationCode",
      "detailList": [
        {
          "code": "N0000003100E",
          "argumentList": [],
          "message": "localCorporationCode must not be null, blank, or empty"
        }
      ]
    },
    {
      "target": "processId",
      "detailList": [
        {
          "code": "N0000003100E",
          "argumentList": [],
          "message": "processId must not be null, blank, or empty"
        }
      ]
    },
    {
      "target": "programType",
      "detailList": [
        {
          "code": "N0000003100E",
          "argumentList": [],
          "message": "programType must not be null, blank, or empty"
        }
      ]
    },
    {
      "target": "registerMode",
      "detailList": [
        {
          "code": "N0000003100E",
          "argumentList": [],
          "message": "registerMode must not be null, blank, or empty"
        }
      ]
    },
    {
      "target": "screenId",
      "detailList": [
        {
          "code": "N0000003100E",
          "argumentList": [],
          "message": "screenId must not be null, blank, or empty"
        }
      ]
    },
    {
      "target": "sessionId",
      "detailList": [
        {
          "code": "N0000003100E",
          "argumentList": [],
          "message": "sessionId must not be null, blank, or empty"
        }
      ]
    }
  ]
}