ケース番号=No.005;実施開始時間=2021-10-11 13:37:18.872;実施終了時間=2021-10-11 13:37:19.255;実施結果=OK.
======以下はアクション毎の確認ログ。======
【実行結果=OK】【操作(DB準備)】【テーブル：c_process_parameter,DB状態：2】:開始時間=2021-10-11 13:37:18.877;終了時間=2021-10-11 13:37:18.941
【実行結果=OK】【操作(DB準備)】【テーブル：c_email_function,DB状態：2】:開始時間=2021-10-11 13:37:18.941;終了時間=2021-10-11 13:37:18.982
【実行結果=OK】【操作(DB準備)】【テーブル：c_email_send_group,DB状態：2】:開始時間=2021-10-11 13:37:18.982;終了時間=2021-10-11 13:37:19.059
【実行結果=OK】【操作(DB準備)】【テーブル：c_email_to,DB状態：2】:開始時間=2021-10-11 13:37:19.059;終了時間=2021-10-11 13:37:19.109
【実行結果=OK】【操作(DB準備)】【テーブル：c_email_template,DB状態：2】:開始時間=2021-10-11 13:37:19.109;終了時間=2021-10-11 13:37:19.159
【実行結果=OK】【操作(DB準備)】【テーブル：idempotent_requests,DB状態：1】:開始時間=2021-10-11 13:37:19.159;終了時間=2021-10-11 13:37:19.177
【実行結果=OK】【操作(api)】【/v1/gw-stop-shipment/reference】:開始時間=2021-10-11 13:37:19.177;終了時間=2021-10-11 13:37:19.178
【実行結果=OK】【操作(api)】【/internal/v1/product-classification/get-list】:開始時間=2021-10-11 13:37:19.178;終了時間=2021-10-11 13:37:19.179
【実行結果=OK】【操作(api)】【/internal/v1/reason-type/get-list】:開始時間=2021-10-11 13:37:19.179;終了時間=2021-10-11 13:37:19.180
【実行結果=OK】【操作(api)】【/internal/v1/supplier/get-list】:開始時間=2021-10-11 13:37:19.180;終了時間=2021-10-11 13:37:19.180
【実行結果=OK】【操作(api)】【/internal/v1/plant/get-list】:開始時間=2021-10-11 13:37:19.180;終了時間=2021-10-11 13:37:19.181
【実行結果=OK】【操作(api)】【/v1/mail-template/preview】:開始時間=2021-10-11 13:37:19.181;終了時間=2021-10-11 13:37:19.181
【実行結果=OK】【操作(api)】【/v1/report/find】:開始時間=2021-10-11 13:37:19.181;終了時間=2021-10-11 13:37:19.181
【実行結果=OK】【操作(api)】【/v1/report/print】:開始時間=2021-10-11 13:37:19.181;終了時間=2021-10-11 13:37:19.182
【実行結果=OK】【操作(api)】【/v1/report/download】:開始時間=2021-10-11 13:37:19.182;終了時間=2021-10-11 13:37:19.182
【実行結果=OK】【操作(api)】【/v1/mail/send】:開始時間=2021-10-11 13:37:19.182;終了時間=2021-10-11 13:37:19.183
【実行結果=OK】【操作(api)】【/v1/gw-stop-shipment/save】:開始時間=2021-10-11 13:37:19.183;終了時間=2021-10-11 13:37:19.183
【実行結果=OK】【操作(api)】【入力更新】:開始時間=2021-10-11 13:37:19.183;終了時間=2021-10-11 13:37:19.250
