■api名称：　登录
■api Request：　/internal/v1/stop-shipment/bulk-reference?offset=12&limit=22&sortby=sort1&sortby2=sort2
■api方法：　POST
■api Headers：　Content-Type=application/json&&User-Agent=PostmanRuntime/7.28.4&&Accept=*/*&&Accept-Encoding=gzip, deflate, br&&Connection=keep-alive&&x-Client-Program=test&&Idempotency-Key=4a037a9e-2500-4724-a005-997a1ab13a48&&Prefer=/v1/gw-stop-shipment/search->6&/internal/v1/product-classification/get-list->6&/internal/v1/plant/get-list->1&/internal/v1/supplier/get-list->1&/internal/v1/brand/get-list->1&/internal/v1/reason-type/get-list->1&/internal/v1/slip-type/get-list->1&/internal/v1/code/search->1
■api Body：　{  "businessSceneType": 11,  "plantCode": "stri",  "supplierCode": "95",  "stopShipmentArrivalDateFrom": "2019-01-01",  "stopShipmentArrivalDateTo": "2019-02-02",  "globalNumber": "CA000032000086",  "stopShipmentDateFrom": "2019-03-03",  "stopShipmentDateTo": "2019-04-04",  "customerCode": "BOSCH9",  "slipType": "1",  "slipSendType": "1",  "stopShipmentFlag": "1",  "supplierInvoiceNo": "swring",  "marketCode": "at",  "contactList": "1",  "registerUserId": "string",  "soStatusType": "1",  "inquiryObjectType": "s",  "storkCode": "st",  "shipmentMeansCode": "1",  "stockType": "",  "referenceMaxCount": 5}
■loginUser：　UserLoginInfo
■Response：：
{
  "count": 3,
  "stopShipmentAllList": [
    {
      "globalNumber": "11115678901234",
      "productCode": "p1",
      "brandCode": "Bra1",
      "nativeBrandName": "Na1",
      "brandName": "En1",
      "contactList": "a",
      "contactListName": "f",
      "qty": 7,
      "supplierCode": "1shc",
      "supplierName": "co1",
      "marketCode": "w",
      "marketName": "3005",
      "plantCode": "pla1",
      "plantName": "plan",
      "supplyType": "t",
      "supplyTypeName": "3006",
      "storageLocationCode": "loc1",
      "storageLocationName": "lwc1",
      "slipType": "vs1",
      "slipTypeName": "Na1",
      "slipSendType": "q",
      "slipSendTypeName": "1nj",
      "soArrivalDate": "2019-08-02",
      "soShipmentDate": "2000-08-24",
      "time": "14:15:22",
      "id": "454545",
      "soStatus": "",
      "soStatusName": "3507",
      "stopShipmentFlag": "1",
      "stopShipmentFlagName": "3109",
      "reasonType": "reas1",
      "reasonTypeName": "n1",
      "getOriginDataType": "0",
      "updateCount": 5
    },
    {
      "globalNumber": "11115678901234",
      "productCode": "p1",
      "brandCode": "Bra1",
      "nativeBrandName": "Na1",
      "brandName": "En1",
      "contactList": "b",
      "contactListName": "g",
      "qty": 7,
      "supplierCode": "1shc",
      "supplierName": "co1",
      "marketCode": "k",
      "marketName": "3006",
      "plantCode": "pla1",
      "plantName": "plan",
      "supplyType": "s",
      "supplyTypeName": "3007",
      "storageLocationCode": "loc1",
      "storageLocationName": "lwc1",
      "slipType": "vs1",
      "slipTypeName": "Na1",
      "slipSendType": "q",
      "slipSendTypeName": "1nj",
      "soArrivalDate": "2019-08-02",
      "soShipmentDate": "2000-08-24",
      "time": "14:15:22",
      "id": "454545",
      "soStatus": "2",
      "soStatusName": "3508",
      "stopShipmentFlag": "2",
      "stopShipmentFlagName": "3110",
      "reasonType": "reas1",
      "reasonTypeName": "n1",
      "getOriginDataType": "0",
      "updateCount": 5
    },
    {
      "globalNumber": "11115678901234",
      "productCode": "p1",
      "brandCode": "Bra1",
      "nativeBrandName": "Na1",
      "brandName": "En1",
      "contactList": "c",
      "contactListName": "h",
      "qty": 7,
      "supplierCode": "1shc",
      "supplierName": "co1",
      "marketCode": "y",
      "marketName": "3007",
      "plantCode": "pla1",
      "plantName": "plan",
      "supplyType": "m",
      "supplyTypeName": "3008",
      "storageLocationCode": "loc1",
      "storageLocationName": "lwc1",
      "slipType": "vs1",
      "slipTypeName": "Na1",
      "slipSendType": "q",
      "slipSendTypeName": "1nj",
      "soArrivalDate": "2019-08-02",
      "soShipmentDate": "2000-08-24",
      "time": "14:15:22",
      "id": "454545",
      "soStatus": "3",
      "soStatusName": "3509",
      "stopShipmentFlag": "1",
      "stopShipmentFlagName": "3109",
      "reasonType": "reas1",
      "reasonTypeName": "n1",
      "getOriginDataType": "0",
      "updateCount": 5
    }
  ],
  "errorList": []
}