■api名称：　检索
■api Request：　/internal/v1/reprint/get?outputType=1&subsidiaryCode=JPN&createDateFrom=2020-09-09&createDateTo=2021-09-09&reportType=11&outputStatus=2&pageNumber=1&displayCount=2&searchKeyWord=4&createUserId=JPN01&billToCode=aaa
■api方法：　GET
■api Headers：　User-Agent=PostmanRuntime/7.28.4&&Accept=*/*&&Accept-Encoding=gzip, deflate, br&&Connection=keep-alive&&X-Client-Program=1&&
■api Body：　-
■loginUser：　UserLoginInfo
■api Response：{
  "reprintInfoList": [
    {
      "outputType": "1",
      "createDate": "2021-06-20",
      "reportType": "11",
      "searchKeyWord": "4",
      "billToCode": "aaa   ",
      "outputStatus": "2",
      "createUserId": "JPN01",
      "reprintuserId": "28",
      "reprintCount": "27",
      "reprintId": "60"
    },
    {
      "outputType": "1",
      "createDate": "2021-06-19",
      "reportType": "11",
      "searchKeyWord": "4",
      "billToCode": "aaa   ",
      "outputStatus": "2",
      "createUserId": "JPN01",
      "reprintuserId": "28",
      "reprintCount": "27",
      "reprintId": "59"
    }
  ],
  "errorList": []
}