ケース番号=No.007;実施開始時間=2021-10-20 22:37:12.577;実施終了時間=2021-10-20 22:37:13.527;実施結果=OK.
======以下はアクション毎の確認ログ。======
【実行結果=OK】【操作(DB準備)】【テーブル：idempotent_requests,DB状態：1】:開始時間=2021-10-20 22:37:12.597;終了時間=2021-10-20 22:37:12.643
【実行結果=OK】【操作(DB準備)】【テーブル：c_process_parameter,DB状態：1】:開始時間=2021-10-20 22:37:12.643;終了時間=2021-10-20 22:37:12.743
【実行結果=OK】【操作(DB準備)】【テーブル：c_email_function,DB状態：3】:開始時間=2021-10-20 22:37:12.743;終了時間=2021-10-20 22:37:12.809
【実行結果=OK】【操作(DB準備)】【テーブル：c_email_send_group,DB状態：3】:開始時間=2021-10-20 22:37:12.809;終了時間=2021-10-20 22:37:12.875
【実行結果=OK】【操作(DB準備)】【テーブル：c_email_to,DB状態：3】:開始時間=2021-10-20 22:37:12.875;終了時間=2021-10-20 22:37:12.926
【実行結果=OK】【操作(DB準備)】【テーブル：c_email_template,DB状態：3】:開始時間=2021-10-20 22:37:12.927;終了時間=2021-10-20 22:37:12.976
【実行結果=OK】【操作(api)】【/v1/gw-stop-shipment/reference】:開始時間=2021-10-20 22:37:12.976;終了時間=2021-10-20 22:37:12.977
【実行結果=OK】【操作(api)】【/internal/v1/product-classification/get-list】:開始時間=2021-10-20 22:37:12.977;終了時間=2021-10-20 22:37:12.977
【実行結果=OK】【操作(api)】【/internal/v1/reason-type/get-list】:開始時間=2021-10-20 22:37:12.977;終了時間=2021-10-20 22:37:12.978
【実行結果=OK】【操作(api)】【/internal/v1/customer/get-list】:開始時間=2021-10-20 22:37:12.978;終了時間=2021-10-20 22:37:12.978
【実行結果=OK】【操作(api)】【/internal/v1/supplier/get-list】:開始時間=2021-10-20 22:37:12.978;終了時間=2021-10-20 22:37:12.979
【実行結果=OK】【操作(api)】【/internal/v1/plant/get-list】:開始時間=2021-10-20 22:37:12.979;終了時間=2021-10-20 22:37:12.979
【実行結果=OK】【操作(api)】【/v1/mail-template/preview】:開始時間=2021-10-20 22:37:12.979;終了時間=2021-10-20 22:37:12.980
【実行結果=OK】【操作(api)】【/internal/v1/report/find】:開始時間=2021-10-20 22:37:12.980;終了時間=2021-10-20 22:37:12.980
【実行結果=OK】【操作(api)】【/internal/v1/report/print】:開始時間=2021-10-20 22:37:12.980;終了時間=2021-10-20 22:37:12.980
【実行結果=OK】【操作(api)】【/internal/v1/report/download】:開始時間=2021-10-20 22:37:12.980;終了時間=2021-10-20 22:37:12.981
【実行結果=OK】【操作(api)】【/v1/mail/send】:開始時間=2021-10-20 22:37:12.981;終了時間=2021-10-20 22:37:12.981
【実行結果=OK】【操作(api)】【/v1/gw-stop-shipment/save】:開始時間=2021-10-20 22:37:12.981;終了時間=2021-10-20 22:37:12.981
【実行結果=OK】【操作(api)】【印刷】:開始時間=2021-10-20 22:37:12.982;終了時間=2021-10-20 22:37:13.523
