ケース番号=No.017;実施開始時間=2021-10-20 22:37:24.549;実施終了時間=2021-10-20 22:37:25.250;実施結果=OK.
======以下はアクション毎の確認ログ。======
【実行結果=OK】【操作(DB準備)】【テーブル：idempotent_requests,DB状態：1】:開始時間=2021-10-20 22:37:24.550;終了時間=2021-10-20 22:37:24.575
【実行結果=OK】【操作(DB準備)】【テーブル：c_process_parameter,DB状態：1】:開始時間=2021-10-20 22:37:24.575;終了時間=2021-10-20 22:37:24.701
【実行結果=OK】【操作(DB準備)】【テーブル：c_email_function,DB状態：9】:開始時間=2021-10-20 22:37:24.701;終了時間=2021-10-20 22:37:24.767
【実行結果=OK】【操作(DB準備)】【テーブル：c_email_send_group,DB状態：9】:開始時間=2021-10-20 22:37:24.767;終了時間=2021-10-20 22:37:24.826
【実行結果=OK】【操作(DB準備)】【テーブル：c_email_to,DB状態：9】:開始時間=2021-10-20 22:37:24.826;終了時間=2021-10-20 22:37:24.885
【実行結果=OK】【操作(DB準備)】【テーブル：c_email_template,DB状態：9】:開始時間=2021-10-20 22:37:24.885;終了時間=2021-10-20 22:37:24.950
【実行結果=OK】【操作(api)】【/v1/gw-stop-shipment/reference】:開始時間=2021-10-20 22:37:24.950;終了時間=2021-10-20 22:37:24.951
【実行結果=OK】【操作(api)】【/internal/v1/product-classification/get-list】:開始時間=2021-10-20 22:37:24.951;終了時間=2021-10-20 22:37:24.951
【実行結果=OK】【操作(api)】【/internal/v1/reason-type/get-list】:開始時間=2021-10-20 22:37:24.952;終了時間=2021-10-20 22:37:24.952
【実行結果=OK】【操作(api)】【/internal/v1/customer/get-list】:開始時間=2021-10-20 22:37:24.952;終了時間=2021-10-20 22:37:24.952
【実行結果=OK】【操作(api)】【/internal/v1/supplier/get-list】:開始時間=2021-10-20 22:37:24.952;終了時間=2021-10-20 22:37:24.953
【実行結果=OK】【操作(api)】【/internal/v1/plant/get-list】:開始時間=2021-10-20 22:37:24.953;終了時間=2021-10-20 22:37:24.953
【実行結果=OK】【操作(api)】【/v1/mail-template/preview】:開始時間=2021-10-20 22:37:24.953;終了時間=2021-10-20 22:37:24.953
【実行結果=OK】【操作(api)】【/internal/v1/report/find】:開始時間=2021-10-20 22:37:24.953;終了時間=2021-10-20 22:37:24.954
【実行結果=OK】【操作(api)】【/internal/v1/report/print】:開始時間=2021-10-20 22:37:24.954;終了時間=2021-10-20 22:37:24.954
【実行結果=OK】【操作(api)】【/internal/v1/report/download】:開始時間=2021-10-20 22:37:24.954;終了時間=2021-10-20 22:37:24.954
【実行結果=OK】【操作(api)】【/v1/mail/send】:開始時間=2021-10-20 22:37:24.954;終了時間=2021-10-20 22:37:24.955
【実行結果=OK】【操作(api)】【/v1/gw-stop-shipment/save】:開始時間=2021-10-20 22:37:24.955;終了時間=2021-10-20 22:37:24.955
【実行結果=OK】【操作(api)】【印刷】:開始時間=2021-10-20 22:37:24.955;終了時間=2021-10-20 22:37:25.245
