ケース番号=No.029;実施開始時間=2021-10-20 22:37:38.070;実施終了時間=2021-10-20 22:37:38.937;実施結果=OK.
======以下はアクション毎の確認ログ。======
【実行結果=OK】【操作(DB準備)】【テーブル：idempotent_requests,DB状態：1】:開始時間=2021-10-20 22:37:38.072;終了時間=2021-10-20 22:37:38.107
【実行結果=OK】【操作(DB準備)】【テーブル：c_process_parameter,DB状態：1】:開始時間=2021-10-20 22:37:38.107;終了時間=2021-10-20 22:37:38.175
【実行結果=OK】【操作(DB準備)】【テーブル：c_email_function,DB状態：1】:開始時間=2021-10-20 22:37:38.175;終了時間=2021-10-20 22:37:38.297
【実行結果=OK】【操作(DB準備)】【テーブル：c_email_send_group,DB状態：1】:開始時間=2021-10-20 22:37:38.297;終了時間=2021-10-20 22:37:38.408
【実行結果=OK】【操作(DB準備)】【テーブル：c_email_to,DB状態：1】:開始時間=2021-10-20 22:37:38.408;終了時間=2021-10-20 22:37:38.484
【実行結果=OK】【操作(DB準備)】【テーブル：c_email_template,DB状態：1】:開始時間=2021-10-20 22:37:38.484;終了時間=2021-10-20 22:37:38.534
【実行結果=OK】【操作(api)】【/v1/gw-stop-shipment/reference】:開始時間=2021-10-20 22:37:38.534;終了時間=2021-10-20 22:37:38.535
【実行結果=OK】【操作(api)】【/internal/v1/product-classification/get-list】:開始時間=2021-10-20 22:37:38.535;終了時間=2021-10-20 22:37:38.535
【実行結果=OK】【操作(api)】【/internal/v1/reason-type/get-list】:開始時間=2021-10-20 22:37:38.535;終了時間=2021-10-20 22:37:38.535
【実行結果=OK】【操作(api)】【/internal/v1/customer/get-list】:開始時間=2021-10-20 22:37:38.535;終了時間=2021-10-20 22:37:38.536
【実行結果=OK】【操作(api)】【/internal/v1/supplier/get-list】:開始時間=2021-10-20 22:37:38.536;終了時間=2021-10-20 22:37:38.536
【実行結果=OK】【操作(api)】【/internal/v1/plant/get-list】:開始時間=2021-10-20 22:37:38.536;終了時間=2021-10-20 22:37:38.537
【実行結果=OK】【操作(api)】【/v1/mail-template/preview】:開始時間=2021-10-20 22:37:38.537;終了時間=2021-10-20 22:37:38.537
【実行結果=OK】【操作(api)】【/internal/v1/report/find】:開始時間=2021-10-20 22:37:38.537;終了時間=2021-10-20 22:37:38.537
【実行結果=OK】【操作(api)】【/internal/v1/report/print】:開始時間=2021-10-20 22:37:38.537;終了時間=2021-10-20 22:37:38.538
【実行結果=OK】【操作(api)】【/internal/v1/report/download】:開始時間=2021-10-20 22:37:38.538;終了時間=2021-10-20 22:37:38.538
【実行結果=OK】【操作(api)】【/v1/mail/send】:開始時間=2021-10-20 22:37:38.538;終了時間=2021-10-20 22:37:38.538
【実行結果=OK】【操作(api)】【/v1/gw-stop-shipment/save】:開始時間=2021-10-20 22:37:38.538;終了時間=2021-10-20 22:37:38.539
【実行結果=OK】【操作(api)】【印刷】:開始時間=2021-10-20 22:37:38.539;終了時間=2021-10-20 22:37:38.932
