■api名称：　登录
■api Request：　/internal/v1/carrier-invoice/register
■api方法：　POST
■api Headers：　Content-Type=application/json&&User-Agent=PostmanRuntime/7.28.4&&Accept=*/*&&Accept-Encoding=gzip, deflate, br&&Connection=keep-alive&&Idempotency-Key=1&&X-Client-Program=1&&Prefer=/internal/v1/sales-order/search->1&/internal/v1/closing-time/get-list->1&/internal/v1/next-business-day/search->1
■api Body：　{  "localCorporationCode": "str",  "accessIpAddress": "string",  "sessionId": "string",  "screenId": "string",  "processId": "string",  "programType": "a",  "createDate": "20190824",  "registerMode": "0",  "detailInformationList": null}
■loginUser：　UserLoginInfo
■Response：：
{
  "code": "N0000000003E",
  "message": "Constraint violation",
  "detailList": [
    {
      "target": "detailInformationList",
      "detailList": [
        {
          "code": "N0000003100E",
          "argumentList": [],
          "message": "detailInformationList must not be null, blank, or empty"
        }
      ]
    }
  ]
}