■api名称：　印刷
■api Request：　/internal/v1/stop-shipment/print
■api方法：　POST
■api Headers：　Content-Type=application/json&&User-Agent=PostmanRuntime/7.28.4&&Accept=*/*&&Accept-Encoding=gzip, deflate, br&&Connection=keep-alive&&X-Client-Program=1&&Idempotency-Key=1&&Prefer=/v1/gw-stop-shipment/reference->example-1&/internal/v1/product-classification/get-list->example-1&/internal/v1/reason-type/get-list->example-1&/internal/v1/customer/get-list->example-1&/internal/v1/supplier/get-list->example-1&/internal/v1/plant/get-list->example-1&/v1/mail-template/preview->example-1&/internal/v1/report/find->example-1&/internal/v1/report/print->example-1&/internal/v1/report/download->example-1&/v1/mail/send->example-1&/v1/gw-stop-shipment/save->example-1
■api Body：　 {  "businessSceneType": "st",  "printList": [    {      "globalNumber": "CA000032000086",      "productCode": "string",      "brandCode": "stri",      "contactList": "s",      "qty": 9999999,      "marketCode": "st",      "plantCode": null,      "storageLocationCode": "stri",      "slipType":"str",      "soArrivalDate": "2019-08-24T14:15:22Z",      "soShipmentDate": "2019-08-24T14:15:22Z",      "soStatusType": "1",      "stopShipmentFlag": "1",      "inputProcessDate": "2019-08-24",      "time": "14:15:22Z",      "id": "string",      "historyDisplayType": "s",      "updateCount": 9999    }  ]}
■loginUser：　
■Response：：
{
  "code": "N0000000003E",
  "message": "Constraint violation",
  "detailList": [
    {
      "target": "printList[0].plantCode",
      "detailList": [
        {
          "code": "N0000003100E",
          "argumentList": [],
          "message": "printList[0].plantCode must not be null, blank, or empty"
        }
      ]
    }
  ]
}