ケース番号=No.036;実施開始時間=2021-10-20 22:37:44.872;実施終了時間=2021-10-20 22:37:45.405;実施結果=OK.
======以下はアクション毎の確認ログ。======
【実行結果=OK】【操作(DB準備)】【テーブル：idempotent_requests,DB状態：1】:開始時間=2021-10-20 22:37:44.875;終了時間=2021-10-20 22:37:44.883
【実行結果=OK】【操作(DB準備)】【テーブル：c_process_parameter,DB状態：1】:開始時間=2021-10-20 22:37:44.883;終了時間=2021-10-20 22:37:44.953
【実行結果=OK】【操作(DB準備)】【テーブル：c_email_function,DB状態：1】:開始時間=2021-10-20 22:37:44.953;終了時間=2021-10-20 22:37:45.130
【実行結果=OK】【操作(DB準備)】【テーブル：c_email_send_group,DB状態：1】:開始時間=2021-10-20 22:37:45.130;終了時間=2021-10-20 22:37:45.289
【実行結果=OK】【操作(DB準備)】【テーブル：c_email_to,DB状態：1】:開始時間=2021-10-20 22:37:45.289;終了時間=2021-10-20 22:37:45.339
【実行結果=OK】【操作(DB準備)】【テーブル：c_email_template,DB状態：1】:開始時間=2021-10-20 22:37:45.339;終了時間=2021-10-20 22:37:45.390
【実行結果=OK】【操作(api)】【/v1/gw-stop-shipment/reference】:開始時間=2021-10-20 22:37:45.390;終了時間=2021-10-20 22:37:45.391
【実行結果=OK】【操作(api)】【/internal/v1/product-classification/get-list】:開始時間=2021-10-20 22:37:45.391;終了時間=2021-10-20 22:37:45.391
【実行結果=OK】【操作(api)】【/internal/v1/reason-type/get-list】:開始時間=2021-10-20 22:37:45.391;終了時間=2021-10-20 22:37:45.391
【実行結果=OK】【操作(api)】【/internal/v1/customer/get-list】:開始時間=2021-10-20 22:37:45.392;終了時間=2021-10-20 22:37:45.392
【実行結果=OK】【操作(api)】【/internal/v1/supplier/get-list】:開始時間=2021-10-20 22:37:45.392;終了時間=2021-10-20 22:37:45.392
【実行結果=OK】【操作(api)】【/internal/v1/plant/get-list】:開始時間=2021-10-20 22:37:45.392;終了時間=2021-10-20 22:37:45.393
【実行結果=OK】【操作(api)】【/v1/mail-template/preview】:開始時間=2021-10-20 22:37:45.393;終了時間=2021-10-20 22:37:45.393
【実行結果=OK】【操作(api)】【/internal/v1/report/find】:開始時間=2021-10-20 22:37:45.393;終了時間=2021-10-20 22:37:45.393
【実行結果=OK】【操作(api)】【/internal/v1/report/print】:開始時間=2021-10-20 22:37:45.393;終了時間=2021-10-20 22:37:45.394
【実行結果=OK】【操作(api)】【/internal/v1/report/download】:開始時間=2021-10-20 22:37:45.394;終了時間=2021-10-20 22:37:45.394
【実行結果=OK】【操作(api)】【/v1/mail/send】:開始時間=2021-10-20 22:37:45.394;終了時間=2021-10-20 22:37:45.394
【実行結果=OK】【操作(api)】【/v1/gw-stop-shipment/save】:開始時間=2021-10-20 22:37:45.394;終了時間=2021-10-20 22:37:45.395
【実行結果=OK】【操作(api)】【印刷】:開始時間=2021-10-20 22:37:45.395;終了時間=2021-10-20 22:37:45.404
