ケース番号=No.040;実施開始時間=2021-10-20 22:37:47.880;実施終了時間=2021-10-20 22:37:48.208;実施結果=OK.
======以下はアクション毎の確認ログ。======
【実行結果=OK】【操作(DB準備)】【テーブル：idempotent_requests,DB状態：1】:開始時間=2021-10-20 22:37:47.881;終了時間=2021-10-20 22:37:47.889
【実行結果=OK】【操作(DB準備)】【テーブル：c_process_parameter,DB状態：1】:開始時間=2021-10-20 22:37:47.889;終了時間=2021-10-20 22:37:47.951
【実行結果=OK】【操作(DB準備)】【テーブル：c_email_function,DB状態：1】:開始時間=2021-10-20 22:37:47.951;終了時間=2021-10-20 22:37:48.017
【実行結果=OK】【操作(DB準備)】【テーブル：c_email_send_group,DB状態：1】:開始時間=2021-10-20 22:37:48.017;終了時間=2021-10-20 22:37:48.075
【実行結果=OK】【操作(DB準備)】【テーブル：c_email_to,DB状態：1】:開始時間=2021-10-20 22:37:48.075;終了時間=2021-10-20 22:37:48.125
【実行結果=OK】【操作(DB準備)】【テーブル：c_email_template,DB状態：1】:開始時間=2021-10-20 22:37:48.125;終了時間=2021-10-20 22:37:48.193
【実行結果=OK】【操作(api)】【/v1/gw-stop-shipment/reference】:開始時間=2021-10-20 22:37:48.193;終了時間=2021-10-20 22:37:48.194
【実行結果=OK】【操作(api)】【/internal/v1/product-classification/get-list】:開始時間=2021-10-20 22:37:48.194;終了時間=2021-10-20 22:37:48.194
【実行結果=OK】【操作(api)】【/internal/v1/reason-type/get-list】:開始時間=2021-10-20 22:37:48.194;終了時間=2021-10-20 22:37:48.194
【実行結果=OK】【操作(api)】【/internal/v1/customer/get-list】:開始時間=2021-10-20 22:37:48.194;終了時間=2021-10-20 22:37:48.195
【実行結果=OK】【操作(api)】【/internal/v1/supplier/get-list】:開始時間=2021-10-20 22:37:48.195;終了時間=2021-10-20 22:37:48.195
【実行結果=OK】【操作(api)】【/internal/v1/plant/get-list】:開始時間=2021-10-20 22:37:48.195;終了時間=2021-10-20 22:37:48.195
【実行結果=OK】【操作(api)】【/v1/mail-template/preview】:開始時間=2021-10-20 22:37:48.195;終了時間=2021-10-20 22:37:48.196
【実行結果=OK】【操作(api)】【/internal/v1/report/find】:開始時間=2021-10-20 22:37:48.196;終了時間=2021-10-20 22:37:48.196
【実行結果=OK】【操作(api)】【/internal/v1/report/print】:開始時間=2021-10-20 22:37:48.196;終了時間=2021-10-20 22:37:48.196
【実行結果=OK】【操作(api)】【/internal/v1/report/download】:開始時間=2021-10-20 22:37:48.196;終了時間=2021-10-20 22:37:48.197
【実行結果=OK】【操作(api)】【/v1/mail/send】:開始時間=2021-10-20 22:37:48.197;終了時間=2021-10-20 22:37:48.197
【実行結果=OK】【操作(api)】【/v1/gw-stop-shipment/save】:開始時間=2021-10-20 22:37:48.197;終了時間=2021-10-20 22:37:48.197
【実行結果=OK】【操作(api)】【印刷】:開始時間=2021-10-20 22:37:48.197;終了時間=2021-10-20 22:37:48.207
