ケース番号=No.009;実施開始時間=2021-10-20 22:37:14.897;実施終了時間=2021-10-20 22:37:15.770;実施結果=OK.
======以下はアクション毎の確認ログ。======
【実行結果=OK】【操作(DB準備)】【テーブル：idempotent_requests,DB状態：1】:開始時間=2021-10-20 22:37:14.899;終了時間=2021-10-20 22:37:14.926
【実行結果=OK】【操作(DB準備)】【テーブル：c_process_parameter,DB状態：1】:開始時間=2021-10-20 22:37:14.926;終了時間=2021-10-20 22:37:14.984
【実行結果=OK】【操作(DB準備)】【テーブル：c_email_function,DB状態：1】:開始時間=2021-10-20 22:37:14.984;終了時間=2021-10-20 22:37:15.043
【実行結果=OK】【操作(DB準備)】【テーブル：c_email_send_group,DB状態：1】:開始時間=2021-10-20 22:37:15.043;終了時間=2021-10-20 22:37:15.233
【実行結果=OK】【操作(DB準備)】【テーブル：c_email_to,DB状態：1】:開始時間=2021-10-20 22:37:15.233;終了時間=2021-10-20 22:37:15.316
【実行結果=OK】【操作(DB準備)】【テーブル：c_email_template,DB状態：1】:開始時間=2021-10-20 22:37:15.316;終了時間=2021-10-20 22:37:15.366
【実行結果=OK】【操作(api)】【/v1/gw-stop-shipment/reference】:開始時間=2021-10-20 22:37:15.366;終了時間=2021-10-20 22:37:15.367
【実行結果=OK】【操作(api)】【/internal/v1/product-classification/get-list】:開始時間=2021-10-20 22:37:15.367;終了時間=2021-10-20 22:37:15.368
【実行結果=OK】【操作(api)】【/internal/v1/reason-type/get-list】:開始時間=2021-10-20 22:37:15.368;終了時間=2021-10-20 22:37:15.368
【実行結果=OK】【操作(api)】【/internal/v1/customer/get-list】:開始時間=2021-10-20 22:37:15.368;終了時間=2021-10-20 22:37:15.368
【実行結果=OK】【操作(api)】【/internal/v1/supplier/get-list】:開始時間=2021-10-20 22:37:15.368;終了時間=2021-10-20 22:37:15.369
【実行結果=OK】【操作(api)】【/internal/v1/plant/get-list】:開始時間=2021-10-20 22:37:15.369;終了時間=2021-10-20 22:37:15.369
【実行結果=OK】【操作(api)】【/v1/mail-template/preview】:開始時間=2021-10-20 22:37:15.369;終了時間=2021-10-20 22:37:15.370
【実行結果=OK】【操作(api)】【/internal/v1/report/find】:開始時間=2021-10-20 22:37:15.370;終了時間=2021-10-20 22:37:15.370
【実行結果=OK】【操作(api)】【/internal/v1/report/print】:開始時間=2021-10-20 22:37:15.370;終了時間=2021-10-20 22:37:15.371
【実行結果=OK】【操作(api)】【/internal/v1/report/download】:開始時間=2021-10-20 22:37:15.371;終了時間=2021-10-20 22:37:15.371
【実行結果=OK】【操作(api)】【/v1/mail/send】:開始時間=2021-10-20 22:37:15.371;終了時間=2021-10-20 22:37:15.371
【実行結果=OK】【操作(api)】【/v1/gw-stop-shipment/save】:開始時間=2021-10-20 22:37:15.372;終了時間=2021-10-20 22:37:15.372
【実行結果=OK】【操作(api)】【印刷】:開始時間=2021-10-20 22:37:15.372;終了時間=2021-10-20 22:37:15.762
