ケース番号=No.046;実施開始時間=2021-10-20 22:37:52.130;実施終了時間=2021-10-20 22:37:52.433;実施結果=OK.
======以下はアクション毎の確認ログ。======
【実行結果=OK】【操作(DB準備)】【テーブル：idempotent_requests,DB状態：1】:開始時間=2021-10-20 22:37:52.131;終了時間=2021-10-20 22:37:52.142
【実行結果=OK】【操作(DB準備)】【テーブル：c_process_parameter,DB状態：1】:開始時間=2021-10-20 22:37:52.142;終了時間=2021-10-20 22:37:52.201
【実行結果=OK】【操作(DB準備)】【テーブル：c_email_function,DB状態：1】:開始時間=2021-10-20 22:37:52.201;終了時間=2021-10-20 22:37:52.267
【実行結果=OK】【操作(DB準備)】【テーブル：c_email_send_group,DB状態：1】:開始時間=2021-10-20 22:37:52.267;終了時間=2021-10-20 22:37:52.317
【実行結果=OK】【操作(DB準備)】【テーブル：c_email_to,DB状態：1】:開始時間=2021-10-20 22:37:52.317;終了時間=2021-10-20 22:37:52.367
【実行結果=OK】【操作(DB準備)】【テーブル：c_email_template,DB状態：1】:開始時間=2021-10-20 22:37:52.367;終了時間=2021-10-20 22:37:52.417
【実行結果=OK】【操作(api)】【/v1/gw-stop-shipment/reference】:開始時間=2021-10-20 22:37:52.417;終了時間=2021-10-20 22:37:52.418
【実行結果=OK】【操作(api)】【/internal/v1/product-classification/get-list】:開始時間=2021-10-20 22:37:52.418;終了時間=2021-10-20 22:37:52.418
【実行結果=OK】【操作(api)】【/internal/v1/reason-type/get-list】:開始時間=2021-10-20 22:37:52.418;終了時間=2021-10-20 22:37:52.419
【実行結果=OK】【操作(api)】【/internal/v1/customer/get-list】:開始時間=2021-10-20 22:37:52.419;終了時間=2021-10-20 22:37:52.419
【実行結果=OK】【操作(api)】【/internal/v1/supplier/get-list】:開始時間=2021-10-20 22:37:52.419;終了時間=2021-10-20 22:37:52.419
【実行結果=OK】【操作(api)】【/internal/v1/plant/get-list】:開始時間=2021-10-20 22:37:52.419;終了時間=2021-10-20 22:37:52.420
【実行結果=OK】【操作(api)】【/v1/mail-template/preview】:開始時間=2021-10-20 22:37:52.420;終了時間=2021-10-20 22:37:52.420
【実行結果=OK】【操作(api)】【/internal/v1/report/find】:開始時間=2021-10-20 22:37:52.420;終了時間=2021-10-20 22:37:52.420
【実行結果=OK】【操作(api)】【/internal/v1/report/print】:開始時間=2021-10-20 22:37:52.420;終了時間=2021-10-20 22:37:52.421
【実行結果=OK】【操作(api)】【/internal/v1/report/download】:開始時間=2021-10-20 22:37:52.421;終了時間=2021-10-20 22:37:52.421
【実行結果=OK】【操作(api)】【/v1/mail/send】:開始時間=2021-10-20 22:37:52.421;終了時間=2021-10-20 22:37:52.421
【実行結果=OK】【操作(api)】【/v1/gw-stop-shipment/save】:開始時間=2021-10-20 22:37:52.421;終了時間=2021-10-20 22:37:52.422
【実行結果=OK】【操作(api)】【印刷】:開始時間=2021-10-20 22:37:52.422;終了時間=2021-10-20 22:37:52.433
