ケース番号=No.016;実施開始時間=2021-10-20 22:37:23.569;実施終了時間=2021-10-20 22:37:24.199;実施結果=OK.
======以下はアクション毎の確認ログ。======
【実行結果=OK】【操作(DB準備)】【テーブル：idempotent_requests,DB状態：1】:開始時間=2021-10-20 22:37:23.570;終了時間=2021-10-20 22:37:23.601
【実行結果=OK】【操作(DB準備)】【テーブル：c_process_parameter,DB状態：1】:開始時間=2021-10-20 22:37:23.601;終了時間=2021-10-20 22:37:23.659
【実行結果=OK】【操作(DB準備)】【テーブル：c_email_function,DB状態：8】:開始時間=2021-10-20 22:37:23.659;終了時間=2021-10-20 22:37:23.726
【実行結果=OK】【操作(DB準備)】【テーブル：c_email_send_group,DB状態：8】:開始時間=2021-10-20 22:37:23.726;終了時間=2021-10-20 22:37:23.784
【実行結果=OK】【操作(DB準備)】【テーブル：c_email_to,DB状態：8】:開始時間=2021-10-20 22:37:23.784;終了時間=2021-10-20 22:37:23.850
【実行結果=OK】【操作(DB準備)】【テーブル：c_email_template,DB状態：8】:開始時間=2021-10-20 22:37:23.850;終了時間=2021-10-20 22:37:23.900
【実行結果=OK】【操作(api)】【/v1/gw-stop-shipment/reference】:開始時間=2021-10-20 22:37:23.900;終了時間=2021-10-20 22:37:23.901
【実行結果=OK】【操作(api)】【/internal/v1/product-classification/get-list】:開始時間=2021-10-20 22:37:23.901;終了時間=2021-10-20 22:37:23.901
【実行結果=OK】【操作(api)】【/internal/v1/reason-type/get-list】:開始時間=2021-10-20 22:37:23.902;終了時間=2021-10-20 22:37:23.902
【実行結果=OK】【操作(api)】【/internal/v1/customer/get-list】:開始時間=2021-10-20 22:37:23.902;終了時間=2021-10-20 22:37:23.902
【実行結果=OK】【操作(api)】【/internal/v1/supplier/get-list】:開始時間=2021-10-20 22:37:23.902;終了時間=2021-10-20 22:37:23.903
【実行結果=OK】【操作(api)】【/internal/v1/plant/get-list】:開始時間=2021-10-20 22:37:23.903;終了時間=2021-10-20 22:37:23.903
【実行結果=OK】【操作(api)】【/v1/mail-template/preview】:開始時間=2021-10-20 22:37:23.903;終了時間=2021-10-20 22:37:23.903
【実行結果=OK】【操作(api)】【/internal/v1/report/find】:開始時間=2021-10-20 22:37:23.903;終了時間=2021-10-20 22:37:23.904
【実行結果=OK】【操作(api)】【/internal/v1/report/print】:開始時間=2021-10-20 22:37:23.904;終了時間=2021-10-20 22:37:23.904
【実行結果=OK】【操作(api)】【/internal/v1/report/download】:開始時間=2021-10-20 22:37:23.904;終了時間=2021-10-20 22:37:23.905
【実行結果=OK】【操作(api)】【/v1/mail/send】:開始時間=2021-10-20 22:37:23.905;終了時間=2021-10-20 22:37:23.905
【実行結果=OK】【操作(api)】【/v1/gw-stop-shipment/save】:開始時間=2021-10-20 22:37:23.905;終了時間=2021-10-20 22:37:23.905
【実行結果=OK】【操作(api)】【印刷】:開始時間=2021-10-20 22:37:23.905;終了時間=2021-10-20 22:37:24.194
