ケース番号=No.020;実施開始時間=2021-10-20 22:37:27.845;実施終了時間=2021-10-20 22:37:28.506;実施結果=OK.
======以下はアクション毎の確認ログ。======
【実行結果=OK】【操作(DB準備)】【テーブル：idempotent_requests,DB状態：1】:開始時間=2021-10-20 22:37:27.848;終了時間=2021-10-20 22:37:27.890
【実行結果=OK】【操作(DB準備)】【テーブル：c_process_parameter,DB状態：1】:開始時間=2021-10-20 22:37:27.890;終了時間=2021-10-20 22:37:27.983
【実行結果=OK】【操作(DB準備)】【テーブル：c_email_function,DB状態：12】:開始時間=2021-10-20 22:37:27.983;終了時間=2021-10-20 22:37:28.058
【実行結果=OK】【操作(DB準備)】【テーブル：c_email_send_group,DB状態：12】:開始時間=2021-10-20 22:37:28.058;終了時間=2021-10-20 22:37:28.123
【実行結果=OK】【操作(DB準備)】【テーブル：c_email_to,DB状態：12】:開始時間=2021-10-20 22:37:28.123;終了時間=2021-10-20 22:37:28.174
【実行結果=OK】【操作(DB準備)】【テーブル：c_email_template,DB状態：12】:開始時間=2021-10-20 22:37:28.174;終了時間=2021-10-20 22:37:28.225
【実行結果=OK】【操作(api)】【/v1/gw-stop-shipment/reference】:開始時間=2021-10-20 22:37:28.225;終了時間=2021-10-20 22:37:28.226
【実行結果=OK】【操作(api)】【/internal/v1/product-classification/get-list】:開始時間=2021-10-20 22:37:28.226;終了時間=2021-10-20 22:37:28.226
【実行結果=OK】【操作(api)】【/internal/v1/reason-type/get-list】:開始時間=2021-10-20 22:37:28.226;終了時間=2021-10-20 22:37:28.227
【実行結果=OK】【操作(api)】【/internal/v1/customer/get-list】:開始時間=2021-10-20 22:37:28.227;終了時間=2021-10-20 22:37:28.227
【実行結果=OK】【操作(api)】【/internal/v1/supplier/get-list】:開始時間=2021-10-20 22:37:28.227;終了時間=2021-10-20 22:37:28.228
【実行結果=OK】【操作(api)】【/internal/v1/plant/get-list】:開始時間=2021-10-20 22:37:28.228;終了時間=2021-10-20 22:37:28.228
【実行結果=OK】【操作(api)】【/v1/mail-template/preview】:開始時間=2021-10-20 22:37:28.228;終了時間=2021-10-20 22:37:28.228
【実行結果=OK】【操作(api)】【/internal/v1/report/find】:開始時間=2021-10-20 22:37:28.228;終了時間=2021-10-20 22:37:28.229
【実行結果=OK】【操作(api)】【/internal/v1/report/print】:開始時間=2021-10-20 22:37:28.229;終了時間=2021-10-20 22:37:28.230
【実行結果=OK】【操作(api)】【/internal/v1/report/download】:開始時間=2021-10-20 22:37:28.230;終了時間=2021-10-20 22:37:28.230
【実行結果=OK】【操作(api)】【/v1/mail/send】:開始時間=2021-10-20 22:37:28.230;終了時間=2021-10-20 22:37:28.230
【実行結果=OK】【操作(api)】【/v1/gw-stop-shipment/save】:開始時間=2021-10-20 22:37:28.230;終了時間=2021-10-20 22:37:28.231
【実行結果=OK】【操作(api)】【印刷】:開始時間=2021-10-20 22:37:28.231;終了時間=2021-10-20 22:37:28.502
