ケース番号=No.039;実施開始時間=2021-10-20 22:37:47.163;実施終了時間=2021-10-20 22:37:47.518;実施結果=OK.
======以下はアクション毎の確認ログ。======
【実行結果=OK】【操作(DB準備)】【テーブル：idempotent_requests,DB状態：1】:開始時間=2021-10-20 22:37:47.165;終了時間=2021-10-20 22:37:47.173
【実行結果=OK】【操作(DB準備)】【テーブル：c_process_parameter,DB状態：1】:開始時間=2021-10-20 22:37:47.173;終了時間=2021-10-20 22:37:47.251
【実行結果=OK】【操作(DB準備)】【テーブル：c_email_function,DB状態：1】:開始時間=2021-10-20 22:37:47.251;終了時間=2021-10-20 22:37:47.318
【実行結果=OK】【操作(DB準備)】【テーブル：c_email_send_group,DB状態：1】:開始時間=2021-10-20 22:37:47.318;終了時間=2021-10-20 22:37:47.376
【実行結果=OK】【操作(DB準備)】【テーブル：c_email_to,DB状態：1】:開始時間=2021-10-20 22:37:47.376;終了時間=2021-10-20 22:37:47.432
【実行結果=OK】【操作(DB準備)】【テーブル：c_email_template,DB状態：1】:開始時間=2021-10-20 22:37:47.432;終了時間=2021-10-20 22:37:47.486
【実行結果=OK】【操作(api)】【/v1/gw-stop-shipment/reference】:開始時間=2021-10-20 22:37:47.486;終了時間=2021-10-20 22:37:47.490
【実行結果=OK】【操作(api)】【/internal/v1/product-classification/get-list】:開始時間=2021-10-20 22:37:47.490;終了時間=2021-10-20 22:37:47.491
【実行結果=OK】【操作(api)】【/internal/v1/reason-type/get-list】:開始時間=2021-10-20 22:37:47.491;終了時間=2021-10-20 22:37:47.493
【実行結果=OK】【操作(api)】【/internal/v1/customer/get-list】:開始時間=2021-10-20 22:37:47.493;終了時間=2021-10-20 22:37:47.495
【実行結果=OK】【操作(api)】【/internal/v1/supplier/get-list】:開始時間=2021-10-20 22:37:47.495;終了時間=2021-10-20 22:37:47.496
【実行結果=OK】【操作(api)】【/internal/v1/plant/get-list】:開始時間=2021-10-20 22:37:47.496;終了時間=2021-10-20 22:37:47.496
【実行結果=OK】【操作(api)】【/v1/mail-template/preview】:開始時間=2021-10-20 22:37:47.496;終了時間=2021-10-20 22:37:47.496
【実行結果=OK】【操作(api)】【/internal/v1/report/find】:開始時間=2021-10-20 22:37:47.496;終了時間=2021-10-20 22:37:47.497
【実行結果=OK】【操作(api)】【/internal/v1/report/print】:開始時間=2021-10-20 22:37:47.497;終了時間=2021-10-20 22:37:47.497
【実行結果=OK】【操作(api)】【/internal/v1/report/download】:開始時間=2021-10-20 22:37:47.497;終了時間=2021-10-20 22:37:47.497
【実行結果=OK】【操作(api)】【/v1/mail/send】:開始時間=2021-10-20 22:37:47.497;終了時間=2021-10-20 22:37:47.498
【実行結果=OK】【操作(api)】【/v1/gw-stop-shipment/save】:開始時間=2021-10-20 22:37:47.498;終了時間=2021-10-20 22:37:47.498
【実行結果=OK】【操作(api)】【印刷】:開始時間=2021-10-20 22:37:47.498;終了時間=2021-10-20 22:37:47.517
