ケース番号=No.012;実施開始時間=2021-10-20 22:37:18.510;実施終了時間=2021-10-20 22:37:19.349;実施結果=OK.
======以下はアクション毎の確認ログ。======
【実行結果=OK】【操作(DB準備)】【テーブル：idempotent_requests,DB状態：1】:開始時間=2021-10-20 22:37:18.511;終了時間=2021-10-20 22:37:18.550
【実行結果=OK】【操作(DB準備)】【テーブル：c_process_parameter,DB状態：3】:開始時間=2021-10-20 22:37:18.550;終了時間=2021-10-20 22:37:18.702
【実行結果=OK】【操作(DB準備)】【テーブル：c_email_function,DB状態：1】:開始時間=2021-10-20 22:37:18.702;終了時間=2021-10-20 22:37:18.775
【実行結果=OK】【操作(DB準備)】【テーブル：c_email_send_group,DB状態：1】:開始時間=2021-10-20 22:37:18.775;終了時間=2021-10-20 22:37:18.827
【実行結果=OK】【操作(DB準備)】【テーブル：c_email_to,DB状態：1】:開始時間=2021-10-20 22:37:18.827;終了時間=2021-10-20 22:37:18.884
【実行結果=OK】【操作(DB準備)】【テーブル：c_email_template,DB状態：1】:開始時間=2021-10-20 22:37:18.884;終了時間=2021-10-20 22:37:18.935
【実行結果=OK】【操作(api)】【/v1/gw-stop-shipment/reference】:開始時間=2021-10-20 22:37:18.935;終了時間=2021-10-20 22:37:18.936
【実行結果=OK】【操作(api)】【/internal/v1/product-classification/get-list】:開始時間=2021-10-20 22:37:18.936;終了時間=2021-10-20 22:37:18.936
【実行結果=OK】【操作(api)】【/internal/v1/reason-type/get-list】:開始時間=2021-10-20 22:37:18.936;終了時間=2021-10-20 22:37:18.936
【実行結果=OK】【操作(api)】【/internal/v1/customer/get-list】:開始時間=2021-10-20 22:37:18.937;終了時間=2021-10-20 22:37:18.937
【実行結果=OK】【操作(api)】【/internal/v1/supplier/get-list】:開始時間=2021-10-20 22:37:18.937;終了時間=2021-10-20 22:37:18.937
【実行結果=OK】【操作(api)】【/internal/v1/plant/get-list】:開始時間=2021-10-20 22:37:18.937;終了時間=2021-10-20 22:37:18.938
【実行結果=OK】【操作(api)】【/v1/mail-template/preview】:開始時間=2021-10-20 22:37:18.938;終了時間=2021-10-20 22:37:18.938
【実行結果=OK】【操作(api)】【/internal/v1/report/find】:開始時間=2021-10-20 22:37:18.938;終了時間=2021-10-20 22:37:18.938
【実行結果=OK】【操作(api)】【/internal/v1/report/print】:開始時間=2021-10-20 22:37:18.938;終了時間=2021-10-20 22:37:18.939
【実行結果=OK】【操作(api)】【/internal/v1/report/download】:開始時間=2021-10-20 22:37:18.939;終了時間=2021-10-20 22:37:18.939
【実行結果=OK】【操作(api)】【/v1/mail/send】:開始時間=2021-10-20 22:37:18.939;終了時間=2021-10-20 22:37:18.940
【実行結果=OK】【操作(api)】【/v1/gw-stop-shipment/save】:開始時間=2021-10-20 22:37:18.940;終了時間=2021-10-20 22:37:18.940
【実行結果=OK】【操作(api)】【印刷】:開始時間=2021-10-20 22:37:18.940;終了時間=2021-10-20 22:37:19.345
