■api名称：　入力チェック
■api Request：　/internal/v1/customer-inquiry/search?leadTimeProductInquiryId=111
■api方法：　GET
■api Headers：　Content-Type=application/json&&User-Agent=PostmanRuntime/7.28.4&&Accept=*/*&&Accept-Encoding=gzip, deflate, br&&Connection=keep-alive&&X-Client-Program=test&&Idempotency-Key=5a037a9e-2500-4724-a005-997a1ab13001&&Authorization=111&&
■api Body：　-
■loginUser：　
■api Response：{
  "inquiryDetailsList": [
    {
      "leadTimeProductInquiryId": 111,
      "inquiryId": "1",
      "sendMediaType": "01",
      "sendType": "1",
      "createDateTime": "2021-08-28T08:00:00+09:00",
      "inquiryContent": "123",
      "misumiPicId": "tvrxtXMliGhSzQa",
      "misumiPicName": "tvrxtXMliGhSzQa",
      "emailTo": "123456",
      "emailCc": "1234567"
    }
  ]
}