ケース番号=No.041;実施開始時間=2021-10-20 22:37:48.566;実施終了時間=2021-10-20 22:37:48.928;実施結果=OK.
======以下はアクション毎の確認ログ。======
【実行結果=OK】【操作(DB準備)】【テーブル：idempotent_requests,DB状態：1】:開始時間=2021-10-20 22:37:48.568;終了時間=2021-10-20 22:37:48.577
【実行結果=OK】【操作(DB準備)】【テーブル：c_process_parameter,DB状態：1】:開始時間=2021-10-20 22:37:48.577;終了時間=2021-10-20 22:37:48.667
【実行結果=OK】【操作(DB準備)】【テーブル：c_email_function,DB状態：1】:開始時間=2021-10-20 22:37:48.667;終了時間=2021-10-20 22:37:48.736
【実行結果=OK】【操作(DB準備)】【テーブル：c_email_send_group,DB状態：1】:開始時間=2021-10-20 22:37:48.736;終了時間=2021-10-20 22:37:48.801
【実行結果=OK】【操作(DB準備)】【テーブル：c_email_to,DB状態：1】:開始時間=2021-10-20 22:37:48.801;終了時間=2021-10-20 22:37:48.850
【実行結果=OK】【操作(DB準備)】【テーブル：c_email_template,DB状態：1】:開始時間=2021-10-20 22:37:48.850;終了時間=2021-10-20 22:37:48.903
【実行結果=OK】【操作(api)】【/v1/gw-stop-shipment/reference】:開始時間=2021-10-20 22:37:48.903;終了時間=2021-10-20 22:37:48.907
【実行結果=OK】【操作(api)】【/internal/v1/product-classification/get-list】:開始時間=2021-10-20 22:37:48.907;終了時間=2021-10-20 22:37:48.907
【実行結果=OK】【操作(api)】【/internal/v1/reason-type/get-list】:開始時間=2021-10-20 22:37:48.908;終了時間=2021-10-20 22:37:48.908
【実行結果=OK】【操作(api)】【/internal/v1/customer/get-list】:開始時間=2021-10-20 22:37:48.908;終了時間=2021-10-20 22:37:48.908
【実行結果=OK】【操作(api)】【/internal/v1/supplier/get-list】:開始時間=2021-10-20 22:37:48.908;終了時間=2021-10-20 22:37:48.909
【実行結果=OK】【操作(api)】【/internal/v1/plant/get-list】:開始時間=2021-10-20 22:37:48.909;終了時間=2021-10-20 22:37:48.909
【実行結果=OK】【操作(api)】【/v1/mail-template/preview】:開始時間=2021-10-20 22:37:48.909;終了時間=2021-10-20 22:37:48.909
【実行結果=OK】【操作(api)】【/internal/v1/report/find】:開始時間=2021-10-20 22:37:48.909;終了時間=2021-10-20 22:37:48.910
【実行結果=OK】【操作(api)】【/internal/v1/report/print】:開始時間=2021-10-20 22:37:48.910;終了時間=2021-10-20 22:37:48.910
【実行結果=OK】【操作(api)】【/internal/v1/report/download】:開始時間=2021-10-20 22:37:48.910;終了時間=2021-10-20 22:37:48.910
【実行結果=OK】【操作(api)】【/v1/mail/send】:開始時間=2021-10-20 22:37:48.910;終了時間=2021-10-20 22:37:48.911
【実行結果=OK】【操作(api)】【/v1/gw-stop-shipment/save】:開始時間=2021-10-20 22:37:48.911;終了時間=2021-10-20 22:37:48.911
【実行結果=OK】【操作(api)】【印刷】:開始時間=2021-10-20 22:37:48.911;終了時間=2021-10-20 22:37:48.927
