■api名称：　登录
■api Request：　/internal/v1/stock-adjustment/reference
■api方法：　POST
■api Headers：　Content-Type=application/json&&User-Agent=PostmanRuntime/7.26.10&&Accept=*/*&&Accept-Encoding=gzip, deflate, br&&Connection=keep-alive&&X-Client-Program=1&&Prefer=/internal/v1/subsidiary/get->1&/internal/v1/reason-type/get-list->2&/internal/v1/product/search->1&/internal/v1/product-control-department/get-list->2&/internal/v1/brand/get-list->record0&/internal/v1/ginner-info/get-list->2&/internal/v1/type-code/get-list->2&/internal/v1/product-classification/get-list->2
■api Body：　{  "businessSceneType": "11",  "stockAdjustmentInfoList": [    {      "plantCode": "1234",      "reasonType": "A1234",      "responsibilityDepartmentCode": "1",      "processMode": "1",      "ginnerCode": "MDM10040007505",      "productCode": "1",      "brandCode": "MSM1",      "currentStockQty": 9999919,      "stockDifferenceQty": 9999999    }  ]}
■loginUser：　UserLoginInfo
■Response：：
{
  "productInfomationList": [
    {
      "checkResult": "NG",
      "subsidiaryCode": "MJP",
      "ginnerCode": "MDM10040007505",
      "productCode": "1",
      "brandCode": "MSM1",
      "ccy": "TWD",
      "productControlDepartmentName": "KNLB6",
      "productControlDepartmentCode": "000001",
      "reasonType": "A1234",
      "reasonTypeName": "理由内容（英語）",
      "marketCode": "11",
      "errorList": [
        {
          "errorCode": "NSCVA1R0013E",
          "errorMessage": "指定のブランド情報に該当するデータは存在しません。ブランド情報の登録状況をお確かめください。"
        },
        {
          "errorCode": "NSCVA1R0014E",
          "errorMessage": "在庫情報の参照に失敗しました。\\n\" + \"しばらくしてから再実行してもエラーとなる場合は、システム管理者にご連絡ください。"
        }
      ]
    }
  ]
}