ケース番号=No.025;実施開始時間=2021-10-20 22:37:33.316;実施終了時間=2021-10-20 22:37:34.244;実施結果=OK.
======以下はアクション毎の確認ログ。======
【実行結果=OK】【操作(DB準備)】【テーブル：idempotent_requests,DB状態：1】:開始時間=2021-10-20 22:37:33.337;終了時間=2021-10-20 22:37:33.376
【実行結果=OK】【操作(DB準備)】【テーブル：c_process_parameter,DB状態：4】:開始時間=2021-10-20 22:37:33.376;終了時間=2021-10-20 22:37:33.456
【実行結果=OK】【操作(DB準備)】【テーブル：c_email_function,DB状態：17】:開始時間=2021-10-20 22:37:33.456;終了時間=2021-10-20 22:37:33.517
【実行結果=OK】【操作(DB準備)】【テーブル：c_email_send_group,DB状態：17】:開始時間=2021-10-20 22:37:33.517;終了時間=2021-10-20 22:37:33.584
【実行結果=OK】【操作(DB準備)】【テーブル：c_email_to,DB状態：17】:開始時間=2021-10-20 22:37:33.584;終了時間=2021-10-20 22:37:33.652
【実行結果=OK】【操作(DB準備)】【テーブル：c_email_template,DB状態：17】:開始時間=2021-10-20 22:37:33.652;終了時間=2021-10-20 22:37:33.786
【実行結果=OK】【操作(api)】【/v1/gw-stop-shipment/reference】:開始時間=2021-10-20 22:37:33.786;終了時間=2021-10-20 22:37:33.789
【実行結果=OK】【操作(api)】【/internal/v1/product-classification/get-list】:開始時間=2021-10-20 22:37:33.789;終了時間=2021-10-20 22:37:33.790
【実行結果=OK】【操作(api)】【/internal/v1/reason-type/get-list】:開始時間=2021-10-20 22:37:33.790;終了時間=2021-10-20 22:37:33.791
【実行結果=OK】【操作(api)】【/internal/v1/customer/get-list】:開始時間=2021-10-20 22:37:33.791;終了時間=2021-10-20 22:37:33.791
【実行結果=OK】【操作(api)】【/internal/v1/supplier/get-list】:開始時間=2021-10-20 22:37:33.791;終了時間=2021-10-20 22:37:33.791
【実行結果=OK】【操作(api)】【/internal/v1/plant/get-list】:開始時間=2021-10-20 22:37:33.791;終了時間=2021-10-20 22:37:33.792
【実行結果=OK】【操作(api)】【/v1/mail-template/preview】:開始時間=2021-10-20 22:37:33.792;終了時間=2021-10-20 22:37:33.792
【実行結果=OK】【操作(api)】【/internal/v1/report/find】:開始時間=2021-10-20 22:37:33.792;終了時間=2021-10-20 22:37:33.792
【実行結果=OK】【操作(api)】【/internal/v1/report/print】:開始時間=2021-10-20 22:37:33.792;終了時間=2021-10-20 22:37:33.793
【実行結果=OK】【操作(api)】【/internal/v1/report/download】:開始時間=2021-10-20 22:37:33.793;終了時間=2021-10-20 22:37:33.793
【実行結果=OK】【操作(api)】【/v1/mail/send】:開始時間=2021-10-20 22:37:33.793;終了時間=2021-10-20 22:37:33.793
【実行結果=OK】【操作(api)】【/v1/gw-stop-shipment/save】:開始時間=2021-10-20 22:37:33.793;終了時間=2021-10-20 22:37:33.794
【実行結果=OK】【操作(api)】【印刷】:開始時間=2021-10-20 22:37:33.794;終了時間=2021-10-20 22:37:34.240
