ケース番号=No.015;実施開始時間=2021-10-20 22:37:21.826;実施終了時間=2021-10-20 22:37:23.184;実施結果=OK.
======以下はアクション毎の確認ログ。======
【実行結果=OK】【操作(DB準備)】【テーブル：idempotent_requests,DB状態：1】:開始時間=2021-10-20 22:37:21.827;終了時間=2021-10-20 22:37:21.991
【実行結果=OK】【操作(DB準備)】【テーブル：c_process_parameter,DB状態：1】:開始時間=2021-10-20 22:37:21.991;終了時間=2021-10-20 22:37:22.201
【実行結果=OK】【操作(DB準備)】【テーブル：c_email_function,DB状態：7】:開始時間=2021-10-20 22:37:22.201;終了時間=2021-10-20 22:37:22.467
【実行結果=OK】【操作(DB準備)】【テーブル：c_email_send_group,DB状態：7】:開始時間=2021-10-20 22:37:22.468;終了時間=2021-10-20 22:37:22.667
【実行結果=OK】【操作(DB準備)】【テーブル：c_email_to,DB状態：7】:開始時間=2021-10-20 22:37:22.667;終了時間=2021-10-20 22:37:22.799
【実行結果=OK】【操作(DB準備)】【テーブル：c_email_template,DB状態：7】:開始時間=2021-10-20 22:37:22.799;終了時間=2021-10-20 22:37:22.851
【実行結果=OK】【操作(api)】【/v1/gw-stop-shipment/reference】:開始時間=2021-10-20 22:37:22.851;終了時間=2021-10-20 22:37:22.852
【実行結果=OK】【操作(api)】【/internal/v1/product-classification/get-list】:開始時間=2021-10-20 22:37:22.852;終了時間=2021-10-20 22:37:22.852
【実行結果=OK】【操作(api)】【/internal/v1/reason-type/get-list】:開始時間=2021-10-20 22:37:22.852;終了時間=2021-10-20 22:37:22.852
【実行結果=OK】【操作(api)】【/internal/v1/customer/get-list】:開始時間=2021-10-20 22:37:22.852;終了時間=2021-10-20 22:37:22.853
【実行結果=OK】【操作(api)】【/internal/v1/supplier/get-list】:開始時間=2021-10-20 22:37:22.853;終了時間=2021-10-20 22:37:22.853
【実行結果=OK】【操作(api)】【/internal/v1/plant/get-list】:開始時間=2021-10-20 22:37:22.853;終了時間=2021-10-20 22:37:22.853
【実行結果=OK】【操作(api)】【/v1/mail-template/preview】:開始時間=2021-10-20 22:37:22.854;終了時間=2021-10-20 22:37:22.854
【実行結果=OK】【操作(api)】【/internal/v1/report/find】:開始時間=2021-10-20 22:37:22.854;終了時間=2021-10-20 22:37:22.854
【実行結果=OK】【操作(api)】【/internal/v1/report/print】:開始時間=2021-10-20 22:37:22.854;終了時間=2021-10-20 22:37:22.855
【実行結果=OK】【操作(api)】【/internal/v1/report/download】:開始時間=2021-10-20 22:37:22.855;終了時間=2021-10-20 22:37:22.855
【実行結果=OK】【操作(api)】【/v1/mail/send】:開始時間=2021-10-20 22:37:22.855;終了時間=2021-10-20 22:37:22.855
【実行結果=OK】【操作(api)】【/v1/gw-stop-shipment/save】:開始時間=2021-10-20 22:37:22.855;終了時間=2021-10-20 22:37:22.856
【実行結果=OK】【操作(api)】【印刷】:開始時間=2021-10-20 22:37:22.856;終了時間=2021-10-20 22:37:23.180
