■api名称：　検索
■api Request：　/internal/v1/screen-field-display/get
■api方法：　POST
■api Headers：　Content-Type=application/json&&User-Agent=PostmanRuntime/7.28.4&&Accept=*/*&&Accept-Encoding=gzip, deflate, br&&Connection=keep-alive&&x-Client-Program=test&&x-Client-Program=test&&
■api Body：　{  "subsidiaryCode":"JPN",  "generalKeyList":[{      "olDisplayElementIdentifier":"",      "generalKey1":"11113",      "generalKey2":"",      "generalKey3":"",      "generalKey4":"",      "generalKey5":""  }]  }
■loginUser：　UserLoginInfo
■Response：：
{
  "ScreenFieldDisplayInternalList": [
    {
      "olDisplayElementIdentifier": "",
      "ScreenFieldDisplayInternalListIdentifier": [
        {
          "generalKey1": "11113",
          "generalKey2": "",
          "generalKey3": "",
          "generalKey4": "",
          "generalKey5": "",
          "codeValueReference1": "3006",
          "codeValueReference2": "",
          "codeValueReference3": "",
          "codeValueReference4": "",
          "codeValueReference5": ""
        }
      ]
    }
  ],
  "errorList": []
}