ケース番号=No.021;実施開始時間=2021-10-20 22:37:28.861;実施終了時間=2021-10-20 22:37:29.526;実施結果=OK.
======以下はアクション毎の確認ログ。======
【実行結果=OK】【操作(DB準備)】【テーブル：idempotent_requests,DB状態：1】:開始時間=2021-10-20 22:37:28.862;終了時間=2021-10-20 22:37:28.900
【実行結果=OK】【操作(DB準備)】【テーブル：c_process_parameter,DB状態：1】:開始時間=2021-10-20 22:37:28.900;終了時間=2021-10-20 22:37:28.965
【実行結果=OK】【操作(DB準備)】【テーブル：c_email_function,DB状態：13】:開始時間=2021-10-20 22:37:28.965;終了時間=2021-10-20 22:37:29.033
【実行結果=OK】【操作(DB準備)】【テーブル：c_email_send_group,DB状態：13】:開始時間=2021-10-20 22:37:29.033;終了時間=2021-10-20 22:37:29.090
【実行結果=OK】【操作(DB準備)】【テーブル：c_email_to,DB状態：13】:開始時間=2021-10-20 22:37:29.090;終了時間=2021-10-20 22:37:29.157
【実行結果=OK】【操作(DB準備)】【テーブル：c_email_template,DB状態：13】:開始時間=2021-10-20 22:37:29.157;終了時間=2021-10-20 22:37:29.207
【実行結果=OK】【操作(api)】【/v1/gw-stop-shipment/reference】:開始時間=2021-10-20 22:37:29.207;終了時間=2021-10-20 22:37:29.208
【実行結果=OK】【操作(api)】【/internal/v1/product-classification/get-list】:開始時間=2021-10-20 22:37:29.208;終了時間=2021-10-20 22:37:29.208
【実行結果=OK】【操作(api)】【/internal/v1/reason-type/get-list】:開始時間=2021-10-20 22:37:29.208;終了時間=2021-10-20 22:37:29.209
【実行結果=OK】【操作(api)】【/internal/v1/customer/get-list】:開始時間=2021-10-20 22:37:29.209;終了時間=2021-10-20 22:37:29.209
【実行結果=OK】【操作(api)】【/internal/v1/supplier/get-list】:開始時間=2021-10-20 22:37:29.209;終了時間=2021-10-20 22:37:29.210
【実行結果=OK】【操作(api)】【/internal/v1/plant/get-list】:開始時間=2021-10-20 22:37:29.210;終了時間=2021-10-20 22:37:29.210
【実行結果=OK】【操作(api)】【/v1/mail-template/preview】:開始時間=2021-10-20 22:37:29.210;終了時間=2021-10-20 22:37:29.210
【実行結果=OK】【操作(api)】【/internal/v1/report/find】:開始時間=2021-10-20 22:37:29.210;終了時間=2021-10-20 22:37:29.211
【実行結果=OK】【操作(api)】【/internal/v1/report/print】:開始時間=2021-10-20 22:37:29.211;終了時間=2021-10-20 22:37:29.211
【実行結果=OK】【操作(api)】【/internal/v1/report/download】:開始時間=2021-10-20 22:37:29.211;終了時間=2021-10-20 22:37:29.211
【実行結果=OK】【操作(api)】【/v1/mail/send】:開始時間=2021-10-20 22:37:29.211;終了時間=2021-10-20 22:37:29.212
【実行結果=OK】【操作(api)】【/v1/gw-stop-shipment/save】:開始時間=2021-10-20 22:37:29.212;終了時間=2021-10-20 22:37:29.212
【実行結果=OK】【操作(api)】【印刷】:開始時間=2021-10-20 22:37:29.212;終了時間=2021-10-20 22:37:29.521
