ケース番号=No.022;実施開始時間=2021-10-20 22:37:29.967;実施終了時間=2021-10-20 22:37:30.608;実施結果=OK.
======以下はアクション毎の確認ログ。======
【実行結果=OK】【操作(DB準備)】【テーブル：idempotent_requests,DB状態：1】:開始時間=2021-10-20 22:37:29.968;終了時間=2021-10-20 22:37:30.000
【実行結果=OK】【操作(DB準備)】【テーブル：c_process_parameter,DB状態：1】:開始時間=2021-10-20 22:37:30.000;終了時間=2021-10-20 22:37:30.090
【実行結果=OK】【操作(DB準備)】【テーブル：c_email_function,DB状態：14】:開始時間=2021-10-20 22:37:30.090;終了時間=2021-10-20 22:37:30.168
【実行結果=OK】【操作(DB準備)】【テーブル：c_email_send_group,DB状態：14】:開始時間=2021-10-20 22:37:30.168;終了時間=2021-10-20 22:37:30.217
【実行結果=OK】【操作(DB準備)】【テーブル：c_email_to,DB状態：14】:開始時間=2021-10-20 22:37:30.217;終了時間=2021-10-20 22:37:30.267
【実行結果=OK】【操作(DB準備)】【テーブル：c_email_template,DB状態：14】:開始時間=2021-10-20 22:37:30.267;終了時間=2021-10-20 22:37:30.317
【実行結果=OK】【操作(api)】【/v1/gw-stop-shipment/reference】:開始時間=2021-10-20 22:37:30.317;終了時間=2021-10-20 22:37:30.318
【実行結果=OK】【操作(api)】【/internal/v1/product-classification/get-list】:開始時間=2021-10-20 22:37:30.318;終了時間=2021-10-20 22:37:30.318
【実行結果=OK】【操作(api)】【/internal/v1/reason-type/get-list】:開始時間=2021-10-20 22:37:30.318;終了時間=2021-10-20 22:37:30.319
【実行結果=OK】【操作(api)】【/internal/v1/customer/get-list】:開始時間=2021-10-20 22:37:30.319;終了時間=2021-10-20 22:37:30.319
【実行結果=OK】【操作(api)】【/internal/v1/supplier/get-list】:開始時間=2021-10-20 22:37:30.319;終了時間=2021-10-20 22:37:30.319
【実行結果=OK】【操作(api)】【/internal/v1/plant/get-list】:開始時間=2021-10-20 22:37:30.320;終了時間=2021-10-20 22:37:30.320
【実行結果=OK】【操作(api)】【/v1/mail-template/preview】:開始時間=2021-10-20 22:37:30.320;終了時間=2021-10-20 22:37:30.320
【実行結果=OK】【操作(api)】【/internal/v1/report/find】:開始時間=2021-10-20 22:37:30.320;終了時間=2021-10-20 22:37:30.321
【実行結果=OK】【操作(api)】【/internal/v1/report/print】:開始時間=2021-10-20 22:37:30.321;終了時間=2021-10-20 22:37:30.321
【実行結果=OK】【操作(api)】【/internal/v1/report/download】:開始時間=2021-10-20 22:37:30.321;終了時間=2021-10-20 22:37:30.321
【実行結果=OK】【操作(api)】【/v1/mail/send】:開始時間=2021-10-20 22:37:30.321;終了時間=2021-10-20 22:37:30.322
【実行結果=OK】【操作(api)】【/v1/gw-stop-shipment/save】:開始時間=2021-10-20 22:37:30.322;終了時間=2021-10-20 22:37:30.322
【実行結果=OK】【操作(api)】【印刷】:開始時間=2021-10-20 22:37:30.322;終了時間=2021-10-20 22:37:30.604
