ケース番号=No.001;実施開始時間=2021-10-11 13:37:13.683;実施終了時間=2021-10-11 13:37:16.413;実施結果=OK.
======以下はアクション毎の確認ログ。======
【実行結果=OK】【操作(DB準備)】【テーブル：c_process_parameter,DB状態：1】:開始時間=2021-10-11 13:37:13.723;終了時間=2021-10-11 13:37:14.229
【実行結果=OK】【操作(DB準備)】【テーブル：c_email_function,DB状態：1】:開始時間=2021-10-11 13:37:14.229;終了時間=2021-10-11 13:37:14.282
【実行結果=OK】【操作(DB準備)】【テーブル：c_email_send_group,DB状態：1】:開始時間=2021-10-11 13:37:14.283;終了時間=2021-10-11 13:37:14.357
【実行結果=OK】【操作(DB準備)】【テーブル：c_email_to,DB状態：1】:開始時間=2021-10-11 13:37:14.358;終了時間=2021-10-11 13:37:14.416
【実行結果=OK】【操作(DB準備)】【テーブル：c_email_template,DB状態：1】:開始時間=2021-10-11 13:37:14.416;終了時間=2021-10-11 13:37:14.474
【実行結果=OK】【操作(DB準備)】【テーブル：idempotent_requests,DB状態：1】:開始時間=2021-10-11 13:37:14.474;終了時間=2021-10-11 13:37:14.488
【実行結果=OK】【操作(api)】【/v1/gw-stop-shipment/reference】:開始時間=2021-10-11 13:37:14.488;終了時間=2021-10-11 13:37:14.492
【実行結果=OK】【操作(api)】【/internal/v1/product-classification/get-list】:開始時間=2021-10-11 13:37:14.492;終了時間=2021-10-11 13:37:14.498
【実行結果=OK】【操作(api)】【/internal/v1/reason-type/get-list】:開始時間=2021-10-11 13:37:14.499;終了時間=2021-10-11 13:37:14.499
【実行結果=OK】【操作(api)】【/internal/v1/supplier/get-list】:開始時間=2021-10-11 13:37:14.499;終了時間=2021-10-11 13:37:14.500
【実行結果=OK】【操作(api)】【/internal/v1/plant/get-list】:開始時間=2021-10-11 13:37:14.500;終了時間=2021-10-11 13:37:14.501
【実行結果=OK】【操作(api)】【/v1/mail-template/preview】:開始時間=2021-10-11 13:37:14.501;終了時間=2021-10-11 13:37:14.501
【実行結果=OK】【操作(api)】【/v1/report/find】:開始時間=2021-10-11 13:37:14.501;終了時間=2021-10-11 13:37:14.502
【実行結果=OK】【操作(api)】【/v1/report/print】:開始時間=2021-10-11 13:37:14.502;終了時間=2021-10-11 13:37:14.503
【実行結果=OK】【操作(api)】【/v1/report/download】:開始時間=2021-10-11 13:37:14.503;終了時間=2021-10-11 13:37:14.503
【実行結果=OK】【操作(api)】【/v1/mail/send】:開始時間=2021-10-11 13:37:14.503;終了時間=2021-10-11 13:37:14.504
【実行結果=OK】【操作(api)】【/v1/gw-stop-shipment/save】:開始時間=2021-10-11 13:37:14.504;終了時間=2021-10-11 13:37:14.505
【実行結果=OK】【操作(api)】【入力更新】:開始時間=2021-10-11 13:37:14.505;終了時間=2021-10-11 13:37:16.402
