ケース番号=No.002;実施開始時間=2021-10-20 22:37:07.196;実施終了時間=2021-10-20 22:37:07.866;実施結果=OK.
======以下はアクション毎の確認ログ。======
【実行結果=OK】【操作(DB準備)】【テーブル：idempotent_requests,DB状態：1】:開始時間=2021-10-20 22:37:07.209;終了時間=2021-10-20 22:37:07.283
【実行結果=OK】【操作(DB準備)】【テーブル：c_process_parameter,DB状態：1】:開始時間=2021-10-20 22:37:07.283;終了時間=2021-10-20 22:37:07.375
【実行結果=OK】【操作(DB準備)】【テーブル：c_email_function,DB状態：1】:開始時間=2021-10-20 22:37:07.375;終了時間=2021-10-20 22:37:07.450
【実行結果=OK】【操作(DB準備)】【テーブル：c_email_send_group,DB状態：1】:開始時間=2021-10-20 22:37:07.450;終了時間=2021-10-20 22:37:07.508
【実行結果=OK】【操作(DB準備)】【テーブル：c_email_to,DB状態：1】:開始時間=2021-10-20 22:37:07.508;終了時間=2021-10-20 22:37:07.574
【実行結果=OK】【操作(DB準備)】【テーブル：c_email_template,DB状態：1】:開始時間=2021-10-20 22:37:07.574;終了時間=2021-10-20 22:37:07.632
【実行結果=OK】【操作(api)】【/v1/gw-stop-shipment/reference】:開始時間=2021-10-20 22:37:07.633;終了時間=2021-10-20 22:37:07.634
【実行結果=OK】【操作(api)】【/internal/v1/product-classification/get-list】:開始時間=2021-10-20 22:37:07.634;終了時間=2021-10-20 22:37:07.634
【実行結果=OK】【操作(api)】【/internal/v1/reason-type/get-list】:開始時間=2021-10-20 22:37:07.634;終了時間=2021-10-20 22:37:07.635
【実行結果=OK】【操作(api)】【/internal/v1/customer/get-list】:開始時間=2021-10-20 22:37:07.635;終了時間=2021-10-20 22:37:07.635
【実行結果=OK】【操作(api)】【/internal/v1/supplier/get-list】:開始時間=2021-10-20 22:37:07.635;終了時間=2021-10-20 22:37:07.636
【実行結果=OK】【操作(api)】【/internal/v1/plant/get-list】:開始時間=2021-10-20 22:37:07.636;終了時間=2021-10-20 22:37:07.636
【実行結果=OK】【操作(api)】【/v1/mail-template/preview】:開始時間=2021-10-20 22:37:07.636;終了時間=2021-10-20 22:37:07.637
【実行結果=OK】【操作(api)】【/internal/v1/report/find】:開始時間=2021-10-20 22:37:07.637;終了時間=2021-10-20 22:37:07.637
【実行結果=OK】【操作(api)】【/internal/v1/report/print】:開始時間=2021-10-20 22:37:07.637;終了時間=2021-10-20 22:37:07.638
【実行結果=OK】【操作(api)】【/internal/v1/report/download】:開始時間=2021-10-20 22:37:07.638;終了時間=2021-10-20 22:37:07.638
【実行結果=OK】【操作(api)】【/v1/mail/send】:開始時間=2021-10-20 22:37:07.638;終了時間=2021-10-20 22:37:07.638
【実行結果=OK】【操作(api)】【/v1/gw-stop-shipment/save】:開始時間=2021-10-20 22:37:07.639;終了時間=2021-10-20 22:37:07.639
【実行結果=OK】【操作(api)】【印刷】:開始時間=2021-10-20 22:37:07.639;終了時間=2021-10-20 22:37:07.857
