■api名称：　登录
■api Request：　/internal/v1/stop-shipment/bulk-reference?offset=12&limit=22&sortby=sort1&sortby2=sort2
■api方法：　POST
■api Headers：　Content-Type=application/json&&User-Agent=PostmanRuntime/7.28.4&&Accept=*/*&&Accept-Encoding=gzip, deflate, br&&Connection=keep-alive&&x-Client-Program=test&&Idempotency-Key=4a037a9e-2500-4724-a005-997a1ab13a48&&Prefer=/v1/gw-stop-shipment/search->1&/internal/v1/product-classification/get-list->5&/internal/v1/plant/get-list->5&/internal/v1/supplier/get-list->5&/internal/v1/brand/get-list->5&/internal/v1/reason-type/get-list->5&/internal/v1/slip-type/get-list->5&/internal/v1/code/search->1
■api Body：　{  "businessSceneType": 11,  "plantCode": "stri",  "supplierCode": "95",  "stopShipmentArrivalDateFrom": "2019-01-01",  "stopShipmentArrivalDateTo": "2019-02-02",  "globalNumber": "CA000032000086",  "stopShipmentDateFrom": "2019-03-03",  "stopShipmentDateTo": "2019-04-04",  "customerCode": "BOSCH9",  "slipType": "1",  "slipSendType": "1",  "stopShipmentFlag": "1",  "supplierInvoiceNo": "swring",  "marketCode": "at",  "contactList": "1",  "registerUserId": "string",  "soStatusType": "1",  "inquiryObjectType": "s",  "storkCode": "st",  "shipmentMeansCode": "1",  "stockType": "",  "referenceMaxCount": 1}
■loginUser：　UserLoginInfo
■Response：：
{
  "count": 0,
  "stopShipmentAllList": [
    {
      "globalNumber": "12345678901234",
      "productCode": "p1",
      "brandCode": "Bra1",
      "nativeBrandName": "",
      "brandName": "",
      "contactList": "c",
      "contactListName": "f",
      "qty": 7,
      "supplierCode": "1shc",
      "supplierName": "",
      "plantCode": "pla1",
      "plantName": "",
      "supplyType": "m",
      "supplyTypeName": "3006",
      "storageLocationCode": "loc1",
      "storageLocationName": "",
      "slipType": "vs1",
      "slipSendType": "q",
      "slipSendTypeName": "1nj",
      "soArrivalDate": "2019-05-02",
      "soShipmentDate": "2019-05-01",
      "time": "14:15:22",
      "id": "454545",
      "soStatus": "2",
      "soStatusName": "3007",
      "stopShipmentFlag": "2",
      "reasonType": "reas1",
      "reasonTypeName": "",
      "getOriginDataType": "0",
      "updateCount": 5
    }
  ],
  "errorList": [
    {
      "errorCode": "NSCSS2R0011W",
      "errorMessage": "指定の製品分類情報に該当するデータは存在しません。"
    },
    {
      "errorCode": "NSCSS2R0013W",
      "errorMessage": "指定の置場情報に該当するデータは存在しません。"
    },
    {
      "errorCode": "NSCSS2R0015W",
      "errorMessage": "指定の仕入先情報に該当するデータは存在しません。"
    },
    {
      "errorCode": "NSCSS2R0017W",
      "errorMessage": "指定のブランド情報に該当するデータは存在しません。"
    },
    {
      "errorCode": "NSCSS2R0019W",
      "errorMessage": "指定の理由区分に該当するデータは存在しません。"
    },
    {
      "errorCode": "NSCSS2R0021W",
      "errorMessage": "指定の伝区情報に該当するデータは存在しません。"
    },
    {
      "errorCode": "NSCSS2R0022W",
      "errorMessage": "指定の出荷不可フラグ名に該当するデータは存在しません。"
    }
  ]
}