■api名称：　检索
■api Request：　/internal/v1/reprint/get?outputType=1&subsidiaryCode=JPN&createDateFrom=2019-09-09&createDateTo=2022-09-09&reportType=1&outputStatus=1&pageNumber=2&displayCount=2&searchKeyWord=1&createUserId=JPN01&billToCode=1
■api方法：　GET
■api Headers：　User-Agent=PostmanRuntime/7.28.4&&Accept=*/*&&Accept-Encoding=gzip, deflate, br&&Connection=keep-alive&&X-Client-Program=1&&
■api Body：　-
■loginUser：　UserLoginInfo
■api Response：{
  "reprintInfoList": [
    {
      "outputType": "1",
      "createDate": "2021-02-17",
      "reportType": "1",
      "searchKeyWord": "1",
      "billToCode": "1     ",
      "outputStatus": "1",
      "createUserId": "JPN01",
      "reprintuserId": "28",
      "reprintCount": "27",
      "reprintId": "3"
    },
    {
      "outputType": "1",
      "createDate": "2020-05-12",
      "reportType": "1",
      "searchKeyWord": "1",
      "billToCode": "1     ",
      "outputStatus": "1",
      "createUserId": "JPN01",
      "reprintuserId": "28",
      "reprintCount": "27",
      "reprintId": "2"
    }
  ],
  "errorList": []
}