■api名称：　登录
■api Request：　/internal/v1/stop-shipment/bulk-reference?offset=12&limit=22&sortby=sort1&sortby2=sort2
■api方法：　POST
■api Headers：　Content-Type=application/json&&User-Agent=PostmanRuntime/7.28.4&&Accept=*/*&&Accept-Encoding=gzip, deflate, br&&Connection=keep-alive&&x-Client-Program=test&&Idempotency-Key=4a037a9e-2500-4724-a005-997a1ab13a48&&Prefer=/v1/gw-stop-shipment/search->3&/internal/v1/product-classification/get-list->3&/internal/v1/plant/get-list->3&/internal/v1/supplier/get-list->3&/internal/v1/brand/get-list->3&/internal/v1/reason-type/get-list->2&/internal/v1/slip-type/get-list->3&/internal/v1/code/search->3
■api Body：　{  "businessSceneType": 11,  "plantCode": "stri",  "supplierCode": "95",  "stopShipmentArrivalDateFrom": "2019-01-01",  "stopShipmentArrivalDateTo": "2019-02-02",  "globalNumber": "CA000032000086",  "stopShipmentDateFrom": "2019-03-03",  "stopShipmentDateTo": "2019-04-04",  "customerCode": "BOSCH9",  "slipType": "1",  "slipSendType": "1",  "stopShipmentFlag": "0",  "supplierInvoiceNo": "swring",  "marketCode": "at",  "contactList": "1",  "registerUserId": "string",  "soStatusType": "3",  "inquiryObjectType": "s",  "storkCode": "st",  "shipmentMeansCode": "1",  "stockType": "",  "referenceMaxCount": 0}
■loginUser：　UserLoginInfo
■Response：：
{
  "count": 0,
  "stopShipmentAllList": [
    {
      "globalNumber": "11115678901234",
      "productCode": "p1",
      "brandCode": "Bra1",
      "nativeBrandName": "Na1",
      "brandName": "En1",
      "contactList": "c",
      "contactListName": "f",
      "qty": 7,
      "supplierCode": "1shc",
      "supplierName": "co1",
      "marketCode": "w",
      "marketName": "3005",
      "plantCode": "pla1",
      "plantName": "plan",
      "supplyType": "m",
      "supplyTypeName": "3006",
      "storageLocationCode": "loc1",
      "storageLocationName": "lwc5",
      "slipType": "vs1",
      "slipSendType": "q",
      "slipSendTypeName": "1nj",
      "soArrivalDate": "2019-08-02",
      "soShipmentDate": "2000-08-24",
      "time": "14:15:22",
      "id": "454545",
      "soStatus": "",
      "stopShipmentFlag": "1",
      "stopShipmentFlagName": "3008",
      "reasonType": "reas1",
      "reasonTypeName": "n1",
      "getOriginDataType": "0",
      "updateCount": 5
    },
    {
      "globalNumber": "12345678903333",
      "productCode": "p1",
      "brandCode": "Bra4",
      "nativeBrandName": "Na4",
      "brandName": "En4",
      "contactList": "c",
      "contactListName": "f",
      "qty": 9,
      "supplierCode": "3shc",
      "supplierName": "co3",
      "marketCode": "a",
      "plantCode": "plw1",
      "plantName": "pbw1",
      "supplyType": "m",
      "supplyTypeName": "3006",
      "storageLocationCode": "low1",
      "storageLocationName": "loww",
      "slipType": "vs5",
      "slipSendType": "q",
      "slipSendTypeName": "1nj",
      "soArrivalDate": "1945-02-24",
      "soShipmentDate": "2000-11-11",
      "time": "14:15:22",
      "id": "454545",
      "soStatus": "",
      "stopShipmentFlag": "1",
      "stopShipmentFlagName": "3008",
      "reasonType": "reas2",
      "reasonTypeName": "n3",
      "getOriginDataType": "0",
      "updateCount": 7
    }
  ],
  "errorList": [
    {
      "errorCode": "NSCSS2R0022W",
      "errorMessage": "指定の受注状態名に該当するデータは存在しません。"
    }
  ]
}