■api名称：　检索
■api Request：　/internal/v1/reprint/get?subsidiaryCode=JPN&displayCount=1&outputType=1&createDateFrom=2021-09-09&createDateTo=2021-09-09&pageNumber=1&createUserId=JP&reportType=11&outputStatus=2&searchKeyWord=4&billToCode=a
■api方法：　GET
■api Headers：　User-Agent=PostmanRuntime/7.28.4&&Accept=*/*&&Accept-Encoding=gzip, deflate, br&&Connection=keep-alive&&X-Client-Program=1&&
■api Body：　-
■loginUser：　UserLoginInfo
■api Response：{
  "reprintInfoList": [
    {
      "outputType": "1",
      "createDate": "2021-09-09",
      "reportType": "11",
      "searchKeyWord": "444",
      "billToCode": "aaa   ",
      "outputStatus": "2",
      "createUserId": "JPN01",
      "reprintuserId": "28",
      "reprintCount": "27",
      "reprintId": "5"
    }
  ],
  "errorList": []
}