ケース番号=No.027;実施開始時間=2021-10-20 22:37:35.839;実施終了時間=2021-10-20 22:37:36.647;実施結果=OK.
======以下はアクション毎の確認ログ。======
【実行結果=OK】【操作(DB準備)】【テーブル：idempotent_requests,DB状態：1】:開始時間=2021-10-20 22:37:35.852;終了時間=2021-10-20 22:37:35.883
【実行結果=OK】【操作(DB準備)】【テーブル：c_process_parameter,DB状態：5】:開始時間=2021-10-20 22:37:35.883;終了時間=2021-10-20 22:37:35.949
【実行結果=OK】【操作(DB準備)】【テーブル：c_email_function,DB状態：18】:開始時間=2021-10-20 22:37:35.949;終了時間=2021-10-20 22:37:36.073
【実行結果=OK】【操作(DB準備)】【テーブル：c_email_send_group,DB状態：18】:開始時間=2021-10-20 22:37:36.073;終了時間=2021-10-20 22:37:36.123
【実行結果=OK】【操作(DB準備)】【テーブル：c_email_to,DB状態：18】:開始時間=2021-10-20 22:37:36.123;終了時間=2021-10-20 22:37:36.173
【実行結果=OK】【操作(DB準備)】【テーブル：c_email_template,DB状態：18】:開始時間=2021-10-20 22:37:36.173;終了時間=2021-10-20 22:37:36.232
【実行結果=OK】【操作(api)】【/v1/gw-stop-shipment/reference】:開始時間=2021-10-20 22:37:36.232;終了時間=2021-10-20 22:37:36.233
【実行結果=OK】【操作(api)】【/internal/v1/product-classification/get-list】:開始時間=2021-10-20 22:37:36.233;終了時間=2021-10-20 22:37:36.234
【実行結果=OK】【操作(api)】【/internal/v1/reason-type/get-list】:開始時間=2021-10-20 22:37:36.234;終了時間=2021-10-20 22:37:36.234
【実行結果=OK】【操作(api)】【/internal/v1/customer/get-list】:開始時間=2021-10-20 22:37:36.234;終了時間=2021-10-20 22:37:36.234
【実行結果=OK】【操作(api)】【/internal/v1/supplier/get-list】:開始時間=2021-10-20 22:37:36.234;終了時間=2021-10-20 22:37:36.235
【実行結果=OK】【操作(api)】【/internal/v1/plant/get-list】:開始時間=2021-10-20 22:37:36.235;終了時間=2021-10-20 22:37:36.235
【実行結果=OK】【操作(api)】【/v1/mail-template/preview】:開始時間=2021-10-20 22:37:36.235;終了時間=2021-10-20 22:37:36.235
【実行結果=OK】【操作(api)】【/internal/v1/report/find】:開始時間=2021-10-20 22:37:36.235;終了時間=2021-10-20 22:37:36.236
【実行結果=OK】【操作(api)】【/internal/v1/report/print】:開始時間=2021-10-20 22:37:36.236;終了時間=2021-10-20 22:37:36.236
【実行結果=OK】【操作(api)】【/internal/v1/report/download】:開始時間=2021-10-20 22:37:36.236;終了時間=2021-10-20 22:37:36.236
【実行結果=OK】【操作(api)】【/v1/mail/send】:開始時間=2021-10-20 22:37:36.236;終了時間=2021-10-20 22:37:36.237
【実行結果=OK】【操作(api)】【/v1/gw-stop-shipment/save】:開始時間=2021-10-20 22:37:36.237;終了時間=2021-10-20 22:37:36.237
【実行結果=OK】【操作(api)】【印刷】:開始時間=2021-10-20 22:37:36.237;終了時間=2021-10-20 22:37:36.643
