ケース番号=No.018;実施開始時間=2021-10-20 22:37:25.696;実施終了時間=2021-10-20 22:37:26.392;実施結果=OK.
======以下はアクション毎の確認ログ。======
【実行結果=OK】【操作(DB準備)】【テーブル：idempotent_requests,DB状態：1】:開始時間=2021-10-20 22:37:25.698;終了時間=2021-10-20 22:37:25.732
【実行結果=OK】【操作(DB準備)】【テーブル：c_process_parameter,DB状態：1】:開始時間=2021-10-20 22:37:25.732;終了時間=2021-10-20 22:37:25.807
【実行結果=OK】【操作(DB準備)】【テーブル：c_email_function,DB状態：10】:開始時間=2021-10-20 22:37:25.807;終了時間=2021-10-20 22:37:25.890
【実行結果=OK】【操作(DB準備)】【テーブル：c_email_send_group,DB状態：10】:開始時間=2021-10-20 22:37:25.890;終了時間=2021-10-20 22:37:25.949
【実行結果=OK】【操作(DB準備)】【テーブル：c_email_to,DB状態：10】:開始時間=2021-10-20 22:37:25.949;終了時間=2021-10-20 22:37:26.050
【実行結果=OK】【操作(DB準備)】【テーブル：c_email_template,DB状態：10】:開始時間=2021-10-20 22:37:26.050;終了時間=2021-10-20 22:37:26.101
【実行結果=OK】【操作(api)】【/v1/gw-stop-shipment/reference】:開始時間=2021-10-20 22:37:26.101;終了時間=2021-10-20 22:37:26.101
【実行結果=OK】【操作(api)】【/internal/v1/product-classification/get-list】:開始時間=2021-10-20 22:37:26.101;終了時間=2021-10-20 22:37:26.102
【実行結果=OK】【操作(api)】【/internal/v1/reason-type/get-list】:開始時間=2021-10-20 22:37:26.102;終了時間=2021-10-20 22:37:26.102
【実行結果=OK】【操作(api)】【/internal/v1/customer/get-list】:開始時間=2021-10-20 22:37:26.102;終了時間=2021-10-20 22:37:26.103
【実行結果=OK】【操作(api)】【/internal/v1/supplier/get-list】:開始時間=2021-10-20 22:37:26.103;終了時間=2021-10-20 22:37:26.103
【実行結果=OK】【操作(api)】【/internal/v1/plant/get-list】:開始時間=2021-10-20 22:37:26.103;終了時間=2021-10-20 22:37:26.103
【実行結果=OK】【操作(api)】【/v1/mail-template/preview】:開始時間=2021-10-20 22:37:26.103;終了時間=2021-10-20 22:37:26.104
【実行結果=OK】【操作(api)】【/internal/v1/report/find】:開始時間=2021-10-20 22:37:26.104;終了時間=2021-10-20 22:37:26.104
【実行結果=OK】【操作(api)】【/internal/v1/report/print】:開始時間=2021-10-20 22:37:26.104;終了時間=2021-10-20 22:37:26.104
【実行結果=OK】【操作(api)】【/internal/v1/report/download】:開始時間=2021-10-20 22:37:26.104;終了時間=2021-10-20 22:37:26.105
【実行結果=OK】【操作(api)】【/v1/mail/send】:開始時間=2021-10-20 22:37:26.105;終了時間=2021-10-20 22:37:26.105
【実行結果=OK】【操作(api)】【/v1/gw-stop-shipment/save】:開始時間=2021-10-20 22:37:26.105;終了時間=2021-10-20 22:37:26.105
【実行結果=OK】【操作(api)】【印刷】:開始時間=2021-10-20 22:37:26.105;終了時間=2021-10-20 22:37:26.388
