ケース番号=No.003;実施開始時間=2021-10-11 13:37:17.472;実施終了時間=2021-10-11 13:37:17.885;実施結果=OK.
======以下はアクション毎の確認ログ。======
【実行結果=OK】【操作(DB準備)】【テーブル：c_process_parameter,DB状態：2】:開始時間=2021-10-11 13:37:17.479;終了時間=2021-10-11 13:37:17.533
【実行結果=OK】【操作(DB準備)】【テーブル：c_email_function,DB状態：2】:開始時間=2021-10-11 13:37:17.533;終了時間=2021-10-11 13:37:17.584
【実行結果=OK】【操作(DB準備)】【テーブル：c_email_send_group,DB状態：2】:開始時間=2021-10-11 13:37:17.584;終了時間=2021-10-11 13:37:17.658
【実行結果=OK】【操作(DB準備)】【テーブル：c_email_to,DB状態：2】:開始時間=2021-10-11 13:37:17.658;終了時間=2021-10-11 13:37:17.724
【実行結果=OK】【操作(DB準備)】【テーブル：c_email_template,DB状態：2】:開始時間=2021-10-11 13:37:17.724;終了時間=2021-10-11 13:37:17.791
【実行結果=OK】【操作(DB準備)】【テーブル：idempotent_requests,DB状態：1】:開始時間=2021-10-11 13:37:17.791;終了時間=2021-10-11 13:37:17.805
【実行結果=OK】【操作(api)】【/v1/gw-stop-shipment/reference】:開始時間=2021-10-11 13:37:17.806;終了時間=2021-10-11 13:37:17.807
【実行結果=OK】【操作(api)】【/internal/v1/product-classification/get-list】:開始時間=2021-10-11 13:37:17.807;終了時間=2021-10-11 13:37:17.807
【実行結果=OK】【操作(api)】【/internal/v1/reason-type/get-list】:開始時間=2021-10-11 13:37:17.807;終了時間=2021-10-11 13:37:17.808
【実行結果=OK】【操作(api)】【/internal/v1/supplier/get-list】:開始時間=2021-10-11 13:37:17.808;終了時間=2021-10-11 13:37:17.808
【実行結果=OK】【操作(api)】【/internal/v1/plant/get-list】:開始時間=2021-10-11 13:37:17.808;終了時間=2021-10-11 13:37:17.809
【実行結果=OK】【操作(api)】【/v1/mail-template/preview】:開始時間=2021-10-11 13:37:17.809;終了時間=2021-10-11 13:37:17.809
【実行結果=OK】【操作(api)】【/v1/report/find】:開始時間=2021-10-11 13:37:17.809;終了時間=2021-10-11 13:37:17.810
【実行結果=OK】【操作(api)】【/v1/report/print】:開始時間=2021-10-11 13:37:17.810;終了時間=2021-10-11 13:37:17.810
【実行結果=OK】【操作(api)】【/v1/report/download】:開始時間=2021-10-11 13:37:17.810;終了時間=2021-10-11 13:37:17.811
【実行結果=OK】【操作(api)】【/v1/mail/send】:開始時間=2021-10-11 13:37:17.811;終了時間=2021-10-11 13:37:17.811
【実行結果=OK】【操作(api)】【/v1/gw-stop-shipment/save】:開始時間=2021-10-11 13:37:17.811;終了時間=2021-10-11 13:37:17.812
【実行結果=OK】【操作(api)】【入力更新】:開始時間=2021-10-11 13:37:17.812;終了時間=2021-10-11 13:37:17.880
