■api名称：　登录
■api Request：　/internal/v1/carrier-invoice/register
■api方法：　POST
■api Headers：　Content-Type=application/json&&User-Agent=PostmanRuntime/7.28.4&&Accept=*/*&&Accept-Encoding=gzip, deflate, br&&Connection=keep-alive&&Idempotency-Key=1&&X-Client-Program=1&&Prefer=/internal/v1/sales-order/search->1&/internal/v1/closing-time/get-list->1&/internal/v1/next-business-day/search->1
■api Body：　{    "localCorporationCode": "str",    "accessIpAddress": "string",    "sessionId": "string",    "screenId": "string",    "processId": "string",    "programType": "e",    "createDate": "99991231",    "registerMode": "1",    "detailInformationList": [        {            "detailNumber": "1",            "globalNumber": "CA000032000086",            "internalExternalType": "0",            "invoiceNoDetailInformationList": [                {                    "no": "1",                    "deleteType": "1",                    "carrierInvoiceNumber": "001@a",                    "plantCode": "9999",                    "vsd": "99991231",                    "packingControlNumber": "999999999999999",                    "shipmodeCode": "999",                    "qty": "9999999",                    "supplierCode": "0010"                }            ]        }    ]}
■loginUser：　UserLoginInfo
■Response：：
{
  "resultStatus": "3001",
  "invoiceNoInformationList": {
    "createDate": "9999-12-31",
    "subsidiaryCode": "JPN",
    "registerMode": "1"
  },
  "responseDetailInformationList": [
    {
      "detailNumber": "1",
      "detailResultStatus": "E",
      "globalNumber": "CA000032000086",
      "invoiceNoDetailInformationList": [
        {
          "businessMessageList": [
            {
              "businessMessageCode": "NTTSL1E0007E",
              "businessMessageParameter": "優先度の高い送り状情報が存在するため、更新されませんでした。",
              "messageCatagory": "W"
            }
          ]
        }
      ]
    }
  ]
}