ケース番号=No.038;実施開始時間=2021-10-20 22:37:46.427;実施終了時間=2021-10-20 22:37:46.799;実施結果=OK.
======以下はアクション毎の確認ログ。======
【実行結果=OK】【操作(DB準備)】【テーブル：idempotent_requests,DB状態：1】:開始時間=2021-10-20 22:37:46.429;終了時間=2021-10-20 22:37:46.437
【実行結果=OK】【操作(DB準備)】【テーブル：c_process_parameter,DB状態：1】:開始時間=2021-10-20 22:37:46.437;終了時間=2021-10-20 22:37:46.568
【実行結果=OK】【操作(DB準備)】【テーブル：c_email_function,DB状態：1】:開始時間=2021-10-20 22:37:46.568;終了時間=2021-10-20 22:37:46.634
【実行結果=OK】【操作(DB準備)】【テーブル：c_email_send_group,DB状態：1】:開始時間=2021-10-20 22:37:46.634;終了時間=2021-10-20 22:37:46.684
【実行結果=OK】【操作(DB準備)】【テーブル：c_email_to,DB状態：1】:開始時間=2021-10-20 22:37:46.684;終了時間=2021-10-20 22:37:46.734
【実行結果=OK】【操作(DB準備)】【テーブル：c_email_template,DB状態：1】:開始時間=2021-10-20 22:37:46.734;終了時間=2021-10-20 22:37:46.784
【実行結果=OK】【操作(api)】【/v1/gw-stop-shipment/reference】:開始時間=2021-10-20 22:37:46.784;終了時間=2021-10-20 22:37:46.785
【実行結果=OK】【操作(api)】【/internal/v1/product-classification/get-list】:開始時間=2021-10-20 22:37:46.785;終了時間=2021-10-20 22:37:46.785
【実行結果=OK】【操作(api)】【/internal/v1/reason-type/get-list】:開始時間=2021-10-20 22:37:46.785;終了時間=2021-10-20 22:37:46.786
【実行結果=OK】【操作(api)】【/internal/v1/customer/get-list】:開始時間=2021-10-20 22:37:46.786;終了時間=2021-10-20 22:37:46.786
【実行結果=OK】【操作(api)】【/internal/v1/supplier/get-list】:開始時間=2021-10-20 22:37:46.786;終了時間=2021-10-20 22:37:46.786
【実行結果=OK】【操作(api)】【/internal/v1/plant/get-list】:開始時間=2021-10-20 22:37:46.786;終了時間=2021-10-20 22:37:46.787
【実行結果=OK】【操作(api)】【/v1/mail-template/preview】:開始時間=2021-10-20 22:37:46.787;終了時間=2021-10-20 22:37:46.787
【実行結果=OK】【操作(api)】【/internal/v1/report/find】:開始時間=2021-10-20 22:37:46.787;終了時間=2021-10-20 22:37:46.787
【実行結果=OK】【操作(api)】【/internal/v1/report/print】:開始時間=2021-10-20 22:37:46.787;終了時間=2021-10-20 22:37:46.788
【実行結果=OK】【操作(api)】【/internal/v1/report/download】:開始時間=2021-10-20 22:37:46.788;終了時間=2021-10-20 22:37:46.788
【実行結果=OK】【操作(api)】【/v1/mail/send】:開始時間=2021-10-20 22:37:46.788;終了時間=2021-10-20 22:37:46.788
【実行結果=OK】【操作(api)】【/v1/gw-stop-shipment/save】:開始時間=2021-10-20 22:37:46.788;終了時間=2021-10-20 22:37:46.789
【実行結果=OK】【操作(api)】【印刷】:開始時間=2021-10-20 22:37:46.789;終了時間=2021-10-20 22:37:46.799
