ケース番号=No.032;実施開始時間=2021-10-20 22:37:41.207;実施終了時間=2021-10-20 22:37:41.786;実施結果=OK.
======以下はアクション毎の確認ログ。======
【実行結果=OK】【操作(DB準備)】【テーブル：idempotent_requests,DB状態：1】:開始時間=2021-10-20 22:37:41.208;終了時間=2021-10-20 22:37:41.219
【実行結果=OK】【操作(DB準備)】【テーブル：c_process_parameter,DB状態：1】:開始時間=2021-10-20 22:37:41.219;終了時間=2021-10-20 22:37:41.315
【実行結果=OK】【操作(DB準備)】【テーブル：c_email_function,DB状態：1】:開始時間=2021-10-20 22:37:41.315;終了時間=2021-10-20 22:37:41.442
【実行結果=OK】【操作(DB準備)】【テーブル：c_email_send_group,DB状態：1】:開始時間=2021-10-20 22:37:41.442;終了時間=2021-10-20 22:37:41.535
【実行結果=OK】【操作(DB準備)】【テーブル：c_email_to,DB状態：1】:開始時間=2021-10-20 22:37:41.535;終了時間=2021-10-20 22:37:41.607
【実行結果=OK】【操作(DB準備)】【テーブル：c_email_template,DB状態：1】:開始時間=2021-10-20 22:37:41.607;終了時間=2021-10-20 22:37:41.699
【実行結果=OK】【操作(api)】【/v1/gw-stop-shipment/reference】:開始時間=2021-10-20 22:37:41.699;終了時間=2021-10-20 22:37:41.700
【実行結果=OK】【操作(api)】【/internal/v1/product-classification/get-list】:開始時間=2021-10-20 22:37:41.700;終了時間=2021-10-20 22:37:41.700
【実行結果=OK】【操作(api)】【/internal/v1/reason-type/get-list】:開始時間=2021-10-20 22:37:41.700;終了時間=2021-10-20 22:37:41.700
【実行結果=OK】【操作(api)】【/internal/v1/customer/get-list】:開始時間=2021-10-20 22:37:41.700;終了時間=2021-10-20 22:37:41.701
【実行結果=OK】【操作(api)】【/internal/v1/supplier/get-list】:開始時間=2021-10-20 22:37:41.701;終了時間=2021-10-20 22:37:41.701
【実行結果=OK】【操作(api)】【/internal/v1/plant/get-list】:開始時間=2021-10-20 22:37:41.701;終了時間=2021-10-20 22:37:41.701
【実行結果=OK】【操作(api)】【/v1/mail-template/preview】:開始時間=2021-10-20 22:37:41.701;終了時間=2021-10-20 22:37:41.702
【実行結果=OK】【操作(api)】【/internal/v1/report/find】:開始時間=2021-10-20 22:37:41.702;終了時間=2021-10-20 22:37:41.702
【実行結果=OK】【操作(api)】【/internal/v1/report/print】:開始時間=2021-10-20 22:37:41.702;終了時間=2021-10-20 22:37:41.702
【実行結果=OK】【操作(api)】【/internal/v1/report/download】:開始時間=2021-10-20 22:37:41.702;終了時間=2021-10-20 22:37:41.703
【実行結果=OK】【操作(api)】【/v1/mail/send】:開始時間=2021-10-20 22:37:41.703;終了時間=2021-10-20 22:37:41.703
【実行結果=OK】【操作(api)】【/v1/gw-stop-shipment/save】:開始時間=2021-10-20 22:37:41.703;終了時間=2021-10-20 22:37:41.704
【実行結果=OK】【操作(api)】【印刷】:開始時間=2021-10-20 22:37:41.704;終了時間=2021-10-20 22:37:41.785
