■api名称：　检索
■api Request：　/internal/v1/reprint/get?outputType=1&subsidiaryCode=JPN&createDateFrom=2020-09-09&createDateTo=2021-09-09&reportType=11&outputStatus=2&pageNumber=1&displayCount=10&searchKeyWord=4&createUserId=JPN01&billToCode=aaa
■api方法：　GET
■api Headers：　User-Agent=PostmanRuntime/7.28.4&&Accept=*/*&&Accept-Encoding=gzip, deflate, br&&Connection=keep-alive&&X-Client-Program=1&&
■api Body：　-
■loginUser：　UserLoginInfo
■api Response：{
  "reprintInfoList": [
    {
      "outputType": "1",
      "createDate": "2021-03-09",
      "reportType": "11",
      "searchKeyWord": "4",
      "billToCode": "aaa   ",
      "outputStatus": "2",
      "createUserId": "JPN01",
      "reprintuserId": "28",
      "reprintCount": "27",
      "reprintId": "25"
    },
    {
      "outputType": "1",
      "createDate": "2021-03-08",
      "reportType": "11",
      "searchKeyWord": "4",
      "billToCode": "aaa   ",
      "outputStatus": "2",
      "createUserId": "JPN01",
      "reprintuserId": "28",
      "reprintCount": "27",
      "reprintId": "24"
    },
    {
      "outputType": "1",
      "createDate": "2021-03-07",
      "reportType": "11",
      "searchKeyWord": "4",
      "billToCode": "aaa   ",
      "outputStatus": "2",
      "createUserId": "JPN01",
      "reprintuserId": "28",
      "reprintCount": "27",
      "reprintId": "23"
    },
    {
      "outputType": "1",
      "createDate": "2021-03-06",
      "reportType": "11",
      "searchKeyWord": "4",
      "billToCode": "aaa   ",
      "outputStatus": "2",
      "createUserId": "JPN01",
      "reprintuserId": "28",
      "reprintCount": "27",
      "reprintId": "22"
    },
    {
      "outputType": "1",
      "createDate": "2021-03-05",
      "reportType": "11",
      "searchKeyWord": "4",
      "billToCode": "aaa   ",
      "outputStatus": "2",
      "createUserId": "JPN01",
      "reprintuserId": "28",
      "reprintCount": "27",
      "reprintId": "21"
    },
    {
      "outputType": "1",
      "createDate": "2021-03-04",
      "reportType": "11",
      "searchKeyWord": "4",
      "billToCode": "aaa   ",
      "outputStatus": "2",
      "createUserId": "JPN01",
      "reprintuserId": "28",
      "reprintCount": "27",
      "reprintId": "20"
    },
    {
      "outputType": "1",
      "createDate": "2021-03-03",
      "reportType": "11",
      "searchKeyWord": "4",
      "billToCode": "aaa   ",
      "outputStatus": "2",
      "createUserId": "JPN01",
      "reprintuserId": "28",
      "reprintCount": "27",
      "reprintId": "19"
    }
  ],
  "errorList": []
}