ケース番号=No.034;実施開始時間=2021-10-20 22:37:43.238;実施終了時間=2021-10-20 22:37:43.680;実施結果=OK.
======以下はアクション毎の確認ログ。======
【実行結果=OK】【操作(DB準備)】【テーブル：idempotent_requests,DB状態：1】:開始時間=2021-10-20 22:37:43.239;終了時間=2021-10-20 22:37:43.249
【実行結果=OK】【操作(DB準備)】【テーブル：c_process_parameter,DB状態：1】:開始時間=2021-10-20 22:37:43.249;終了時間=2021-10-20 22:37:43.335
【実行結果=OK】【操作(DB準備)】【テーブル：c_email_function,DB状態：1】:開始時間=2021-10-20 22:37:43.335;終了時間=2021-10-20 22:37:43.401
【実行結果=OK】【操作(DB準備)】【テーブル：c_email_send_group,DB状態：1】:開始時間=2021-10-20 22:37:43.401;終了時間=2021-10-20 22:37:43.459
【実行結果=OK】【操作(DB準備)】【テーブル：c_email_to,DB状態：1】:開始時間=2021-10-20 22:37:43.459;終了時間=2021-10-20 22:37:43.540
【実行結果=OK】【操作(DB準備)】【テーブル：c_email_template,DB状態：1】:開始時間=2021-10-20 22:37:43.540;終了時間=2021-10-20 22:37:43.635
【実行結果=OK】【操作(api)】【/v1/gw-stop-shipment/reference】:開始時間=2021-10-20 22:37:43.635;終了時間=2021-10-20 22:37:43.636
【実行結果=OK】【操作(api)】【/internal/v1/product-classification/get-list】:開始時間=2021-10-20 22:37:43.636;終了時間=2021-10-20 22:37:43.637
【実行結果=OK】【操作(api)】【/internal/v1/reason-type/get-list】:開始時間=2021-10-20 22:37:43.637;終了時間=2021-10-20 22:37:43.638
【実行結果=OK】【操作(api)】【/internal/v1/customer/get-list】:開始時間=2021-10-20 22:37:43.638;終了時間=2021-10-20 22:37:43.638
【実行結果=OK】【操作(api)】【/internal/v1/supplier/get-list】:開始時間=2021-10-20 22:37:43.638;終了時間=2021-10-20 22:37:43.639
【実行結果=OK】【操作(api)】【/internal/v1/plant/get-list】:開始時間=2021-10-20 22:37:43.639;終了時間=2021-10-20 22:37:43.639
【実行結果=OK】【操作(api)】【/v1/mail-template/preview】:開始時間=2021-10-20 22:37:43.639;終了時間=2021-10-20 22:37:43.639
【実行結果=OK】【操作(api)】【/internal/v1/report/find】:開始時間=2021-10-20 22:37:43.639;終了時間=2021-10-20 22:37:43.640
【実行結果=OK】【操作(api)】【/internal/v1/report/print】:開始時間=2021-10-20 22:37:43.640;終了時間=2021-10-20 22:37:43.640
【実行結果=OK】【操作(api)】【/internal/v1/report/download】:開始時間=2021-10-20 22:37:43.640;終了時間=2021-10-20 22:37:43.640
【実行結果=OK】【操作(api)】【/v1/mail/send】:開始時間=2021-10-20 22:37:43.640;終了時間=2021-10-20 22:37:43.641
【実行結果=OK】【操作(api)】【/v1/gw-stop-shipment/save】:開始時間=2021-10-20 22:37:43.641;終了時間=2021-10-20 22:37:43.641
【実行結果=OK】【操作(api)】【印刷】:開始時間=2021-10-20 22:37:43.641;終了時間=2021-10-20 22:37:43.679
