ケース番号=No.044;実施開始時間=2021-10-20 22:37:50.738;実施終了時間=2021-10-20 22:37:51.093;実施結果=OK.
======以下はアクション毎の確認ログ。======
【実行結果=OK】【操作(DB準備)】【テーブル：idempotent_requests,DB状態：1】:開始時間=2021-10-20 22:37:50.739;終了時間=2021-10-20 22:37:50.751
【実行結果=OK】【操作(DB準備)】【テーブル：c_process_parameter,DB状態：1】:開始時間=2021-10-20 22:37:50.751;終了時間=2021-10-20 22:37:50.817
【実行結果=OK】【操作(DB準備)】【テーブル：c_email_function,DB状態：1】:開始時間=2021-10-20 22:37:50.817;終了時間=2021-10-20 22:37:50.884
【実行結果=OK】【操作(DB準備)】【テーブル：c_email_send_group,DB状態：1】:開始時間=2021-10-20 22:37:50.884;終了時間=2021-10-20 22:37:50.968
【実行結果=OK】【操作(DB準備)】【テーブル：c_email_to,DB状態：1】:開始時間=2021-10-20 22:37:50.968;終了時間=2021-10-20 22:37:51.025
【実行結果=OK】【操作(DB準備)】【テーブル：c_email_template,DB状態：1】:開始時間=2021-10-20 22:37:51.025;終了時間=2021-10-20 22:37:51.075
【実行結果=OK】【操作(api)】【/v1/gw-stop-shipment/reference】:開始時間=2021-10-20 22:37:51.075;終了時間=2021-10-20 22:37:51.076
【実行結果=OK】【操作(api)】【/internal/v1/product-classification/get-list】:開始時間=2021-10-20 22:37:51.076;終了時間=2021-10-20 22:37:51.077
【実行結果=OK】【操作(api)】【/internal/v1/reason-type/get-list】:開始時間=2021-10-20 22:37:51.077;終了時間=2021-10-20 22:37:51.077
【実行結果=OK】【操作(api)】【/internal/v1/customer/get-list】:開始時間=2021-10-20 22:37:51.077;終了時間=2021-10-20 22:37:51.077
【実行結果=OK】【操作(api)】【/internal/v1/supplier/get-list】:開始時間=2021-10-20 22:37:51.077;終了時間=2021-10-20 22:37:51.078
【実行結果=OK】【操作(api)】【/internal/v1/plant/get-list】:開始時間=2021-10-20 22:37:51.078;終了時間=2021-10-20 22:37:51.078
【実行結果=OK】【操作(api)】【/v1/mail-template/preview】:開始時間=2021-10-20 22:37:51.078;終了時間=2021-10-20 22:37:51.078
【実行結果=OK】【操作(api)】【/internal/v1/report/find】:開始時間=2021-10-20 22:37:51.078;終了時間=2021-10-20 22:37:51.079
【実行結果=OK】【操作(api)】【/internal/v1/report/print】:開始時間=2021-10-20 22:37:51.079;終了時間=2021-10-20 22:37:51.079
【実行結果=OK】【操作(api)】【/internal/v1/report/download】:開始時間=2021-10-20 22:37:51.079;終了時間=2021-10-20 22:37:51.079
【実行結果=OK】【操作(api)】【/v1/mail/send】:開始時間=2021-10-20 22:37:51.079;終了時間=2021-10-20 22:37:51.080
【実行結果=OK】【操作(api)】【/v1/gw-stop-shipment/save】:開始時間=2021-10-20 22:37:51.080;終了時間=2021-10-20 22:37:51.080
【実行結果=OK】【操作(api)】【印刷】:開始時間=2021-10-20 22:37:51.080;終了時間=2021-10-20 22:37:51.092
