ケース番号=No.001;実施開始時間=2021-10-20 22:42:57.905;実施終了時間=2021-10-20 22:43:00.511;実施結果=OK.
======以下はアクション毎の確認ログ。======
【実行結果=OK】【操作(DB準備)】【テーブル：idempotent_requests,DB状態：1】:開始時間=2021-10-20 22:42:57.952;終了時間=2021-10-20 22:42:58.495
【実行結果=OK】【操作(DB準備)】【テーブル：c_process_parameter,DB状態：1】:開始時間=2021-10-20 22:42:58.495;終了時間=2021-10-20 22:42:58.575
【実行結果=OK】【操作(DB準備)】【テーブル：c_email_function,DB状態：1】:開始時間=2021-10-20 22:42:58.575;終了時間=2021-10-20 22:42:58.645
【実行結果=OK】【操作(DB準備)】【テーブル：c_email_send_group,DB状態：1】:開始時間=2021-10-20 22:42:58.645;終了時間=2021-10-20 22:42:58.703
【実行結果=OK】【操作(DB準備)】【テーブル：c_email_to,DB状態：1】:開始時間=2021-10-20 22:42:58.703;終了時間=2021-10-20 22:42:58.761
【実行結果=OK】【操作(DB準備)】【テーブル：c_email_template,DB状態：1】:開始時間=2021-10-20 22:42:58.761;終了時間=2021-10-20 22:42:58.811
【実行結果=OK】【操作(api)】【/v1/gw-stop-shipment/reference】:開始時間=2021-10-20 22:42:58.811;終了時間=2021-10-20 22:42:58.814
【実行結果=OK】【操作(api)】【/internal/v1/product-classification/get-list】:開始時間=2021-10-20 22:42:58.814;終了時間=2021-10-20 22:42:58.817
【実行結果=OK】【操作(api)】【/internal/v1/reason-type/get-list】:開始時間=2021-10-20 22:42:58.817;終了時間=2021-10-20 22:42:58.818
【実行結果=OK】【操作(api)】【/internal/v1/customer/get-list】:開始時間=2021-10-20 22:42:58.818;終了時間=2021-10-20 22:42:58.819
【実行結果=OK】【操作(api)】【/internal/v1/supplier/get-list】:開始時間=2021-10-20 22:42:58.819;終了時間=2021-10-20 22:42:58.821
【実行結果=OK】【操作(api)】【/internal/v1/plant/get-list】:開始時間=2021-10-20 22:42:58.821;終了時間=2021-10-20 22:42:58.822
【実行結果=OK】【操作(api)】【/v1/mail-template/preview】:開始時間=2021-10-20 22:42:58.822;終了時間=2021-10-20 22:42:58.822
【実行結果=OK】【操作(api)】【/internal/v1/report/find】:開始時間=2021-10-20 22:42:58.822;終了時間=2021-10-20 22:42:58.823
【実行結果=OK】【操作(api)】【/internal/v1/report/print】:開始時間=2021-10-20 22:42:58.823;終了時間=2021-10-20 22:42:58.823
【実行結果=OK】【操作(api)】【/internal/v1/report/download】:開始時間=2021-10-20 22:42:58.824;終了時間=2021-10-20 22:42:58.824
【実行結果=OK】【操作(api)】【/v1/mail/send】:開始時間=2021-10-20 22:42:58.824;終了時間=2021-10-20 22:42:58.825
【実行結果=OK】【操作(api)】【/v1/gw-stop-shipment/save】:開始時間=2021-10-20 22:42:58.825;終了時間=2021-10-20 22:42:58.825
【実行結果=OK】【操作(api)】【印刷】:開始時間=2021-10-20 22:42:58.825;終了時間=2021-10-20 22:43:00.499
