ケース番号=No.026;実施開始時間=2021-10-20 22:37:34.617;実施終了時間=2021-10-20 22:37:35.467;実施結果=OK.
======以下はアクション毎の確認ログ。======
【実行結果=OK】【操作(DB準備)】【テーブル：idempotent_requests,DB状態：1】:開始時間=2021-10-20 22:37:34.635;終了時間=2021-10-20 22:37:34.667
【実行結果=OK】【操作(DB準備)】【テーブル：c_process_parameter,DB状態：5】:開始時間=2021-10-20 22:37:34.667;終了時間=2021-10-20 22:37:34.725
【実行結果=OK】【操作(DB準備)】【テーブル：c_email_function,DB状態：18】:開始時間=2021-10-20 22:37:34.725;終了時間=2021-10-20 22:37:34.790
【実行結果=OK】【操作(DB準備)】【テーブル：c_email_send_group,DB状態：18】:開始時間=2021-10-20 22:37:34.790;終了時間=2021-10-20 22:37:34.909
【実行結果=OK】【操作(DB準備)】【テーブル：c_email_to,DB状態：18】:開始時間=2021-10-20 22:37:34.909;終了時間=2021-10-20 22:37:34.959
【実行結果=OK】【操作(DB準備)】【テーブル：c_email_template,DB状態：18】:開始時間=2021-10-20 22:37:34.959;終了時間=2021-10-20 22:37:35.010
【実行結果=OK】【操作(api)】【/v1/gw-stop-shipment/reference】:開始時間=2021-10-20 22:37:35.010;終了時間=2021-10-20 22:37:35.014
【実行結果=OK】【操作(api)】【/internal/v1/product-classification/get-list】:開始時間=2021-10-20 22:37:35.014;終了時間=2021-10-20 22:37:35.016
【実行結果=OK】【操作(api)】【/internal/v1/reason-type/get-list】:開始時間=2021-10-20 22:37:35.016;終了時間=2021-10-20 22:37:35.017
【実行結果=OK】【操作(api)】【/internal/v1/customer/get-list】:開始時間=2021-10-20 22:37:35.017;終了時間=2021-10-20 22:37:35.018
【実行結果=OK】【操作(api)】【/internal/v1/supplier/get-list】:開始時間=2021-10-20 22:37:35.018;終了時間=2021-10-20 22:37:35.018
【実行結果=OK】【操作(api)】【/internal/v1/plant/get-list】:開始時間=2021-10-20 22:37:35.018;終了時間=2021-10-20 22:37:35.018
【実行結果=OK】【操作(api)】【/v1/mail-template/preview】:開始時間=2021-10-20 22:37:35.018;終了時間=2021-10-20 22:37:35.019
【実行結果=OK】【操作(api)】【/internal/v1/report/find】:開始時間=2021-10-20 22:37:35.019;終了時間=2021-10-20 22:37:35.019
【実行結果=OK】【操作(api)】【/internal/v1/report/print】:開始時間=2021-10-20 22:37:35.019;終了時間=2021-10-20 22:37:35.020
【実行結果=OK】【操作(api)】【/internal/v1/report/download】:開始時間=2021-10-20 22:37:35.020;終了時間=2021-10-20 22:37:35.020
【実行結果=OK】【操作(api)】【/v1/mail/send】:開始時間=2021-10-20 22:37:35.020;終了時間=2021-10-20 22:37:35.020
【実行結果=OK】【操作(api)】【/v1/gw-stop-shipment/save】:開始時間=2021-10-20 22:37:35.020;終了時間=2021-10-20 22:37:35.021
【実行結果=OK】【操作(api)】【印刷】:開始時間=2021-10-20 22:37:35.021;終了時間=2021-10-20 22:37:35.462
