ケース番号=No.033;実施開始時間=2021-10-20 22:37:42.155;実施終了時間=2021-10-20 22:37:42.850;実施結果=OK.
======以下はアクション毎の確認ログ。======
【実行結果=OK】【操作(DB準備)】【テーブル：idempotent_requests,DB状態：1】:開始時間=2021-10-20 22:37:42.156;終了時間=2021-10-20 22:37:42.167
【実行結果=OK】【操作(DB準備)】【テーブル：c_process_parameter,DB状態：1】:開始時間=2021-10-20 22:37:42.167;終了時間=2021-10-20 22:37:42.492
【実行結果=OK】【操作(DB準備)】【テーブル：c_email_function,DB状態：1】:開始時間=2021-10-20 22:37:42.492;終了時間=2021-10-20 22:37:42.668
【実行結果=OK】【操作(DB準備)】【テーブル：c_email_send_group,DB状態：1】:開始時間=2021-10-20 22:37:42.668;終了時間=2021-10-20 22:37:42.717
【実行結果=OK】【操作(DB準備)】【テーブル：c_email_to,DB状態：1】:開始時間=2021-10-20 22:37:42.717;終了時間=2021-10-20 22:37:42.767
【実行結果=OK】【操作(DB準備)】【テーブル：c_email_template,DB状態：1】:開始時間=2021-10-20 22:37:42.767;終了時間=2021-10-20 22:37:42.835
【実行結果=OK】【操作(api)】【/v1/gw-stop-shipment/reference】:開始時間=2021-10-20 22:37:42.835;終了時間=2021-10-20 22:37:42.835
【実行結果=OK】【操作(api)】【/internal/v1/product-classification/get-list】:開始時間=2021-10-20 22:37:42.835;終了時間=2021-10-20 22:37:42.836
【実行結果=OK】【操作(api)】【/internal/v1/reason-type/get-list】:開始時間=2021-10-20 22:37:42.836;終了時間=2021-10-20 22:37:42.836
【実行結果=OK】【操作(api)】【/internal/v1/customer/get-list】:開始時間=2021-10-20 22:37:42.836;終了時間=2021-10-20 22:37:42.837
【実行結果=OK】【操作(api)】【/internal/v1/supplier/get-list】:開始時間=2021-10-20 22:37:42.837;終了時間=2021-10-20 22:37:42.837
【実行結果=OK】【操作(api)】【/internal/v1/plant/get-list】:開始時間=2021-10-20 22:37:42.837;終了時間=2021-10-20 22:37:42.837
【実行結果=OK】【操作(api)】【/v1/mail-template/preview】:開始時間=2021-10-20 22:37:42.837;終了時間=2021-10-20 22:37:42.838
【実行結果=OK】【操作(api)】【/internal/v1/report/find】:開始時間=2021-10-20 22:37:42.838;終了時間=2021-10-20 22:37:42.838
【実行結果=OK】【操作(api)】【/internal/v1/report/print】:開始時間=2021-10-20 22:37:42.838;終了時間=2021-10-20 22:37:42.838
【実行結果=OK】【操作(api)】【/internal/v1/report/download】:開始時間=2021-10-20 22:37:42.838;終了時間=2021-10-20 22:37:42.839
【実行結果=OK】【操作(api)】【/v1/mail/send】:開始時間=2021-10-20 22:37:42.839;終了時間=2021-10-20 22:37:42.839
【実行結果=OK】【操作(api)】【/v1/gw-stop-shipment/save】:開始時間=2021-10-20 22:37:42.839;終了時間=2021-10-20 22:37:42.839
【実行結果=OK】【操作(api)】【印刷】:開始時間=2021-10-20 22:37:42.839;終了時間=2021-10-20 22:37:42.849
