ケース番号=No.004;実施開始時間=2021-10-20 22:37:09.216;実施終了時間=2021-10-20 22:37:09.837;実施結果=OK.
======以下はアクション毎の確認ログ。======
【実行結果=OK】【操作(DB準備)】【テーブル：idempotent_requests,DB状態：1】:開始時間=2021-10-20 22:37:09.217;終了時間=2021-10-20 22:37:09.250
【実行結果=OK】【操作(DB準備)】【テーブル：c_process_parameter,DB状態：1】:開始時間=2021-10-20 22:37:09.250;終了時間=2021-10-20 22:37:09.325
【実行結果=OK】【操作(DB準備)】【テーブル：c_email_function,DB状態：1】:開始時間=2021-10-20 22:37:09.325;終了時間=2021-10-20 22:37:09.401
【実行結果=OK】【操作(DB準備)】【テーブル：c_email_send_group,DB状態：1】:開始時間=2021-10-20 22:37:09.401;終了時間=2021-10-20 22:37:09.476
【実行結果=OK】【操作(DB準備)】【テーブル：c_email_to,DB状態：1】:開始時間=2021-10-20 22:37:09.476;終了時間=2021-10-20 22:37:09.534
【実行結果=OK】【操作(DB準備)】【テーブル：c_email_template,DB状態：1】:開始時間=2021-10-20 22:37:09.534;終了時間=2021-10-20 22:37:09.583
【実行結果=OK】【操作(api)】【/v1/gw-stop-shipment/reference】:開始時間=2021-10-20 22:37:09.583;終了時間=2021-10-20 22:37:09.585
【実行結果=OK】【操作(api)】【/internal/v1/product-classification/get-list】:開始時間=2021-10-20 22:37:09.585;終了時間=2021-10-20 22:37:09.585
【実行結果=OK】【操作(api)】【/internal/v1/reason-type/get-list】:開始時間=2021-10-20 22:37:09.585;終了時間=2021-10-20 22:37:09.585
【実行結果=OK】【操作(api)】【/internal/v1/customer/get-list】:開始時間=2021-10-20 22:37:09.585;終了時間=2021-10-20 22:37:09.586
【実行結果=OK】【操作(api)】【/internal/v1/supplier/get-list】:開始時間=2021-10-20 22:37:09.586;終了時間=2021-10-20 22:37:09.586
【実行結果=OK】【操作(api)】【/internal/v1/plant/get-list】:開始時間=2021-10-20 22:37:09.586;終了時間=2021-10-20 22:37:09.587
【実行結果=OK】【操作(api)】【/v1/mail-template/preview】:開始時間=2021-10-20 22:37:09.587;終了時間=2021-10-20 22:37:09.588
【実行結果=OK】【操作(api)】【/internal/v1/report/find】:開始時間=2021-10-20 22:37:09.588;終了時間=2021-10-20 22:37:09.588
【実行結果=OK】【操作(api)】【/internal/v1/report/print】:開始時間=2021-10-20 22:37:09.588;終了時間=2021-10-20 22:37:09.589
【実行結果=OK】【操作(api)】【/internal/v1/report/download】:開始時間=2021-10-20 22:37:09.589;終了時間=2021-10-20 22:37:09.589
【実行結果=OK】【操作(api)】【/v1/mail/send】:開始時間=2021-10-20 22:37:09.589;終了時間=2021-10-20 22:37:09.591
【実行結果=OK】【操作(api)】【/v1/gw-stop-shipment/save】:開始時間=2021-10-20 22:37:09.591;終了時間=2021-10-20 22:37:09.591
【実行結果=OK】【操作(api)】【印刷】:開始時間=2021-10-20 22:37:09.591;終了時間=2021-10-20 22:37:09.832
