■api名称：　登录
■api Request：　/internal/v1/non-payment/get
■api方法：　POST
■api Headers：　User-Agent=PostmanRuntime/7.28.4&&Accept=*/*&&Accept-Encoding=gzip, deflate, br&&Connection=keep-alive&&X-Client-Program=temp&&Content-Type=application/json&&Prefer=/v1/ccy/get->1
■api Body：　{  "billToCode": "BILLTO",  "date": "Due",  "paymentDueDateFrom": "20210607",  "promisedPaymentDateFrom": null,  "paymentDueDateTo": "20211010",  "promisedPaymentDateTo": null,  "incomingPaymentStatus": "1",  "level": "Dunning",  "dunningLevel": "D",  "titleLevel": "s",  "ininChargeId": null,  "mainDepartmentCode": "ardp",  "tradeStatus": "TR",  "nonPaymentAmountExtractFrom": "1000",  "nonPaymentAmountExtractTo": "514264854264857621949",  "settlementMethodList": null,  "paymentMeansList": null,  "subsidiaryCode": "MJP",  "systemDate": "2021-09-16",  "sortField": "Dunning Level",  "sortOrder": "0",  "pageNumber": "1",  "displayCount": 0,  "responseType": "0"}
■loginUser：　UserLoginInfo
■Response：：
{
  "nonPaymentInfoList": [
    {
      "subsidiaryCode": "MJP",
      "billToCode": "BILLTO",
      "nativeBillToName": "billNmNative",
      "billToName": "billtoname",
      "staffId": "0",
      "invoiceNumber": "INVOICE000000001",
      "invoiceDate": "2021-05-27",
      "ccyCodeCustomerCcy": "CAD",
      "billedAmountCustomerCcy": 514264854264857621542.25,
      "nonPaymentAmountCustomerCcy": 514264854264857621942.25,
      "incomingPaymentAmountCustomerCcy": 514264854264857621942.25,
      "billedAmountSubsidiaryCcy": 514264854264857621942.25,
      "ccyCodeSubsidiaryCcy": "CAD",
      "nonPaymentAmountSubsidiaryCcy": 514264854264857621942.25,
      "paymentDueDate": "2021-06-08",
      "promisedPaymentDate": "2021-09-15",
      "incomingPaymentCompleteDate": "2021-06-26",
      "dunningLetterSendMedia": "AL",
      "dunningLetterSendUserId": "DUNNIN",
      "dunningLetterSendRequestDate": "2021-08-26",
      "dunningLevel": "D",
      "titleLevel": "s",
      "mainDepartmentCode": "ardp",
      "acceptanceType": "C",
      "settlementMethod": "SET",
      "paymentMeans": "YM",
      "tradeStatusType": "TR",
      "delayReasonType": "DEL",
      "customerPoReference": "customercustomercustomer1",
      "customerItemReference": "customercustomercustomercustomerite",
      "updateCount": 1,
      "deleteFlag": "0",
      "registerUser": "CustomerCustomeCustomerCustomeCustomerCustomeCustomerCustomesCustomerCustomeCustomerCustomeCustomerCustomeCustomerCustomeCustomerCustomeCustomerCustomeCustomerCustomeCustomerCustomeCustomerCustomeCustomerCustomeCustomerCustomeCustomerCustomeCustomerCustome",
      "registerSystemDateTime": "2021-06-02T01:00:00+09:00",
      "registerProgram": "MASAR20010NSAKN",
      "updateUser": "CustomerCustomeCustomerCustomeCustomerCustomeCustomerCustomesCustomerCustomeCustomerCustomeCustomerCustomeCustomerCustomeCustomerCustomeCustomerCustomeCustomerCustomeCustomerCustomeCustomerCustomeCustomerCustomeCustomerCustomeCustomerCustomeCustomerCustome",
      "updateSystemDateTime": "2021-06-02T01:00:00+09:00",
      "updateProgram": "JOB101254861251",
      "delayDays": "18",
      "dunningLetterSendType": "0"
    }
  ],
  "errorList": []
}