ケース番号=No.008;実施開始時間=2021-10-20 22:37:13.874;実施終了時間=2021-10-20 22:37:14.541;実施結果=OK.
======以下はアクション毎の確認ログ。======
【実行結果=OK】【操作(DB準備)】【テーブル：idempotent_requests,DB状態：1】:開始時間=2021-10-20 22:37:13.875;終了時間=2021-10-20 22:37:13.925
【実行結果=OK】【操作(DB準備)】【テーブル：c_process_parameter,DB状態：1】:開始時間=2021-10-20 22:37:13.925;終了時間=2021-10-20 22:37:14.001
【実行結果=OK】【操作(DB準備)】【テーブル：c_email_function,DB状態：4】:開始時間=2021-10-20 22:37:14.001;終了時間=2021-10-20 22:37:14.059
【実行結果=OK】【操作(DB準備)】【テーブル：c_email_send_group,DB状態：4】:開始時間=2021-10-20 22:37:14.059;終了時間=2021-10-20 22:37:14.109
【実行結果=OK】【操作(DB準備)】【テーブル：c_email_to,DB状態：4】:開始時間=2021-10-20 22:37:14.109;終了時間=2021-10-20 22:37:14.159
【実行結果=OK】【操作(DB準備)】【テーブル：c_email_template,DB状態：4】:開始時間=2021-10-20 22:37:14.159;終了時間=2021-10-20 22:37:14.209
【実行結果=OK】【操作(api)】【/v1/gw-stop-shipment/reference】:開始時間=2021-10-20 22:37:14.209;終了時間=2021-10-20 22:37:14.210
【実行結果=OK】【操作(api)】【/internal/v1/product-classification/get-list】:開始時間=2021-10-20 22:37:14.210;終了時間=2021-10-20 22:37:14.211
【実行結果=OK】【操作(api)】【/internal/v1/reason-type/get-list】:開始時間=2021-10-20 22:37:14.211;終了時間=2021-10-20 22:37:14.211
【実行結果=OK】【操作(api)】【/internal/v1/customer/get-list】:開始時間=2021-10-20 22:37:14.211;終了時間=2021-10-20 22:37:14.211
【実行結果=OK】【操作(api)】【/internal/v1/supplier/get-list】:開始時間=2021-10-20 22:37:14.211;終了時間=2021-10-20 22:37:14.212
【実行結果=OK】【操作(api)】【/internal/v1/plant/get-list】:開始時間=2021-10-20 22:37:14.212;終了時間=2021-10-20 22:37:14.212
【実行結果=OK】【操作(api)】【/v1/mail-template/preview】:開始時間=2021-10-20 22:37:14.212;終了時間=2021-10-20 22:37:14.213
【実行結果=OK】【操作(api)】【/internal/v1/report/find】:開始時間=2021-10-20 22:37:14.213;終了時間=2021-10-20 22:37:14.213
【実行結果=OK】【操作(api)】【/internal/v1/report/print】:開始時間=2021-10-20 22:37:14.213;終了時間=2021-10-20 22:37:14.213
【実行結果=OK】【操作(api)】【/internal/v1/report/download】:開始時間=2021-10-20 22:37:14.213;終了時間=2021-10-20 22:37:14.214
【実行結果=OK】【操作(api)】【/v1/mail/send】:開始時間=2021-10-20 22:37:14.214;終了時間=2021-10-20 22:37:14.214
【実行結果=OK】【操作(api)】【/v1/gw-stop-shipment/save】:開始時間=2021-10-20 22:37:14.214;終了時間=2021-10-20 22:37:14.215
【実行結果=OK】【操作(api)】【印刷】:開始時間=2021-10-20 22:37:14.215;終了時間=2021-10-20 22:37:14.537
