ケース番号=No.042;実施開始時間=2021-10-20 22:37:49.283;実施終了時間=2021-10-20 22:37:49.592;実施結果=OK.
======以下はアクション毎の確認ログ。======
【実行結果=OK】【操作(DB準備)】【テーブル：idempotent_requests,DB状態：1】:開始時間=2021-10-20 22:37:49.285;終了時間=2021-10-20 22:37:49.292
【実行結果=OK】【操作(DB準備)】【テーブル：c_process_parameter,DB状態：1】:開始時間=2021-10-20 22:37:49.292;終了時間=2021-10-20 22:37:49.359
【実行結果=OK】【操作(DB準備)】【テーブル：c_email_function,DB状態：1】:開始時間=2021-10-20 22:37:49.359;終了時間=2021-10-20 22:37:49.417
【実行結果=OK】【操作(DB準備)】【テーブル：c_email_send_group,DB状態：1】:開始時間=2021-10-20 22:37:49.418;終了時間=2021-10-20 22:37:49.468
【実行結果=OK】【操作(DB準備)】【テーブル：c_email_to,DB状態：1】:開始時間=2021-10-20 22:37:49.468;終了時間=2021-10-20 22:37:49.525
【実行結果=OK】【操作(DB準備)】【テーブル：c_email_template,DB状態：1】:開始時間=2021-10-20 22:37:49.525;終了時間=2021-10-20 22:37:49.576
【実行結果=OK】【操作(api)】【/v1/gw-stop-shipment/reference】:開始時間=2021-10-20 22:37:49.576;終了時間=2021-10-20 22:37:49.577
【実行結果=OK】【操作(api)】【/internal/v1/product-classification/get-list】:開始時間=2021-10-20 22:37:49.577;終了時間=2021-10-20 22:37:49.577
【実行結果=OK】【操作(api)】【/internal/v1/reason-type/get-list】:開始時間=2021-10-20 22:37:49.577;終了時間=2021-10-20 22:37:49.578
【実行結果=OK】【操作(api)】【/internal/v1/customer/get-list】:開始時間=2021-10-20 22:37:49.578;終了時間=2021-10-20 22:37:49.578
【実行結果=OK】【操作(api)】【/internal/v1/supplier/get-list】:開始時間=2021-10-20 22:37:49.578;終了時間=2021-10-20 22:37:49.578
【実行結果=OK】【操作(api)】【/internal/v1/plant/get-list】:開始時間=2021-10-20 22:37:49.578;終了時間=2021-10-20 22:37:49.579
【実行結果=OK】【操作(api)】【/v1/mail-template/preview】:開始時間=2021-10-20 22:37:49.579;終了時間=2021-10-20 22:37:49.579
【実行結果=OK】【操作(api)】【/internal/v1/report/find】:開始時間=2021-10-20 22:37:49.579;終了時間=2021-10-20 22:37:49.580
【実行結果=OK】【操作(api)】【/internal/v1/report/print】:開始時間=2021-10-20 22:37:49.580;終了時間=2021-10-20 22:37:49.580
【実行結果=OK】【操作(api)】【/internal/v1/report/download】:開始時間=2021-10-20 22:37:49.580;終了時間=2021-10-20 22:37:49.580
【実行結果=OK】【操作(api)】【/v1/mail/send】:開始時間=2021-10-20 22:37:49.580;終了時間=2021-10-20 22:37:49.581
【実行結果=OK】【操作(api)】【/v1/gw-stop-shipment/save】:開始時間=2021-10-20 22:37:49.581;終了時間=2021-10-20 22:37:49.581
【実行結果=OK】【操作(api)】【印刷】:開始時間=2021-10-20 22:37:49.581;終了時間=2021-10-20 22:37:49.591
