ケース番号=No.023;実施開始時間=2021-10-20 22:37:30.995;実施終了時間=2021-10-20 22:37:31.741;実施結果=OK.
======以下はアクション毎の確認ログ。======
【実行結果=OK】【操作(DB準備)】【テーブル：idempotent_requests,DB状態：1】:開始時間=2021-10-20 22:37:30.996;終了時間=2021-10-20 22:37:31.032
【実行結果=OK】【操作(DB準備)】【テーブル：c_process_parameter,DB状態：1】:開始時間=2021-10-20 22:37:31.032;終了時間=2021-10-20 22:37:31.099
【実行結果=OK】【操作(DB準備)】【テーブル：c_email_function,DB状態：15】:開始時間=2021-10-20 22:37:31.099;終了時間=2021-10-20 22:37:31.158
【実行結果=OK】【操作(DB準備)】【テーブル：c_email_send_group,DB状態：15】:開始時間=2021-10-20 22:37:31.158;終了時間=2021-10-20 22:37:31.234
【実行結果=OK】【操作(DB準備)】【テーブル：c_email_to,DB状態：15】:開始時間=2021-10-20 22:37:31.234;終了時間=2021-10-20 22:37:31.292
【実行結果=OK】【操作(DB準備)】【テーブル：c_email_template,DB状態：15】:開始時間=2021-10-20 22:37:31.292;終了時間=2021-10-20 22:37:31.350
【実行結果=OK】【操作(api)】【/v1/gw-stop-shipment/reference】:開始時間=2021-10-20 22:37:31.350;終了時間=2021-10-20 22:37:31.352
【実行結果=OK】【操作(api)】【/internal/v1/product-classification/get-list】:開始時間=2021-10-20 22:37:31.352;終了時間=2021-10-20 22:37:31.352
【実行結果=OK】【操作(api)】【/internal/v1/reason-type/get-list】:開始時間=2021-10-20 22:37:31.352;終了時間=2021-10-20 22:37:31.352
【実行結果=OK】【操作(api)】【/internal/v1/customer/get-list】:開始時間=2021-10-20 22:37:31.352;終了時間=2021-10-20 22:37:31.353
【実行結果=OK】【操作(api)】【/internal/v1/supplier/get-list】:開始時間=2021-10-20 22:37:31.353;終了時間=2021-10-20 22:37:31.353
【実行結果=OK】【操作(api)】【/internal/v1/plant/get-list】:開始時間=2021-10-20 22:37:31.353;終了時間=2021-10-20 22:37:31.353
【実行結果=OK】【操作(api)】【/v1/mail-template/preview】:開始時間=2021-10-20 22:37:31.353;終了時間=2021-10-20 22:37:31.354
【実行結果=OK】【操作(api)】【/internal/v1/report/find】:開始時間=2021-10-20 22:37:31.354;終了時間=2021-10-20 22:37:31.354
【実行結果=OK】【操作(api)】【/internal/v1/report/print】:開始時間=2021-10-20 22:37:31.354;終了時間=2021-10-20 22:37:31.354
【実行結果=OK】【操作(api)】【/internal/v1/report/download】:開始時間=2021-10-20 22:37:31.354;終了時間=2021-10-20 22:37:31.355
【実行結果=OK】【操作(api)】【/v1/mail/send】:開始時間=2021-10-20 22:37:31.355;終了時間=2021-10-20 22:37:31.355
【実行結果=OK】【操作(api)】【/v1/gw-stop-shipment/save】:開始時間=2021-10-20 22:37:31.355;終了時間=2021-10-20 22:37:31.355
【実行結果=OK】【操作(api)】【印刷】:開始時間=2021-10-20 22:37:31.355;終了時間=2021-10-20 22:37:31.736
