■api名称：　登录
■api Request：　/internal/v1/carrier-invoice/register
■api方法：　POST
■api Headers：　Content-Type=application/json&&User-Agent=PostmanRuntime/7.28.4&&Accept=*/*&&Accept-Encoding=gzip, deflate, br&&Connection=keep-alive&&Idempotency-Key=1&&X-Client-Program=1&&Prefer=/internal/v1/sales-order/search->1&/internal/v1/closing-time/get-list->1&/internal/v1/next-business-day/search->1
■api Body：　{  "localCorporationCode": "str",  "accessIpAddress": "string",  "sessionId": "string",  "screenId": "string",  "processId": "string",  "programType": "a",  "createDate": "",  "registerMode": "1",  "detailInformationList": [    {      "detailNumber": "1",      "globalNumber": "CA000032000001",      "internalExternalType": "0",      "invoiceNoDetailInformationList": [        {          "no": "1",          "deleteType": "0",          "carrierInvoiceNumber": "001@a",          "plantCode": null,          "vsd": null,          "packingControlNumber": "45",          "shipmodeCode": "0",          "qty": null,          "supplierCode": "0001"        }      ]    }  ]}
■loginUser：　UserLoginInfo
■Response：：
{
  "resultStatus": "3001",
  "invoiceNoInformationList": {
    "createDate": "2019-08-24",
    "subsidiaryCode": "JPN",
    "registerMode": "1"
  },
  "responseDetailInformationList": [
    {
      "detailNumber": "1",
      "detailResultStatus": "3001",
      "globalNumber": "CA000032000001",
      "carrierInvoiceNoDeleteInformation": "001@a",
      "invoiceNoDetailInformationList": [
        {
          "no": "1",
          "businessMessageList": [
            {
              "businessMessageCode": "NTTSL1E0008E",
              "businessMessageParameter": "グローバル番号と仕入先コードの組合せが不正です。\nグローバル番号：CA000032000001、仕入先コード：0001",
              "messageCatagory": "W"
            }
          ]
        }
      ]
    }
  ]
}