ケース番号=No.003;実施開始時間=2021-10-20 22:37:08.271;実施終了時間=2021-10-20 22:37:08.842;実施結果=OK.
======以下はアクション毎の確認ログ。======
【実行結果=OK】【操作(DB準備)】【テーブル：idempotent_requests,DB状態：1】:開始時間=2021-10-20 22:37:08.293;終了時間=2021-10-20 22:37:08.384
【実行結果=OK】【操作(DB準備)】【テーブル：c_process_parameter,DB状態：1】:開始時間=2021-10-20 22:37:08.384;終了時間=2021-10-20 22:37:08.459
【実行結果=OK】【操作(DB準備)】【テーブル：c_email_function,DB状態：1】:開始時間=2021-10-20 22:37:08.459;終了時間=2021-10-20 22:37:08.526
【実行結果=OK】【操作(DB準備)】【テーブル：c_email_send_group,DB状態：1】:開始時間=2021-10-20 22:37:08.526;終了時間=2021-10-20 22:37:08.576
【実行結果=OK】【操作(DB準備)】【テーブル：c_email_to,DB状態：1】:開始時間=2021-10-20 22:37:08.576;終了時間=2021-10-20 22:37:08.634
【実行結果=OK】【操作(DB準備)】【テーブル：c_email_template,DB状態：1】:開始時間=2021-10-20 22:37:08.634;終了時間=2021-10-20 22:37:08.701
【実行結果=OK】【操作(api)】【/v1/gw-stop-shipment/reference】:開始時間=2021-10-20 22:37:08.701;終了時間=2021-10-20 22:37:08.702
【実行結果=OK】【操作(api)】【/internal/v1/product-classification/get-list】:開始時間=2021-10-20 22:37:08.702;終了時間=2021-10-20 22:37:08.702
【実行結果=OK】【操作(api)】【/internal/v1/reason-type/get-list】:開始時間=2021-10-20 22:37:08.703;終了時間=2021-10-20 22:37:08.703
【実行結果=OK】【操作(api)】【/internal/v1/customer/get-list】:開始時間=2021-10-20 22:37:08.703;終了時間=2021-10-20 22:37:08.703
【実行結果=OK】【操作(api)】【/internal/v1/supplier/get-list】:開始時間=2021-10-20 22:37:08.703;終了時間=2021-10-20 22:37:08.704
【実行結果=OK】【操作(api)】【/internal/v1/plant/get-list】:開始時間=2021-10-20 22:37:08.704;終了時間=2021-10-20 22:37:08.704
【実行結果=OK】【操作(api)】【/v1/mail-template/preview】:開始時間=2021-10-20 22:37:08.704;終了時間=2021-10-20 22:37:08.705
【実行結果=OK】【操作(api)】【/internal/v1/report/find】:開始時間=2021-10-20 22:37:08.705;終了時間=2021-10-20 22:37:08.706
【実行結果=OK】【操作(api)】【/internal/v1/report/print】:開始時間=2021-10-20 22:37:08.706;終了時間=2021-10-20 22:37:08.706
【実行結果=OK】【操作(api)】【/internal/v1/report/download】:開始時間=2021-10-20 22:37:08.706;終了時間=2021-10-20 22:37:08.707
【実行結果=OK】【操作(api)】【/v1/mail/send】:開始時間=2021-10-20 22:37:08.707;終了時間=2021-10-20 22:37:08.708
【実行結果=OK】【操作(api)】【/v1/gw-stop-shipment/save】:開始時間=2021-10-20 22:37:08.708;終了時間=2021-10-20 22:37:08.708
【実行結果=OK】【操作(api)】【印刷】:開始時間=2021-10-20 22:37:08.708;終了時間=2021-10-20 22:37:08.837
