ケース番号=No.019;実施開始時間=2021-10-20 22:37:26.755;実施終了時間=2021-10-20 22:37:27.489;実施結果=OK.
======以下はアクション毎の確認ログ。======
【実行結果=OK】【操作(DB準備)】【テーブル：idempotent_requests,DB状態：1】:開始時間=2021-10-20 22:37:26.757;終了時間=2021-10-20 22:37:26.790
【実行結果=OK】【操作(DB準備)】【テーブル：c_process_parameter,DB状態：1】:開始時間=2021-10-20 22:37:26.790;終了時間=2021-10-20 22:37:26.858
【実行結果=OK】【操作(DB準備)】【テーブル：c_email_function,DB状態：11】:開始時間=2021-10-20 22:37:26.858;終了時間=2021-10-20 22:37:26.933
【実行結果=OK】【操作(DB準備)】【テーブル：c_email_send_group,DB状態：11】:開始時間=2021-10-20 22:37:26.933;終了時間=2021-10-20 22:37:27.007
【実行結果=OK】【操作(DB準備)】【テーブル：c_email_to,DB状態：11】:開始時間=2021-10-20 22:37:27.007;終了時間=2021-10-20 22:37:27.058
【実行結果=OK】【操作(DB準備)】【テーブル：c_email_template,DB状態：11】:開始時間=2021-10-20 22:37:27.058;終了時間=2021-10-20 22:37:27.108
【実行結果=OK】【操作(api)】【/v1/gw-stop-shipment/reference】:開始時間=2021-10-20 22:37:27.108;終了時間=2021-10-20 22:37:27.109
【実行結果=OK】【操作(api)】【/internal/v1/product-classification/get-list】:開始時間=2021-10-20 22:37:27.109;終了時間=2021-10-20 22:37:27.109
【実行結果=OK】【操作(api)】【/internal/v1/reason-type/get-list】:開始時間=2021-10-20 22:37:27.109;終了時間=2021-10-20 22:37:27.109
【実行結果=OK】【操作(api)】【/internal/v1/customer/get-list】:開始時間=2021-10-20 22:37:27.109;終了時間=2021-10-20 22:37:27.110
【実行結果=OK】【操作(api)】【/internal/v1/supplier/get-list】:開始時間=2021-10-20 22:37:27.110;終了時間=2021-10-20 22:37:27.110
【実行結果=OK】【操作(api)】【/internal/v1/plant/get-list】:開始時間=2021-10-20 22:37:27.110;終了時間=2021-10-20 22:37:27.111
【実行結果=OK】【操作(api)】【/v1/mail-template/preview】:開始時間=2021-10-20 22:37:27.111;終了時間=2021-10-20 22:37:27.111
【実行結果=OK】【操作(api)】【/internal/v1/report/find】:開始時間=2021-10-20 22:37:27.111;終了時間=2021-10-20 22:37:27.111
【実行結果=OK】【操作(api)】【/internal/v1/report/print】:開始時間=2021-10-20 22:37:27.111;終了時間=2021-10-20 22:37:27.112
【実行結果=OK】【操作(api)】【/internal/v1/report/download】:開始時間=2021-10-20 22:37:27.112;終了時間=2021-10-20 22:37:27.112
【実行結果=OK】【操作(api)】【/v1/mail/send】:開始時間=2021-10-20 22:37:27.112;終了時間=2021-10-20 22:37:27.112
【実行結果=OK】【操作(api)】【/v1/gw-stop-shipment/save】:開始時間=2021-10-20 22:37:27.112;終了時間=2021-10-20 22:37:27.113
【実行結果=OK】【操作(api)】【印刷】:開始時間=2021-10-20 22:37:27.113;終了時間=2021-10-20 22:37:27.484
