ケース番号=No.024;実施開始時間=2021-10-20 22:37:32.098;実施終了時間=2021-10-20 22:37:32.938;実施結果=OK.
======以下はアクション毎の確認ログ。======
【実行結果=OK】【操作(DB準備)】【テーブル：idempotent_requests,DB状態：1】:開始時間=2021-10-20 22:37:32.099;終了時間=2021-10-20 22:37:32.148
【実行結果=OK】【操作(DB準備)】【テーブル：c_process_parameter,DB状態：1】:開始時間=2021-10-20 22:37:32.149;終了時間=2021-10-20 22:37:32.208
【実行結果=OK】【操作(DB準備)】【テーブル：c_email_function,DB状態：16】:開始時間=2021-10-20 22:37:32.208;終了時間=2021-10-20 22:37:32.276
【実行結果=OK】【操作(DB準備)】【テーブル：c_email_send_group,DB状態：16】:開始時間=2021-10-20 22:37:32.276;終了時間=2021-10-20 22:37:32.333
【実行結果=OK】【操作(DB準備)】【テーブル：c_email_to,DB状態：16】:開始時間=2021-10-20 22:37:32.333;終了時間=2021-10-20 22:37:32.384
【実行結果=OK】【操作(DB準備)】【テーブル：c_email_template,DB状態：16】:開始時間=2021-10-20 22:37:32.384;終了時間=2021-10-20 22:37:32.443
【実行結果=OK】【操作(api)】【/v1/gw-stop-shipment/reference】:開始時間=2021-10-20 22:37:32.443;終了時間=2021-10-20 22:37:32.444
【実行結果=OK】【操作(api)】【/internal/v1/product-classification/get-list】:開始時間=2021-10-20 22:37:32.444;終了時間=2021-10-20 22:37:32.444
【実行結果=OK】【操作(api)】【/internal/v1/reason-type/get-list】:開始時間=2021-10-20 22:37:32.444;終了時間=2021-10-20 22:37:32.445
【実行結果=OK】【操作(api)】【/internal/v1/customer/get-list】:開始時間=2021-10-20 22:37:32.445;終了時間=2021-10-20 22:37:32.445
【実行結果=OK】【操作(api)】【/internal/v1/supplier/get-list】:開始時間=2021-10-20 22:37:32.445;終了時間=2021-10-20 22:37:32.445
【実行結果=OK】【操作(api)】【/internal/v1/plant/get-list】:開始時間=2021-10-20 22:37:32.445;終了時間=2021-10-20 22:37:32.446
【実行結果=OK】【操作(api)】【/v1/mail-template/preview】:開始時間=2021-10-20 22:37:32.446;終了時間=2021-10-20 22:37:32.446
【実行結果=OK】【操作(api)】【/internal/v1/report/find】:開始時間=2021-10-20 22:37:32.446;終了時間=2021-10-20 22:37:32.446
【実行結果=OK】【操作(api)】【/internal/v1/report/print】:開始時間=2021-10-20 22:37:32.446;終了時間=2021-10-20 22:37:32.447
【実行結果=OK】【操作(api)】【/internal/v1/report/download】:開始時間=2021-10-20 22:37:32.447;終了時間=2021-10-20 22:37:32.447
【実行結果=OK】【操作(api)】【/v1/mail/send】:開始時間=2021-10-20 22:37:32.447;終了時間=2021-10-20 22:37:32.447
【実行結果=OK】【操作(api)】【/v1/gw-stop-shipment/save】:開始時間=2021-10-20 22:37:32.447;終了時間=2021-10-20 22:37:32.448
【実行結果=OK】【操作(api)】【印刷】:開始時間=2021-10-20 22:37:32.448;終了時間=2021-10-20 22:37:32.934
