■api名称：　登录
■api Request：　/internal/v1/carrier-invoice/register
■api方法：　POST
■api Headers：　Content-Type=application/json&&User-Agent=PostmanRuntime/7.28.4&&Accept=*/*&&Accept-Encoding=gzip, deflate, br&&Connection=keep-alive&&Idempotency-Key=1&&X-Client-Program=1&&Prefer=/internal/v1/sales-order/search->1&/internal/v1/closing-time/get-list->1&/internal/v1/next-business-day/search->1
■api Body：　{    "localCorporationCode": "str",    "accessIpAddress": "string",    "sessionId": "string",    "screenId": "string",    "processId": "string",    "programType": "a",    "createDate": "20190824",    "registerMode": "0",    "detailInformationList": [        {            "detailNumber": "1",            "globalNumber": "CA000032000086",            "internalExternalType": "0",            "invoiceNoDetailInformationList": [                {                    "no": "1",                    "deleteType": "1",                    "carrierInvoiceNumber": "001@a",                    "plantCode": "00T2",                    "vsd": "20190824",                    "packingControlNumber": "45",                    "shipmodeCode": "0",                    "qty": "２",                    "supplierCode": "0010"                }            ]        }    ]}
■loginUser：　UserLoginInfo
■Response：：
{
  "resultStatus": "0000",
  "invoiceNoInformationList": {
    "createDate": "2019-08-24",
    "subsidiaryCode": "JPN",
    "registerMode": "0"
  },
  "responseDetailInformationList": [
    {
      "detailNumber": "1",
      "detailResultStatus": "0000",
      "globalNumber": "CA000032000086",
      "invoiceNoDetailInformationList": [
        {
          "no": "1",
          "businessMessageList": [
            {}
          ]
        }
      ]
    }
  ]
}