ケース番号=No.035;実施開始時間=2021-10-20 22:37:44.118;実施終了時間=2021-10-20 22:37:44.506;実施結果=OK.
======以下はアクション毎の確認ログ。======
【実行結果=OK】【操作(DB準備)】【テーブル：idempotent_requests,DB状態：1】:開始時間=2021-10-20 22:37:44.120;終了時間=2021-10-20 22:37:44.133
【実行結果=OK】【操作(DB準備)】【テーブル：c_process_parameter,DB状態：1】:開始時間=2021-10-20 22:37:44.133;終了時間=2021-10-20 22:37:44.232
【実行結果=OK】【操作(DB準備)】【テーブル：c_email_function,DB状態：1】:開始時間=2021-10-20 22:37:44.232;終了時間=2021-10-20 22:37:44.301
【実行結果=OK】【操作(DB準備)】【テーブル：c_email_send_group,DB状態：1】:開始時間=2021-10-20 22:37:44.301;終了時間=2021-10-20 22:37:44.351
【実行結果=OK】【操作(DB準備)】【テーブル：c_email_to,DB状態：1】:開始時間=2021-10-20 22:37:44.351;終了時間=2021-10-20 22:37:44.411
【実行結果=OK】【操作(DB準備)】【テーブル：c_email_template,DB状態：1】:開始時間=2021-10-20 22:37:44.411;終了時間=2021-10-20 22:37:44.467
【実行結果=OK】【操作(api)】【/v1/gw-stop-shipment/reference】:開始時間=2021-10-20 22:37:44.467;終了時間=2021-10-20 22:37:44.468
【実行結果=OK】【操作(api)】【/internal/v1/product-classification/get-list】:開始時間=2021-10-20 22:37:44.468;終了時間=2021-10-20 22:37:44.468
【実行結果=OK】【操作(api)】【/internal/v1/reason-type/get-list】:開始時間=2021-10-20 22:37:44.468;終了時間=2021-10-20 22:37:44.469
【実行結果=OK】【操作(api)】【/internal/v1/customer/get-list】:開始時間=2021-10-20 22:37:44.469;終了時間=2021-10-20 22:37:44.469
【実行結果=OK】【操作(api)】【/internal/v1/supplier/get-list】:開始時間=2021-10-20 22:37:44.469;終了時間=2021-10-20 22:37:44.469
【実行結果=OK】【操作(api)】【/internal/v1/plant/get-list】:開始時間=2021-10-20 22:37:44.469;終了時間=2021-10-20 22:37:44.470
【実行結果=OK】【操作(api)】【/v1/mail-template/preview】:開始時間=2021-10-20 22:37:44.470;終了時間=2021-10-20 22:37:44.470
【実行結果=OK】【操作(api)】【/internal/v1/report/find】:開始時間=2021-10-20 22:37:44.470;終了時間=2021-10-20 22:37:44.470
【実行結果=OK】【操作(api)】【/internal/v1/report/print】:開始時間=2021-10-20 22:37:44.470;終了時間=2021-10-20 22:37:44.471
【実行結果=OK】【操作(api)】【/internal/v1/report/download】:開始時間=2021-10-20 22:37:44.471;終了時間=2021-10-20 22:37:44.471
【実行結果=OK】【操作(api)】【/v1/mail/send】:開始時間=2021-10-20 22:37:44.471;終了時間=2021-10-20 22:37:44.471
【実行結果=OK】【操作(api)】【/v1/gw-stop-shipment/save】:開始時間=2021-10-20 22:37:44.471;終了時間=2021-10-20 22:37:44.472
【実行結果=OK】【操作(api)】【印刷】:開始時間=2021-10-20 22:37:44.472;終了時間=2021-10-20 22:37:44.505
