ケース番号=No.011;実施開始時間=2021-10-20 22:37:17.357;実施終了時間=2021-10-20 22:37:18.150;実施結果=OK.
======以下はアクション毎の確認ログ。======
【実行結果=OK】【操作(DB準備)】【テーブル：idempotent_requests,DB状態：1】:開始時間=2021-10-20 22:37:17.382;終了時間=2021-10-20 22:37:17.425
【実行結果=OK】【操作(DB準備)】【テーブル：c_process_parameter,DB状態：1】:開始時間=2021-10-20 22:37:17.425;終了時間=2021-10-20 22:37:17.492
【実行結果=OK】【操作(DB準備)】【テーブル：c_email_function,DB状態：1】:開始時間=2021-10-20 22:37:17.492;終了時間=2021-10-20 22:37:17.551
【実行結果=OK】【操作(DB準備)】【テーブル：c_email_send_group,DB状態：1】:開始時間=2021-10-20 22:37:17.551;終了時間=2021-10-20 22:37:17.609
【実行結果=OK】【操作(DB準備)】【テーブル：c_email_to,DB状態：1】:開始時間=2021-10-20 22:37:17.609;終了時間=2021-10-20 22:37:17.692
【実行結果=OK】【操作(DB準備)】【テーブル：c_email_template,DB状態：1】:開始時間=2021-10-20 22:37:17.692;終了時間=2021-10-20 22:37:17.749
【実行結果=OK】【操作(api)】【/v1/gw-stop-shipment/reference】:開始時間=2021-10-20 22:37:17.749;終了時間=2021-10-20 22:37:17.750
【実行結果=OK】【操作(api)】【/internal/v1/product-classification/get-list】:開始時間=2021-10-20 22:37:17.750;終了時間=2021-10-20 22:37:17.750
【実行結果=OK】【操作(api)】【/internal/v1/reason-type/get-list】:開始時間=2021-10-20 22:37:17.751;終了時間=2021-10-20 22:37:17.751
【実行結果=OK】【操作(api)】【/internal/v1/customer/get-list】:開始時間=2021-10-20 22:37:17.751;終了時間=2021-10-20 22:37:17.751
【実行結果=OK】【操作(api)】【/internal/v1/supplier/get-list】:開始時間=2021-10-20 22:37:17.751;終了時間=2021-10-20 22:37:17.752
【実行結果=OK】【操作(api)】【/internal/v1/plant/get-list】:開始時間=2021-10-20 22:37:17.752;終了時間=2021-10-20 22:37:17.752
【実行結果=OK】【操作(api)】【/v1/mail-template/preview】:開始時間=2021-10-20 22:37:17.752;終了時間=2021-10-20 22:37:17.752
【実行結果=OK】【操作(api)】【/internal/v1/report/find】:開始時間=2021-10-20 22:37:17.752;終了時間=2021-10-20 22:37:17.753
【実行結果=OK】【操作(api)】【/internal/v1/report/print】:開始時間=2021-10-20 22:37:17.753;終了時間=2021-10-20 22:37:17.753
【実行結果=OK】【操作(api)】【/internal/v1/report/download】:開始時間=2021-10-20 22:37:17.753;終了時間=2021-10-20 22:37:17.754
【実行結果=OK】【操作(api)】【/v1/mail/send】:開始時間=2021-10-20 22:37:17.754;終了時間=2021-10-20 22:37:17.754
【実行結果=OK】【操作(api)】【/v1/gw-stop-shipment/save】:開始時間=2021-10-20 22:37:17.754;終了時間=2021-10-20 22:37:17.754
【実行結果=OK】【操作(api)】【印刷】:開始時間=2021-10-20 22:37:17.754;終了時間=2021-10-20 22:37:18.145
