■api名称：　登录
■api Request：　/internal/v1/ul-purpose-data-download/reference?offset=1&limit=20&sortby2=controlSeqNumber&sortby=dataCode DESC
■api方法：　POST
■api Headers：　Content-Type=application/json&&User-Agent=PostmanRuntime/7.28.4&&Accept=*/*&&Accept-Encoding=gzip, deflate, br&&Connection=keep-alive&&X-Client-Program=test&&Idempotency-Key=4a037a9e-2500-4724-a005-997a1ab13a55&&
■api Body：　{  "mailAddress": "ab34567890123456789012345678901234567890123456789012345678901234567890123456789012345678901234567890123456789012345678901234567890123456789012345678901234567890123456789012345678901234567890123456789012345678901234567890123456789012345678901234567890123com",  "dataCode": "10002",  "fileName": "abc456789012345678901234567890123456789012345678901234567890123456789012345678901234567890123456789012345678901234567890123456789012345678901234567890123456789012345678901234567890123456789012345678901234567890123456789012345678901234567890123456789012345678901234567890123456789012345678901234567890123456789012345678901234567890123456789012345678901234567890123456789012345678901234567890123456789012345678901234567890123456789012",  "createDateFrom": "2020-01-01",  "createDateTo": "2020-01-31",  "statusRequesting": "1",  "statusDownloadable": "0",  "statusDownloaded": "0",  "referenceMaxCount": 10}
■loginUser：　UserLoginInfo
■Response：：
{
  "resultInfoList": [
    {
      "controlSeqNumber": "9999999993",
      "mailAddress": "ab34567890123456789012345678901234567890123456789012345678901234567890123456789012345678901234567890123456789012345678901234567890123456789012345678901234567890123456789012345678901234567890123456789012345678901234567890123456789012345678901234567890123com",
      "dataCode": "10002",
      "fileTypeName": "a234567890123456789012346",
      "fileName": "abc456789012345678901234567890123456789012345678901234567890123456789012345678901234567890123456789012345678901234567890123456789012345678901234567890123456789012345678901234567890123456789012345678901234567890123456789012345678901234567890123456789012345678901234567890123456789012345678901234567890123456789012345678901234567890123456789012345678901234567890123456789012345678901234567890123456789012345678901234567890123456789012",
      "createDate": "2020-01-13",
      "statusCode": "1",
      "statusName": "依頼中456789012345678901234567890123456789012345678901234567890123456789012345678901234567890123456789012345678901234567890123456789012345678901234567890123456789012345678901234567890123456789012345678901234567890123456789012345678901234567890123456789012345678901234567890123456789012345678901234567890123456789012345678901234567890123456789012345678901234567890123456789012345678901234567890123456789012345678901234567890123456789012345678901234567890123456789012345678901234567890123456789012345678901234567890123456789012345678901234567890123456789012345678901234567890123456789012345678901234567890",
      "resultCode": "1",
      "resultName": "NG3456789012345678901234567890123456789012345678901234567890123456789012345678901234567890123456789012345678901234567890123456789012345678901234567890123456789012345678901234567890123456789012345678901234567890123456789012345678901234567890123456789012345678901234567890123456789012345678901234567890123456789012345678901234567890123456789012345678901234567890123456789012345678901234567890123456789012345678901234567890123456789012345678901234567890123456789012345678901234567890123456789012345678901234567890123456789012345678901234567890123456789012345678901234567890123456789012345678901234567890"
    }
  ],
  "errorList": []
}