■api名称：　检索
■api Request：　/internal/v1/reprint/get?outputType=1&subsidiaryCode=JPN&createDateFrom=2021-09-09&createDateTo=2021-09-09&reportType=11&outputStatus=2&pageNumber=1&searchKeyWord=4&createUserId=JPN01&billToCode=aaa
■api方法：　GET
■api Headers：　User-Agent=PostmanRuntime/7.28.4&&Accept=*/*&&Accept-Encoding=gzip, deflate, br&&Connection=keep-alive&&X-Client-Program=1&&
■api Body：　-
■loginUser：　UserLoginInfo
■api Response：{
  "code": "N0000000003E",
  "message": "Constraint violation",
  "detailList": [
    {
      "target": "getReprintInternalV1.displayCount",
      "detailList": [
        {
          "code": "N0000003100E",
          "argumentList": [],
          "message": "getReprintInternalV1.displayCount must not be null, blank, or empty"
        }
      ]
    }
  ]
}