■api名称：　検索
■api Request：　/internal/v1/screen-field-display/get
■api方法：　POST
■api Headers：　Content-Type=application/json&&User-Agent=PostmanRuntime/7.28.4&&Accept=*/*&&Accept-Encoding=gzip, deflate, br&&Connection=keep-alive&&x-Client-Program=test&&x-Client-Program=test&&
■api Body：　{  "subsidiaryCode":"JPN",  "generalKeyList":[{      "olDisplayElementIdentifier":"st",      "generalKey1":"00001",      "generalKey2":"00000000000000000002",      "generalKey3":"00000000000000000003",      "generalKey4":"00000000000000000004",      "generalKey5":"00000000000000000005"  }]  }
■loginUser：　UserLoginInfo
■Response：：
{
  "ScreenFieldDisplayInternalList": [
    {
      "olDisplayElementIdentifier": "st",
      "ScreenFieldDisplayInternalListIdentifier": [
        {
          "generalKey1": "00001",
          "generalKey2": "00000000000000000002",
          "generalKey3": "00000000000000000003",
          "generalKey4": "00000000000000000004",
          "generalKey5": "00000000000000000005",
          "codeValueReference1": "ハハハハハハハハハハハハハハハハハハハハハハハハハハハハハハハハハハハハハハハハハハハハハハハハハハハハハハハハハハハハハハハハハハハハハハハハハハハハハハハハハハハハハハハハハハハハハハハハハハハハハハハハハハハハハハハハハハハハハハハハハハハハハハハハハハハハハハハハハハハハハハハハハハハハハハハハハハハハハハハハハハハハハハハハハハハハハハハハハハハハハハハハハハハハハハハハハハハハハハハハハハハハハハハハハハハハハハハハハハハハハハハハハハハハハハハハハハハハハハハハハハハハハハハハハハハハハハハハハハハハハハハハハハハハハハハハハハハハハハハハハハハハハハハハハハハハハハハハハハハハハハハハハハハハハハハハハハハハハハハハハハハハハハハハハハハハハハハハハハハハハハハハハハハハハハハハハハハハハハハハハハハハハハハハハハハハハハハハハハハハハハハハハハハハハハハハハハハハハハハハハハハハハハハハハハハハハハハハハハハハハハハハハハハハハハハハハハハハハハハハハハハハハハハハハハハハハハハハハハハハハハハハハハハハハハハハハハハハハハハハハハハハハハハハハハハハハハハハハハハハハハハハハハハハハハハハハハハハハハハハハハハハハハハハハハハハハハハハハハハハハハハハハハハハハハハハハハハハハハハハハハハハハハハハハハハハハハハハハハハハハハハハハハハハハハハハハハハハハハハハ",
          "codeValueReference2": "ハハハハハハハハハハハハハハハハハハハハハハハハハハハハハハハハハハハハハハハハハハハハハハハハハハハハハハハハハハハハハハハハハハハハハハハハハハハハハハハハハハハハハハハハハハハハハハハハハハハハハハハハハハハハハハハハハハハハハハハハハハハハハハハハハハハハハハハハハハハハハハハハハハハハハハハハハハハハハハハハハハハハハハハハハハハハハハハハハハハハハハハハハハハハハハハハハハハハハハハハハハハハハハハハハハハハハハハハハハハハハハハハハハハハハハハハハハハハハハハハハハハハハハハハハハハハハハハハハハハハハハハハハハハハハハハハハハハハハハハハハハハハハハハハハハハハハハハハハハハハハハハハハハハハハハハハハハハハハハハハハハハハハハハハハハハハハハハハハハハハハハハハハハハハハハハハハハハハハハハハハハハハハハハハハハハハハハハハハハハハハハハハハハハハハハハハハハハハハハハハハハハハハハハハハハハハハハハハハハハハハハハハハハハハハハハハハハハハハハハハハハハハハハハハハハハハハハハハハハハハハハハハハハハハハハハハハハハハハハハハハハハハハハハハハハハハハハハハハハハハハハハハハハハハハハハハハハハハハハハハハハハハハハハハハハハハハハハハハハハハハハハハハハハハハハハハハハハハハハハハハハハハハハハハハハハハハハハハハハハハハハハハハハハハハハハハハハハハハハハハ",
          "codeValueReference3": "ハハハハハハハハハハハハハハハハハハハハハハハハハハハハハハハハハハハハハハハハハハハハハハハハハハハハハハハハハハハハハハハハハハハハハハハハハハハハハハハハハハハハハハハハハハハハハハハハハハハハハハハハハハハハハハハハハハハハハハハハハハハハハハハハハハハハハハハハハハハハハハハハハハハハハハハハハハハハハハハハハハハハハハハハハハハハハハハハハハハハハハハハハハハハハハハハハハハハハハハハハハハハハハハハハハハハハハハハハハハハハハハハハハハハハハハハハハハハハハハハハハハハハハハハハハハハハハハハハハハハハハハハハハハハハハハハハハハハハハハハハハハハハハハハハハハハハハハハハハハハハハハハハハハハハハハハハハハハハハハハハハハハハハハハハハハハハハハハハハハハハハハハハハハハハハハハハハハハハハハハハハハハハハハハハハハハハハハハハハハハハハハハハハハハハハハハハハハハハハハハハハハハハハハハハハハハハハハハハハハハハハハハハハハハハハハハハハハハハハハハハハハハハハハハハハハハハハハハハハハハハハハハハハハハハハハハハハハハハハハハハハハハハハハハハハハハハハハハハハハハハハハハハハハハハハハハハハハハハハハハハハハハハハハハハハハハハハハハハハハハハハハハハハハハハハハハハハハハハハハハハハハハハハハハハハハハハハハハハハハハハハハハハハハハハハハハハハハハハハハハ",
          "codeValueReference4": "ハハハハハハハハハハハハハハハハハハハハハハハハハハハハハハハハハハハハハハハハハハハハハハハハハハハハハハハハハハハハハハハハハハハハハハハハハハハハハハハハハハハハハハハハハハハハハハハハハハハハハハハハハハハハハハハハハハハハハハハハハハハハハハハハハハハハハハハハハハハハハハハハハハハハハハハハハハハハハハハハハハハハハハハハハハハハハハハハハハハハハハハハハハハハハハハハハハハハハハハハハハハハハハハハハハハハハハハハハハハハハハハハハハハハハハハハハハハハハハハハハハハハハハハハハハハハハハハハハハハハハハハハハハハハハハハハハハハハハハハハハハハハハハハハハハハハハハハハハハハハハハハハハハハハハハハハハハハハハハハハハハハハハハハハハハハハハハハハハハハハハハハハハハハハハハハハハハハハハハハハハハハハハハハハハハハハハハハハハハハハハハハハハハハハハハハハハハハハハハハハハハハハハハハハハハハハハハハハハハハハハハハハハハハハハハハハハハハハハハハハハハハハハハハハハハハハハハハハハハハハハハハハハハハハハハハハハハハハハハハハハハハハハハハハハハハハハハハハハハハハハハハハハハハハハハハハハハハハハハハハハハハハハハハハハハハハハハハハハハハハハハハハハハハハハハハハハハハハハハハハハハハハハハハハハハハハハハハハハハハハハハハハハハハハハハハハハハハハハハハハ",
          "codeValueReference5": "ハハハハハハハハハハハハハハハハハハハハハハハハハハハハハハハハハハハハハハハハハハハハハハハハハハハハハハハハハハハハハハハハハハハハハハハハハハハハハハハハハハハハハハハハハハハハハハハハハハハハハハハハハハハハハハハハハハハハハハハハハハハハハハハハハハハハハハハハハハハハハハハハハハハハハハハハハハハハハハハハハハハハハハハハハハハハハハハハハハハハハハハハハハハハハハハハハハハハハハハハハハハハハハハハハハハハハハハハハハハハハハハハハハハハハハハハハハハハハハハハハハハハハハハハハハハハハハハハハハハハハハハハハハハハハハハハハハハハハハハハハハハハハハハハハハハハハハハハハハハハハハハハハハハハハハハハハハハハハハハハハハハハハハハハハハハハハハハハハハハハハハハハハハハハハハハハハハハハハハハハハハハハハハハハハハハハハハハハハハハハハハハハハハハハハハハハハハハハハハハハハハハハハハハハハハハハハハハハハハハハハハハハハハハハハハハハハハハハハハハハハハハハハハハハハハハハハハハハハハハハハハハハハハハハハハハハハハハハハハハハハハハハハハハハハハハハハハハハハハハハハハハハハハハハハハハハハハハハハハハハハハハハハハハハハハハハハハハハハハハハハハハハハハハハハハハハハハハハハハハハハハハハハハハハハハハハハハハハハハハハハハハハハハハハハハハハハハハハハハハハ"
        }
      ]
    }
  ],
  "errorList": []
}