ケース番号=No.031;実施開始時間=2021-10-20 22:37:40.216;実施終了時間=2021-10-20 22:37:40.778;実施結果=OK.
======以下はアクション毎の確認ログ。======
【実行結果=OK】【操作(DB準備)】【テーブル：idempotent_requests,DB状態：1】:開始時間=2021-10-20 22:37:40.217;終了時間=2021-10-20 22:37:40.227
【実行結果=OK】【操作(DB準備)】【テーブル：c_process_parameter,DB状態：1】:開始時間=2021-10-20 22:37:40.227;終了時間=2021-10-20 22:37:40.298
【実行結果=OK】【操作(DB準備)】【テーブル：c_email_function,DB状態：1】:開始時間=2021-10-20 22:37:40.298;終了時間=2021-10-20 22:37:40.366
【実行結果=OK】【操作(DB準備)】【テーブル：c_email_send_group,DB状態：1】:開始時間=2021-10-20 22:37:40.366;終了時間=2021-10-20 22:37:40.450
【実行結果=OK】【操作(DB準備)】【テーブル：c_email_to,DB状態：1】:開始時間=2021-10-20 22:37:40.450;終了時間=2021-10-20 22:37:40.533
【実行結果=OK】【操作(DB準備)】【テーブル：c_email_template,DB状態：1】:開始時間=2021-10-20 22:37:40.533;終了時間=2021-10-20 22:37:40.692
【実行結果=OK】【操作(api)】【/v1/gw-stop-shipment/reference】:開始時間=2021-10-20 22:37:40.692;終了時間=2021-10-20 22:37:40.693
【実行結果=OK】【操作(api)】【/internal/v1/product-classification/get-list】:開始時間=2021-10-20 22:37:40.693;終了時間=2021-10-20 22:37:40.693
【実行結果=OK】【操作(api)】【/internal/v1/reason-type/get-list】:開始時間=2021-10-20 22:37:40.693;終了時間=2021-10-20 22:37:40.694
【実行結果=OK】【操作(api)】【/internal/v1/customer/get-list】:開始時間=2021-10-20 22:37:40.694;終了時間=2021-10-20 22:37:40.694
【実行結果=OK】【操作(api)】【/internal/v1/supplier/get-list】:開始時間=2021-10-20 22:37:40.694;終了時間=2021-10-20 22:37:40.695
【実行結果=OK】【操作(api)】【/internal/v1/plant/get-list】:開始時間=2021-10-20 22:37:40.695;終了時間=2021-10-20 22:37:40.695
【実行結果=OK】【操作(api)】【/v1/mail-template/preview】:開始時間=2021-10-20 22:37:40.695;終了時間=2021-10-20 22:37:40.695
【実行結果=OK】【操作(api)】【/internal/v1/report/find】:開始時間=2021-10-20 22:37:40.695;終了時間=2021-10-20 22:37:40.696
【実行結果=OK】【操作(api)】【/internal/v1/report/print】:開始時間=2021-10-20 22:37:40.696;終了時間=2021-10-20 22:37:40.696
【実行結果=OK】【操作(api)】【/internal/v1/report/download】:開始時間=2021-10-20 22:37:40.696;終了時間=2021-10-20 22:37:40.696
【実行結果=OK】【操作(api)】【/v1/mail/send】:開始時間=2021-10-20 22:37:40.696;終了時間=2021-10-20 22:37:40.697
【実行結果=OK】【操作(api)】【/v1/gw-stop-shipment/save】:開始時間=2021-10-20 22:37:40.697;終了時間=2021-10-20 22:37:40.697
【実行結果=OK】【操作(api)】【印刷】:開始時間=2021-10-20 22:37:40.697;終了時間=2021-10-20 22:37:40.777
