ケース番号=No.006;実施開始時間=2021-10-20 22:37:11.449;実施終了時間=2021-10-20 22:37:12.222;実施結果=OK.
======以下はアクション毎の確認ログ。======
【実行結果=OK】【操作(DB準備)】【テーブル：idempotent_requests,DB状態：1】:開始時間=2021-10-20 22:37:11.451;終了時間=2021-10-20 22:37:11.516
【実行結果=OK】【操作(DB準備)】【テーブル：c_process_parameter,DB状態：1】:開始時間=2021-10-20 22:37:11.516;終了時間=2021-10-20 22:37:11.585
【実行結果=OK】【操作(DB準備)】【テーブル：c_email_function,DB状態：2】:開始時間=2021-10-20 22:37:11.585;終了時間=2021-10-20 22:37:11.651
【実行結果=OK】【操作(DB準備)】【テーブル：c_email_send_group,DB状態：2】:開始時間=2021-10-20 22:37:11.652;終了時間=2021-10-20 22:37:11.719
【実行結果=OK】【操作(DB準備)】【テーブル：c_email_to,DB状態：2】:開始時間=2021-10-20 22:37:11.719;終了時間=2021-10-20 22:37:11.784
【実行結果=OK】【操作(DB準備)】【テーブル：c_email_template,DB状態：2】:開始時間=2021-10-20 22:37:11.784;終了時間=2021-10-20 22:37:11.842
【実行結果=OK】【操作(api)】【/v1/gw-stop-shipment/reference】:開始時間=2021-10-20 22:37:11.842;終了時間=2021-10-20 22:37:11.843
【実行結果=OK】【操作(api)】【/internal/v1/product-classification/get-list】:開始時間=2021-10-20 22:37:11.843;終了時間=2021-10-20 22:37:11.844
【実行結果=OK】【操作(api)】【/internal/v1/reason-type/get-list】:開始時間=2021-10-20 22:37:11.844;終了時間=2021-10-20 22:37:11.844
【実行結果=OK】【操作(api)】【/internal/v1/customer/get-list】:開始時間=2021-10-20 22:37:11.844;終了時間=2021-10-20 22:37:11.845
【実行結果=OK】【操作(api)】【/internal/v1/supplier/get-list】:開始時間=2021-10-20 22:37:11.845;終了時間=2021-10-20 22:37:11.845
【実行結果=OK】【操作(api)】【/internal/v1/plant/get-list】:開始時間=2021-10-20 22:37:11.845;終了時間=2021-10-20 22:37:11.846
【実行結果=OK】【操作(api)】【/v1/mail-template/preview】:開始時間=2021-10-20 22:37:11.846;終了時間=2021-10-20 22:37:11.846
【実行結果=OK】【操作(api)】【/internal/v1/report/find】:開始時間=2021-10-20 22:37:11.846;終了時間=2021-10-20 22:37:11.846
【実行結果=OK】【操作(api)】【/internal/v1/report/print】:開始時間=2021-10-20 22:37:11.846;終了時間=2021-10-20 22:37:11.847
【実行結果=OK】【操作(api)】【/internal/v1/report/download】:開始時間=2021-10-20 22:37:11.847;終了時間=2021-10-20 22:37:11.847
【実行結果=OK】【操作(api)】【/v1/mail/send】:開始時間=2021-10-20 22:37:11.847;終了時間=2021-10-20 22:37:11.848
【実行結果=OK】【操作(api)】【/v1/gw-stop-shipment/save】:開始時間=2021-10-20 22:37:11.848;終了時間=2021-10-20 22:37:11.848
【実行結果=OK】【操作(api)】【印刷】:開始時間=2021-10-20 22:37:11.848;終了時間=2021-10-20 22:37:12.218
