■api名称：　登录
■api Request：　/internal/v1/stop-shipment/bulk-reference?offset=12&limit=22&sortby=sort1&sortby2=sort2
■api方法：　POST
■api Headers：　Content-Type=application/json&&User-Agent=PostmanRuntime/7.28.4&&Accept=*/*&&Accept-Encoding=gzip, deflate, br&&Connection=keep-alive&&x-Client-Program=test&&Idempotency-Key=4a037a9e-2500-4724-a005-997a1ab13a48&&Prefer=/v1/gw-stop-shipment/search->2&/internal/v1/product-classification/get-list->2&/internal/v1/plant/get-list->2&/internal/v1/supplier/get-list->2&/internal/v1/brand/get-list->2&/internal/v1/reason-type/get-list->1&/internal/v1/slip-type/get-list->2&/internal/v1/code/search->2
■api Body：　{  "businessSceneType": 11,  "plantCode": "stri",  "supplierCode": "95",  "stopShipmentArrivalDateFrom": "2019-01-01",  "stopShipmentArrivalDateTo": "2019-02-02",  "globalNumber": "CA000032000086",  "stopShipmentDateFrom": "2019-03-03",  "stopShipmentDateTo": "2019-04-04",  "customerCode": "BOSCH9",  "slipType": "1",  "slipSendType": "1",  "stopShipmentFlag": "0",  "supplierInvoiceNo": "swring",  "marketCode": "at",  "contactList": "2",  "registerUserId": "string",  "soStatusType": "2",  "inquiryObjectType": "s",  "storkCode": "st",  "shipmentMeansCode": "1",  "stockType": "",  "referenceMaxCount": 0}
■loginUser：　UserLoginInfo
■Response：：
{
  "count": 0,
  "stopShipmentAllList": [
    {
      "globalNumber": "12345678903232",
      "productCode": "stqing",
      "brandCode": "Bra2",
      "nativeBrandName": "Na2",
      "brandName": "En2",
      "contactList": "",
      "qty": 8,
      "supplierCode": "2shc",
      "supplierName": "co2",
      "marketCode": "e",
      "marketName": "3005",
      "plantCode": "pla2",
      "plantName": "prea",
      "supplyType": "n",
      "supplyTypeName": "3006",
      "storageLocationCode": "loc2",
      "storageLocationName": "lpq2",
      "slipType": "vs2",
      "slipTypeName": "Na2",
      "slipSendType": "p",
      "slipSendTypeName": "12j",
      "soArrivalDate": "2019-05-02",
      "soShipmentDate": "2019-05-01",
      "time": "14:15:22",
      "id": "stting",
      "soStatus": "3",
      "soStatusName": "3007",
      "stopShipmentFlag": "",
      "reasonType": "",
      "reasonTypeName": "",
      "getOriginDataType": "1"
    }
  ],
  "errorList": []
}