■api名称：　検索
■api Request：　/internal/v1/screen-field-display/get
■api方法：　POST
■api Headers：　Content-Type=application/json&&User-Agent=PostmanRuntime/7.28.4&&Accept=*/*&&Accept-Encoding=gzip, deflate, br&&Connection=keep-alive&&x-Client-Program=test&&x-Client-Program=test&&
■api Body：　{  "subsidiaryCode":"JPN",  "generalKeyList":[{      "olDisplayElementIdentifier":"st",      "generalKey1":"11111",      "generalKey2":"3000",      "generalKey3":"3001",      "generalKey4":"3002",      "generalKey5":"3003"  }]  }
■loginUser：　UserLoginInfo
■Response：：
{
  "ScreenFieldDisplayInternalList": [
    {
      "olDisplayElementIdentifier": "st",
      "ScreenFieldDisplayInternalListIdentifier": [
        {
          "generalKey1": "11111",
          "generalKey2": "3000",
          "generalKey3": "3001",
          "generalKey4": "3002",
          "generalKey5": "3003",
          "codeValueReference1": "3004",
          "codeValueReference2": "3005",
          "codeValueReference3": "3006",
          "codeValueReference4": "3007",
          "codeValueReference5": "3008"
        }
      ]
    }
  ],
  "errorList": []
}