ケース番号=No.014;実施開始時間=2021-10-20 22:37:20.676;実施終了時間=2021-10-20 22:37:21.469;実施結果=OK.
======以下はアクション毎の確認ログ。======
【実行結果=OK】【操作(DB準備)】【テーブル：idempotent_requests,DB状態：1】:開始時間=2021-10-20 22:37:20.678;終了時間=2021-10-20 22:37:20.717
【実行結果=OK】【操作(DB準備)】【テーブル：c_process_parameter,DB状態：1】:開始時間=2021-10-20 22:37:20.717;終了時間=2021-10-20 22:37:20.791
【実行結果=OK】【操作(DB準備)】【テーブル：c_email_function,DB状態：6】:開始時間=2021-10-20 22:37:20.791;終了時間=2021-10-20 22:37:20.858
【実行結果=OK】【操作(DB準備)】【テーブル：c_email_send_group,DB状態：6】:開始時間=2021-10-20 22:37:20.858;終了時間=2021-10-20 22:37:20.999
【実行結果=OK】【操作(DB準備)】【テーブル：c_email_to,DB状態：6】:開始時間=2021-10-20 22:37:20.999;終了時間=2021-10-20 22:37:21.076
【実行結果=OK】【操作(DB準備)】【テーブル：c_email_template,DB状態：6】:開始時間=2021-10-20 22:37:21.076;終了時間=2021-10-20 22:37:21.143
【実行結果=OK】【操作(api)】【/v1/gw-stop-shipment/reference】:開始時間=2021-10-20 22:37:21.143;終了時間=2021-10-20 22:37:21.148
【実行結果=OK】【操作(api)】【/internal/v1/product-classification/get-list】:開始時間=2021-10-20 22:37:21.148;終了時間=2021-10-20 22:37:21.149
【実行結果=OK】【操作(api)】【/internal/v1/reason-type/get-list】:開始時間=2021-10-20 22:37:21.149;終了時間=2021-10-20 22:37:21.150
【実行結果=OK】【操作(api)】【/internal/v1/customer/get-list】:開始時間=2021-10-20 22:37:21.150;終了時間=2021-10-20 22:37:21.152
【実行結果=OK】【操作(api)】【/internal/v1/supplier/get-list】:開始時間=2021-10-20 22:37:21.152;終了時間=2021-10-20 22:37:21.154
【実行結果=OK】【操作(api)】【/internal/v1/plant/get-list】:開始時間=2021-10-20 22:37:21.154;終了時間=2021-10-20 22:37:21.156
【実行結果=OK】【操作(api)】【/v1/mail-template/preview】:開始時間=2021-10-20 22:37:21.156;終了時間=2021-10-20 22:37:21.158
【実行結果=OK】【操作(api)】【/internal/v1/report/find】:開始時間=2021-10-20 22:37:21.158;終了時間=2021-10-20 22:37:21.159
【実行結果=OK】【操作(api)】【/internal/v1/report/print】:開始時間=2021-10-20 22:37:21.159;終了時間=2021-10-20 22:37:21.160
【実行結果=OK】【操作(api)】【/internal/v1/report/download】:開始時間=2021-10-20 22:37:21.160;終了時間=2021-10-20 22:37:21.161
【実行結果=OK】【操作(api)】【/v1/mail/send】:開始時間=2021-10-20 22:37:21.161;終了時間=2021-10-20 22:37:21.161
【実行結果=OK】【操作(api)】【/v1/gw-stop-shipment/save】:開始時間=2021-10-20 22:37:21.161;終了時間=2021-10-20 22:37:21.162
【実行結果=OK】【操作(api)】【印刷】:開始時間=2021-10-20 22:37:21.162;終了時間=2021-10-20 22:37:21.465
