■api名称：　登录
■api Request：　/internal/v1/non-payment-detail/get?subsidiaryCode=112&billToCode=123456&startIndex=1&responseCount=1&sortOrder=Due Date&invoiceStatus=Close
■api方法：　GET
■api Headers：　User-Agent=PostmanRuntime/7.28.4&&Accept=*/*&&Accept-Encoding=gzip, deflate, br&&Connection=keep-alive&&X-Client-Program=test&&Idempotency-Key=6a037a9e-2500-4724-a005-998a1ab13a46&&Prefer=/internal/v1/ccy/search->1
■api Body：　-
■loginUser：　UserLoginInfo
■api Response：{
  "billToData": {
    "billToName": "LiNMtWyEygnpCrDGffGIazQVbKQMYcLwSOBjbMCWAcKMRJeUWQXBBtFdDnFYeJjozngeYcWlfzLxABvrBkUNqpUuVNOJBNLVeqLTbCXTjkRpfXwvmBzasLvlXaIremnhDNnDZGRNOBKAbmfWhmOrUmEXqUGPfnoMEBrIWiaEIMjlsHiAIunTzyCOEkknTblpWCqPcKkK",
    "telNumber": "DDUNXeppdqbrAYLIvSuYnFZLaelsuPtbxZJMiYfDGZFuZwIvomKkLcvfPNld",
    "fax": "ZMIVcvUZVYFrAkKAoYlUOYaIcrwTTEexLfckbqyAkMLKsIbYBbdxgLguCzJu",
    "emailTo": "kbXJMIMcxqTfdOgYmpZwFWvAUiaHXYmOQqkbQdChZFNrHhntEUANfZeTpkuNhMLJEUYyujoHuZoYSJoUbvcBfJrnzObGDdKvBZAHKwMHMJFiHwWAytoTUGmrfoNpArcrFKVmKESdyeGbtXvJByxXpBuqfDuKuXLjfpwJqpamtAWctDNlzWzuZNQXzKefGxzPIjWuhdpRBxJCjEfuUxVrtqtgoBAnFARCMZcCLklonWNNUFsjKSyFzxfaIjvbviSG",
    "emailCc": "wqvloUXWyMewNNWneadgymbmUsCCTqbKduKPBGHgeYgbdNXRDtiuGqCxCPkyzQNMKGNZECFgEUGWONEskRkaJXuHanyqLHUpoKcyTHDJPvVLXDJnkKBBiVawmCqDRzgVgoJmVjkyelDeemLvNVYojGsBlNXrMuPQOeACfeOnXqilElziDSSBVOrpxOtFDJDAmOmOVQfLzGFUCPPILxUmSWUkGCkGwkUZrMaZyazrYnrbTiTJkTGbfbOYMPrqYzOQ",
    "sendMedia": "fR",
    "paymentTerms": "yTzJlzkPFIDTEtKQcmHQNyAyYLFpYftYWvuzhvJNfq",
    "tradeCurrency": "iUi",
    "mainBusinessUnitCode": "pkBf",
    "acceptanceExist": "t",
    "notePayableamount": 85586875969050512.323,
    "dunningLetterSendType": "w"
  },
  "noPaymentInfo": [
    {
      "invoiceNumber": "777",
      "invoiceDate": "2021-02-06",
      "paymentMeans": "2",
      "dunningLevel": "1",
      "paymentDueDate": "2021-09-10",
      "delayDays": "0",
      "nonPaymentAmount": 23.9,
      "billedAmount": 692.8,
      "incomingPaymentAmount": 23.3,
      "paymentCompleteDate": "2021-09-10",
      "delayReasonType": "3  ",
      "paymentTermss": "42",
      "dunningLetterSendMedia": "2",
      "updateTime": "2021-09-10T01:00:00+09:00",
      "updateUser": "256",
      "tradeStatus": "2 ",
      "reDate": "2021-09-10",
      "clearFlag": "1"
    }
  ],
  "errorList": []
}