ケース番号=No.002;実施開始時間=2021-10-11 13:37:16.731;実施終了時間=2021-10-11 13:37:17.174;実施結果=OK.
======以下はアクション毎の確認ログ。======
【実行結果=OK】【操作(DB準備)】【テーブル：c_process_parameter,DB状態：2】:開始時間=2021-10-11 13:37:16.738;終了時間=2021-10-11 13:37:16.800
【実行結果=OK】【操作(DB準備)】【テーブル：c_email_function,DB状態：2】:開始時間=2021-10-11 13:37:16.800;終了時間=2021-10-11 13:37:16.850
【実行結果=OK】【操作(DB準備)】【テーブル：c_email_send_group,DB状態：2】:開始時間=2021-10-11 13:37:16.850;終了時間=2021-10-11 13:37:16.925
【実行結果=OK】【操作(DB準備)】【テーブル：c_email_to,DB状態：2】:開始時間=2021-10-11 13:37:16.925;終了時間=2021-10-11 13:37:17.017
【実行結果=OK】【操作(DB準備)】【テーブル：c_email_template,DB状態：2】:開始時間=2021-10-11 13:37:17.017;終了時間=2021-10-11 13:37:17.074
【実行結果=OK】【操作(DB準備)】【テーブル：idempotent_requests,DB状態：1】:開始時間=2021-10-11 13:37:17.075;終了時間=2021-10-11 13:37:17.087
【実行結果=OK】【操作(api)】【/v1/gw-stop-shipment/reference】:開始時間=2021-10-11 13:37:17.087;終了時間=2021-10-11 13:37:17.088
【実行結果=OK】【操作(api)】【/internal/v1/product-classification/get-list】:開始時間=2021-10-11 13:37:17.088;終了時間=2021-10-11 13:37:17.089
【実行結果=OK】【操作(api)】【/internal/v1/reason-type/get-list】:開始時間=2021-10-11 13:37:17.089;終了時間=2021-10-11 13:37:17.089
【実行結果=OK】【操作(api)】【/internal/v1/supplier/get-list】:開始時間=2021-10-11 13:37:17.089;終了時間=2021-10-11 13:37:17.090
【実行結果=OK】【操作(api)】【/internal/v1/plant/get-list】:開始時間=2021-10-11 13:37:17.090;終了時間=2021-10-11 13:37:17.090
【実行結果=OK】【操作(api)】【/v1/mail-template/preview】:開始時間=2021-10-11 13:37:17.090;終了時間=2021-10-11 13:37:17.091
【実行結果=OK】【操作(api)】【/v1/report/find】:開始時間=2021-10-11 13:37:17.091;終了時間=2021-10-11 13:37:17.091
【実行結果=OK】【操作(api)】【/v1/report/print】:開始時間=2021-10-11 13:37:17.092;終了時間=2021-10-11 13:37:17.092
【実行結果=OK】【操作(api)】【/v1/report/download】:開始時間=2021-10-11 13:37:17.092;終了時間=2021-10-11 13:37:17.092
【実行結果=OK】【操作(api)】【/v1/mail/send】:開始時間=2021-10-11 13:37:17.092;終了時間=2021-10-11 13:37:17.093
【実行結果=OK】【操作(api)】【/v1/gw-stop-shipment/save】:開始時間=2021-10-11 13:37:17.093;終了時間=2021-10-11 13:37:17.093
【実行結果=OK】【操作(api)】【入力更新】:開始時間=2021-10-11 13:37:17.093;終了時間=2021-10-11 13:37:17.169
